;  LST file generated by mikroListExporter - v.2.0 
; Date/Time: 16/09/2024 17:14:35
;----------------------------------------------

;Address Opcode 	ASM
0x0000	0xF000EF0E  	GOTO        28
0x0004	0x0000      	NOP
0x0006	0x0000      	NOP
0x0008	0xF000EF00  	GOTO        0
0x000C	0x0000      	NOP
0x000E	0x0000      	NOP
0x0010	0x0000      	NOP
0x0012	0x0000      	NOP
0x0014	0x0000      	NOP
0x0016	0x0000      	NOP
0x0018	0xD7F3      	BRA         0
_main:
;MyProject.c,1 :: 		void main() {
;MyProject.c,2 :: 		char botaoEstado   = 0;
0x001C	0x6A15      	CLRF        main_botaoEstado_L0 
0x001E	0x6A16      	CLRF        main_botaoComutado_L0 
0x0020	0x6A17      	CLRF        main_ledEstado_L0 
;MyProject.c,6 :: 		PORTB.RBPU = 1;
0x0022	0x8E81      	BSF         PORTB, 7 
;MyProject.c,7 :: 		ADCON1 = 15;
0x0024	0x0E0F      	MOVLW       15
0x0026	0x6EC1      	MOVWF       ADCON1 
;MyProject.c,8 :: 		TRISB  = 1;
0x0028	0x0E01      	MOVLW       1
0x002A	0x6E93      	MOVWF       TRISB 
;MyProject.c,9 :: 		TRISA  = 0;
0x002C	0x6A92      	CLRF        TRISA 
;MyProject.c,12 :: 		for(;;){
L_main0:
;MyProject.c,14 :: 		if(PORTB & 1){
0x002E	0xA081      	BTFSS       PORTB, 0 
0x0030	0xD00C      	BRA         L_main3
;MyProject.c,15 :: 		botaoEstado = 1;
0x0032	0x0E01      	MOVLW       1
0x0034	0x6E15      	MOVWF       main_botaoEstado_L0 
;MyProject.c,16 :: 		delay_ms(10);   //debounce
0x0036	0x0E41      	MOVLW       65
0x0038	0x6E0C      	MOVWF       R12, 0
0x003A	0x0EEE      	MOVLW       238
0x003C	0x6E0D      	MOVWF       R13, 0
L_main4:
0x003E	0x2E0D      	DECFSZ      R13, 1, 0
0x0040	0xD7FE      	BRA         L_main4
0x0042	0x2E0C      	DECFSZ      R12, 1, 0
0x0044	0xD7FC      	BRA         L_main4
0x0046	0x0000      	NOP
;MyProject.c,17 :: 		}else{
0x0048	0xD00A      	BRA         L_main5
L_main3:
;MyProject.c,18 :: 		botaoEstado = 0;
0x004A	0x6A15      	CLRF        main_botaoEstado_L0 
;MyProject.c,19 :: 		delay_ms(10);  //debounce
0x004C	0x0E41      	MOVLW       65
0x004E	0x6E0C      	MOVWF       R12, 0
0x0050	0x0EEE      	MOVLW       238
0x0052	0x6E0D      	MOVWF       R13, 0
L_main6:
0x0054	0x2E0D      	DECFSZ      R13, 1, 0
0x0056	0xD7FE      	BRA         L_main6
0x0058	0x2E0C      	DECFSZ      R12, 1, 0
0x005A	0xD7FC      	BRA         L_main6
0x005C	0x0000      	NOP
;MyProject.c,20 :: 		}
L_main5:
;MyProject.c,22 :: 		if(botaoEstado == 1 && ledEstado == 0 && botaoComutado == 0){ //botao está pressionado, led está apagada e o botão ainda não foi pressionado
0x005E	0x5015      	MOVF        main_botaoEstado_L0, 0 
0x0060	0x0A01      	XORLW       1
0x0062	0xE10B      	BNZ         L_main9
0x0064	0x5017      	MOVF        main_ledEstado_L0, 0 
0x0066	0x0A00      	XORLW       0
0x0068	0xE108      	BNZ         L_main9
0x006A	0x5016      	MOVF        main_botaoComutado_L0, 0 
0x006C	0x0A00      	XORLW       0
0x006E	0xE105      	BNZ         L_main9
L__main19:
;MyProject.c,23 :: 		botaoComutado = 1; //botão foi pressionado.
0x0070	0x0E01      	MOVLW       1
0x0072	0x6E16      	MOVWF       main_botaoComutado_L0 
;MyProject.c,24 :: 		ledEstado = 1;     //acende led
0x0074	0x0E01      	MOVLW       1
0x0076	0x6E17      	MOVWF       main_ledEstado_L0 
;MyProject.c,25 :: 		}else if(botaoEstado == 1 && ledEstado == 1 && botaoComutado == 0){  //botao está pressionado, led está acesa e o botão ainda não foi pressionado
0x0078	0xD00C      	BRA         L_main10
L_main9:
0x007A	0x5015      	MOVF        main_botaoEstado_L0, 0 
0x007C	0x0A01      	XORLW       1
0x007E	0xE109      	BNZ         L_main13
0x0080	0x5017      	MOVF        main_ledEstado_L0, 0 
0x0082	0x0A01      	XORLW       1
0x0084	0xE106      	BNZ         L_main13
0x0086	0x5016      	MOVF        main_botaoComutado_L0, 0 
0x0088	0x0A00      	XORLW       0
0x008A	0xE103      	BNZ         L_main13
L__main18:
;MyProject.c,26 :: 		ledEstado = 0;    //apaga led
0x008C	0x6A17      	CLRF        main_ledEstado_L0 
;MyProject.c,27 :: 		botaoComutado = 1;   //botão foi pressionado.
0x008E	0x0E01      	MOVLW       1
0x0090	0x6E16      	MOVWF       main_botaoComutado_L0 
;MyProject.c,28 :: 		}
L_main13:
L_main10:
;MyProject.c,30 :: 		if(botaoComutado == 1 && !(PORTB & 1)){ //botão que tinha sido pressionado foi comutado
0x0092	0x5016      	MOVF        main_botaoComutado_L0, 0 
0x0094	0x0A01      	XORLW       1
0x0096	0xE102      	BNZ         L_main16
0x0098	0xA081      	BTFSS       PORTB, 0 
L__main17:
;MyProject.c,31 :: 		botaoComutado = 0;
0x009A	0x6A16      	CLRF        main_botaoComutado_L0 
;MyProject.c,32 :: 		}
L_main16:
;MyProject.c,34 :: 		LATA = ledEstado;
0x009C	0xFF89C017  	MOVFF       main_ledEstado_L0, LATA
;MyProject.c,36 :: 		}
0x00A0	0xD7C6      	BRA         L_main0
;MyProject.c,39 :: 		}
L_end_main:
0x00A2	0xD7FF      	BRA         $+0
; end of _main
Symbol List:
//** Routines locations **
//ADDRESS    SIZE    PROCEDURE
//----------------------------------------------
0x001C     [136]    _main
//** Variables locations ** 
//ADDRESS    SIZE    VARIABLE
//----------------------------------------------
0x0000       [1]    R0
0x0001       [1]    R1
0x0002       [1]    R2
0x0003       [1]    R3
0x0004       [1]    R4
0x0005       [1]    R5
0x0006       [1]    R6
0x0007       [1]    R7
0x0008       [1]    R8
0x0009       [1]    R9
0x000A       [1]    R10
0x000B       [1]    R11
0x000C       [1]    R12
0x000D       [1]    R13
0x000E       [1]    R14
0x000F       [1]    R15
0x0010       [1]    R16
0x0011       [1]    R17
0x0012       [1]    R18
0x0013       [1]    R19
0x0014       [1]    R20
0x0015       [1]    main_botaoEstado_L0
0x0016       [1]    main_botaoComutado_L0
0x0017       [1]    main_ledEstado_L0
0x0F81       [1]    PORTB
0x0F89       [1]    LATA
0x0F92       [1]    TRISA
0x0F93       [1]    TRISB
0x0FC1       [1]    ADCON1
0x0FD8       [1]    STATUS
0x0FD9       [1]    FSR2L
0x0FDA       [1]    FSR2H
0x0FDE       [1]    POSTINC2
0x0FE0       [1]    BSR
0x0FE1       [1]    FSR1L
0x0FE2       [1]    FSR1H
0x0FE4       [1]    PREINC1
0x0FE6       [1]    POSTINC1
0x0FE7       [1]    INDF1
0x0FE8       [1]    WREG
0x0FE9       [1]    FSR0L
0x0FEA       [1]    FSR0H
0x0FEE       [1]    POSTINC0
0x0FF3       [1]    PRODL
0x0FF4       [1]    PRODH
0x0FF5       [1]    TABLAT
0x0FF6       [1]    TBLPTRL
0x0FF7       [1]    TBLPTRH
0x0FF8       [1]    TBLPTRU
