;  LST file generated by mikroListExporter - v.2.0 
; Date/Time: 07/11/2024 19:06:30
;----------------------------------------------

;Address Opcode 	ASM
0x0000	0xF002EF35  	GOTO        1130
_interrupt:
;Interrupts.c,27 :: 		void interrupt(){
;Interrupts.c,28 :: 		if(INTCON.INT0IF){
0x0008	0xA2F2      	BTFSS       INTCON, 1 
0x000A	0xD004      	BRA         L_interrupt0
;Interrupts.c,29 :: 		INTCON.INT0IF = 0;
0x000C	0x92F2      	BCF         INTCON, 1 
;Interrupts.c,30 :: 		INTCON.INT0IE = 0;
0x000E	0x98F2      	BCF         INTCON, 4 
;Interrupts.c,31 :: 		counter++;
0x0010	0x4A15      	INFSNZ      _counter, 1 
0x0012	0x2A16      	INCF        _counter+1, 1 
;Interrupts.c,32 :: 		}
L_interrupt0:
;Interrupts.c,34 :: 		}
L_end_interrupt:
L__interrupt19:
0x0014	0x0011      	RETFIE      1
; end of _interrupt
_Delay_5500us:
;__Lib_Delays.c,31 :: 		void Delay_5500us() {
;__Lib_Delays.c,32 :: 		Delay_us(5500);
0x0016	0x0E24      	MOVLW       36
0x0018	0x6E0C      	MOVWF       R12, 0
0x001A	0x0EB5      	MOVLW       181
0x001C	0x6E0D      	MOVWF       R13, 0
L_Delay_5500us5:
0x001E	0x2E0D      	DECFSZ      R13, 1, 0
0x0020	0xD7FE      	BRA         L_Delay_5500us5
0x0022	0x2E0C      	DECFSZ      R12, 1, 0
0x0024	0xD7FC      	BRA         L_Delay_5500us5
0x0026	0x0000      	NOP
0x0028	0x0000      	NOP
;__Lib_Delays.c,33 :: 		}
L_end_Delay_5500us:
0x002A	0x0012      	RETURN      0
; end of _Delay_5500us
_Delay_1us:
;__Lib_Delays.c,7 :: 		void Delay_1us() {
;__Lib_Delays.c,8 :: 		Delay_us(1);
0x002C	0x0000      	NOP
0x002E	0x0000      	NOP
0x0030	0x0000      	NOP
0x0032	0x0000      	NOP
0x0034	0x0000      	NOP
;__Lib_Delays.c,9 :: 		}
L_end_Delay_1us:
0x0036	0x0012      	RETURN      0
; end of _Delay_1us
_Delay_50us:
;__Lib_Delays.c,19 :: 		void Delay_50us() {
;__Lib_Delays.c,20 :: 		Delay_us(50);
0x0038	0x0E53      	MOVLW       83
0x003A	0x6E0D      	MOVWF       R13, 0
L_Delay_50us2:
0x003C	0x2E0D      	DECFSZ      R13, 1, 0
0x003E	0xD7FE      	BRA         L_Delay_50us2
;__Lib_Delays.c,21 :: 		}
L_end_Delay_50us:
0x0040	0x0012      	RETURN      0
; end of _Delay_50us
_Lcd_Cmd:
;__Lib_Lcd.c,18 :: 		
;__Lib_Lcd.c,20 :: 		
0x0042	0xBE51      	BTFSC       FARG_Lcd_Cmd_out_char, 7 
0x0044	0xD002      	BRA         L__Lcd_Cmd21
0x0046	0x9E83      	BCF         LCD_D7, BitPos(LCD_D7+0) 
0x0048	0xD001      	BRA         L__Lcd_Cmd22
L__Lcd_Cmd21:
0x004A	0x8E83      	BSF         LCD_D7, BitPos(LCD_D7+0) 
L__Lcd_Cmd22:
;__Lib_Lcd.c,21 :: 		
0x004C	0xBC51      	BTFSC       FARG_Lcd_Cmd_out_char, 6 
0x004E	0xD002      	BRA         L__Lcd_Cmd23
0x0050	0x9C83      	BCF         LCD_D6, BitPos(LCD_D6+0) 
0x0052	0xD001      	BRA         L__Lcd_Cmd24
L__Lcd_Cmd23:
0x0054	0x8C83      	BSF         LCD_D6, BitPos(LCD_D6+0) 
L__Lcd_Cmd24:
;__Lib_Lcd.c,22 :: 		
0x0056	0xBA51      	BTFSC       FARG_Lcd_Cmd_out_char, 5 
0x0058	0xD002      	BRA         L__Lcd_Cmd25
0x005A	0x9A83      	BCF         LCD_D5, BitPos(LCD_D5+0) 
0x005C	0xD001      	BRA         L__Lcd_Cmd26
L__Lcd_Cmd25:
0x005E	0x8A83      	BSF         LCD_D5, BitPos(LCD_D5+0) 
L__Lcd_Cmd26:
;__Lib_Lcd.c,23 :: 		
0x0060	0xB851      	BTFSC       FARG_Lcd_Cmd_out_char, 4 
0x0062	0xD002      	BRA         L__Lcd_Cmd27
0x0064	0x9883      	BCF         LCD_D4, BitPos(LCD_D4+0) 
0x0066	0xD001      	BRA         L__Lcd_Cmd28
L__Lcd_Cmd27:
0x0068	0x8883      	BSF         LCD_D4, BitPos(LCD_D4+0) 
L__Lcd_Cmd28:
;__Lib_Lcd.c,25 :: 		
0x006A	0xB03E      	BTFSC       __Lib_Lcd_cmd_status, BitPos(__Lib_Lcd_cmd_status+0) 
0x006C	0xD002      	BRA         L__Lcd_Cmd29
0x006E	0x8084      	BSF         LCD_RS, BitPos(LCD_RS+0) 
0x0070	0xD001      	BRA         L__Lcd_Cmd30
L__Lcd_Cmd29:
0x0072	0x9084      	BCF         LCD_RS, BitPos(LCD_RS+0) 
L__Lcd_Cmd30:
;__Lib_Lcd.c,28 :: 		
0x0074	0x8484      	BSF         LCD_EN, BitPos(LCD_EN+0) 
;__Lib_Lcd.c,29 :: 		
0x0076	0xDFDA      	RCALL       _Delay_1us
;__Lib_Lcd.c,30 :: 		
0x0078	0x9484      	BCF         LCD_EN, BitPos(LCD_EN+0) 
;__Lib_Lcd.c,33 :: 		
0x007A	0xB651      	BTFSC       FARG_Lcd_Cmd_out_char, 3 
0x007C	0xD002      	BRA         L__Lcd_Cmd31
0x007E	0x9E83      	BCF         LCD_D7, BitPos(LCD_D7+0) 
0x0080	0xD001      	BRA         L__Lcd_Cmd32
L__Lcd_Cmd31:
0x0082	0x8E83      	BSF         LCD_D7, BitPos(LCD_D7+0) 
L__Lcd_Cmd32:
;__Lib_Lcd.c,34 :: 		
0x0084	0xB451      	BTFSC       FARG_Lcd_Cmd_out_char, 2 
0x0086	0xD002      	BRA         L__Lcd_Cmd33
0x0088	0x9C83      	BCF         LCD_D6, BitPos(LCD_D6+0) 
0x008A	0xD001      	BRA         L__Lcd_Cmd34
L__Lcd_Cmd33:
0x008C	0x8C83      	BSF         LCD_D6, BitPos(LCD_D6+0) 
L__Lcd_Cmd34:
;__Lib_Lcd.c,35 :: 		
0x008E	0xB251      	BTFSC       FARG_Lcd_Cmd_out_char, 1 
0x0090	0xD002      	BRA         L__Lcd_Cmd35
0x0092	0x9A83      	BCF         LCD_D5, BitPos(LCD_D5+0) 
0x0094	0xD001      	BRA         L__Lcd_Cmd36
L__Lcd_Cmd35:
0x0096	0x8A83      	BSF         LCD_D5, BitPos(LCD_D5+0) 
L__Lcd_Cmd36:
;__Lib_Lcd.c,36 :: 		
0x0098	0xB051      	BTFSC       FARG_Lcd_Cmd_out_char, 0 
0x009A	0xD002      	BRA         L__Lcd_Cmd37
0x009C	0x9883      	BCF         LCD_D4, BitPos(LCD_D4+0) 
0x009E	0xD001      	BRA         L__Lcd_Cmd38
L__Lcd_Cmd37:
0x00A0	0x8883      	BSF         LCD_D4, BitPos(LCD_D4+0) 
L__Lcd_Cmd38:
;__Lib_Lcd.c,38 :: 		
0x00A2	0xB03E      	BTFSC       __Lib_Lcd_cmd_status, BitPos(__Lib_Lcd_cmd_status+0) 
0x00A4	0xD002      	BRA         L__Lcd_Cmd39
0x00A6	0x8084      	BSF         LCD_RS, BitPos(LCD_RS+0) 
0x00A8	0xD001      	BRA         L__Lcd_Cmd40
L__Lcd_Cmd39:
0x00AA	0x9084      	BCF         LCD_RS, BitPos(LCD_RS+0) 
L__Lcd_Cmd40:
;__Lib_Lcd.c,40 :: 		
0x00AC	0x8484      	BSF         LCD_EN, BitPos(LCD_EN+0) 
;__Lib_Lcd.c,41 :: 		
0x00AE	0xDFBE      	RCALL       _Delay_1us
;__Lib_Lcd.c,42 :: 		
0x00B0	0x9484      	BCF         LCD_EN, BitPos(LCD_EN+0) 
;__Lib_Lcd.c,44 :: 		
0x00B2	0xA03E      	BTFSS       __Lib_Lcd_cmd_status, BitPos(__Lib_Lcd_cmd_status+0) 
0x00B4	0xD002      	BRA         L_Lcd_Cmd0
;__Lib_Lcd.c,45 :: 		
0x00B6	0xDFAF      	RCALL       _Delay_5500us
0x00B8	0xD001      	BRA         L_Lcd_Cmd1
L_Lcd_Cmd0:
;__Lib_Lcd.c,47 :: 		
0x00BA	0xDFBE      	RCALL       _Delay_50us
L_Lcd_Cmd1:
;__Lib_Lcd.c,48 :: 		
L_end_Lcd_Cmd:
0x00BC	0x0012      	RETURN      0
; end of _Lcd_Cmd
_Div_16X16_U:
;__Lib_Math.c,102 :: 		
;__Lib_Math.c,109 :: 		
0x00BE	0x6A08      	CLRF        R8, 0
;__Lib_Math.c,110 :: 		
0x00C0	0x6A09      	CLRF        R9, 0
;__Lib_Math.c,111 :: 		
0x00C2	0x0E10      	MOVLW       16
;__Lib_Math.c,112 :: 		
0x00C4	0x6E0C      	MOVWF       R12, 0
;__Lib_Math.c,113 :: 		
0x00C6	0x3401      	RLCF        R1, 0, 0
;__Lib_Math.c,114 :: 		
0x00C8	0x3608      	RLCF        R8, 1, 0
;__Lib_Math.c,115 :: 		
0x00CA	0x3609      	RLCF        R9, 1, 0
;__Lib_Math.c,116 :: 		
0x00CC	0x5004      	MOVF        R4, 0, 0
;__Lib_Math.c,117 :: 		
0x00CE	0x5E08      	SUBWF       R8, 1, 0
;__Lib_Math.c,118 :: 		
0x00D0	0x5005      	MOVF        R5, 0, 0
;__Lib_Math.c,119 :: 		
0x00D2	0xA0D8      	BTFSS       STATUS, 0, 0
;__Lib_Math.c,120 :: 		
0x00D4	0x3C05      	INCFSZ      R5, 0, 0
;__Lib_Math.c,121 :: 		
0x00D6	0x5E09      	SUBWF       R9, 1, 0
;__Lib_Math.c,122 :: 		
0x00D8	0xB0D8      	BTFSC       STATUS, 0, 0
;__Lib_Math.c,123 :: 		
0x00DA	0xD007      	BRA         $+16
;__Lib_Math.c,124 :: 		
0x00DC	0x5004      	MOVF        R4, 0, 0
;__Lib_Math.c,125 :: 		
0x00DE	0x2608      	ADDWF       R8, 1, 0
;__Lib_Math.c,126 :: 		
0x00E0	0x5005      	MOVF        R5, 0, 0
;__Lib_Math.c,127 :: 		
0x00E2	0xB0D8      	BTFSC       STATUS, 0, 0
;__Lib_Math.c,128 :: 		
0x00E4	0x3C05      	INCFSZ      R5, 0, 0
;__Lib_Math.c,129 :: 		
0x00E6	0x2609      	ADDWF       R9, 1, 0
;__Lib_Math.c,130 :: 		
0x00E8	0x90D8      	BCF         STATUS, 0, 0
;__Lib_Math.c,131 :: 		
0x00EA	0x3600      	RLCF        R0, 1, 0
;__Lib_Math.c,132 :: 		
0x00EC	0x3601      	RLCF        R1, 1, 0
;__Lib_Math.c,133 :: 		
0x00EE	0x2E0C      	DECFSZ      R12, 1, 0
;__Lib_Math.c,134 :: 		
0x00F0	0xD7EA      	BRA         $-42
;__Lib_Math.c,136 :: 		
L_end_Div_16X16_U:
0x00F2	0x0012      	RETURN      0
; end of _Div_16X16_U
_Lcd_Chr_CP:
;__Lib_Lcd.c,50 :: 		
;__Lib_Lcd.c,52 :: 		
0x00F4	0x903E      	BCF         __Lib_Lcd_cmd_status, BitPos(__Lib_Lcd_cmd_status+0) 
;__Lib_Lcd.c,53 :: 		
0x00F6	0xF051C050  	MOVFF       FARG_Lcd_Chr_CP_out_char, FARG_Lcd_Cmd_out_char
0x00FA	0xDFA3      	RCALL       _Lcd_Cmd
;__Lib_Lcd.c,54 :: 		
0x00FC	0x803E      	BSF         __Lib_Lcd_cmd_status, BitPos(__Lib_Lcd_cmd_status+0) 
;__Lib_Lcd.c,55 :: 		
L_end_Lcd_Chr_CP:
0x00FE	0x0012      	RETURN      0
; end of _Lcd_Chr_CP
_Lcd_Out:
;__Lib_Lcd.c,184 :: 		
;__Lib_Lcd.c,187 :: 		
0x0100	0xD00F      	BRA         L_Lcd_Out11
;__Lib_Lcd.c,188 :: 		
L_Lcd_Out13:
0x0102	0x0E80      	MOVLW       128
0x0104	0x6E49      	MOVWF       FARG_Lcd_Out_row 
0x0106	0xD019      	BRA         L_Lcd_Out12
;__Lib_Lcd.c,189 :: 		
L_Lcd_Out14:
0x0108	0x0EC0      	MOVLW       192
0x010A	0x6E49      	MOVWF       FARG_Lcd_Out_row 
0x010C	0xD016      	BRA         L_Lcd_Out12
;__Lib_Lcd.c,190 :: 		
L_Lcd_Out15:
0x010E	0x0E94      	MOVLW       148
0x0110	0x6E49      	MOVWF       FARG_Lcd_Out_row 
0x0112	0xD013      	BRA         L_Lcd_Out12
;__Lib_Lcd.c,191 :: 		
L_Lcd_Out16:
0x0114	0x0ED4      	MOVLW       212
0x0116	0x6E49      	MOVWF       FARG_Lcd_Out_row 
0x0118	0xD010      	BRA         L_Lcd_Out12
;__Lib_Lcd.c,192 :: 		
L_Lcd_Out17:
0x011A	0x0E80      	MOVLW       128
0x011C	0x6E49      	MOVWF       FARG_Lcd_Out_row 
;__Lib_Lcd.c,193 :: 		
0x011E	0xD00D      	BRA         L_Lcd_Out12
L_Lcd_Out11:
0x0120	0x5049      	MOVF        FARG_Lcd_Out_row, 0 
0x0122	0x0A01      	XORLW       1
0x0124	0xE0EE      	BZ          L_Lcd_Out13
0x0126	0x5049      	MOVF        FARG_Lcd_Out_row, 0 
0x0128	0x0A02      	XORLW       2
0x012A	0xE0EE      	BZ          L_Lcd_Out14
0x012C	0x5049      	MOVF        FARG_Lcd_Out_row, 0 
0x012E	0x0A03      	XORLW       3
0x0130	0xE0EE      	BZ          L_Lcd_Out15
0x0132	0x5049      	MOVF        FARG_Lcd_Out_row, 0 
0x0134	0x0A04      	XORLW       4
0x0136	0xE0EE      	BZ          L_Lcd_Out16
0x0138	0xD7F0      	BRA         L_Lcd_Out17
L_Lcd_Out12:
;__Lib_Lcd.c,194 :: 		
0x013A	0x044A      	DECF        FARG_Lcd_Out_column, 0 
0x013C	0x6E00      	MOVWF       R0 
0x013E	0x5049      	MOVF        FARG_Lcd_Out_row, 0 
0x0140	0x2600      	ADDWF       R0, 1 
0x0142	0xF049C000  	MOVFF       R0, FARG_Lcd_Out_row
;__Lib_Lcd.c,196 :: 		
0x0146	0xF051C000  	MOVFF       R0, FARG_Lcd_Cmd_out_char
0x014A	0xDF7B      	RCALL       _Lcd_Cmd
;__Lib_Lcd.c,197 :: 		
0x014C	0x903E      	BCF         __Lib_Lcd_cmd_status, BitPos(__Lib_Lcd_cmd_status+0) 
;__Lib_Lcd.c,198 :: 		
0x014E	0x6A4D      	CLRF        Lcd_Out_i_L0 
;__Lib_Lcd.c,199 :: 		
L_Lcd_Out18:
0x0150	0x504D      	MOVF        Lcd_Out_i_L0, 0 
0x0152	0x244B      	ADDWF       FARG_Lcd_Out_text, 0 
0x0154	0x6EE9      	MOVWF       FSR0L 
0x0156	0x0E00      	MOVLW       0
0x0158	0x204C      	ADDWFC      FARG_Lcd_Out_text+1, 0 
0x015A	0x6EEA      	MOVWF       FSR0L+1 
0x015C	0x52EE      	MOVF        POSTINC0, 1 
0x015E	0xE00B      	BZ          L_Lcd_Out19
;__Lib_Lcd.c,200 :: 		
0x0160	0x504D      	MOVF        Lcd_Out_i_L0, 0 
0x0162	0x244B      	ADDWF       FARG_Lcd_Out_text, 0 
0x0164	0x6EE9      	MOVWF       FSR0L 
0x0166	0x0E00      	MOVLW       0
0x0168	0x204C      	ADDWFC      FARG_Lcd_Out_text+1, 0 
0x016A	0x6EEA      	MOVWF       FSR0L+1 
0x016C	0xF050CFEE  	MOVFF       POSTINC0, FARG_Lcd_Chr_CP_out_char
0x0170	0xDFC1      	RCALL       _Lcd_Chr_CP
0x0172	0x2A4D      	INCF        Lcd_Out_i_L0, 1 
0x0174	0xD7ED      	BRA         L_Lcd_Out18
L_Lcd_Out19:
;__Lib_Lcd.c,201 :: 		
0x0176	0x803E      	BSF         __Lib_Lcd_cmd_status, BitPos(__Lib_Lcd_cmd_status+0) 
;__Lib_Lcd.c,202 :: 		
L_end_Lcd_Out:
0x0178	0x0012      	RETURN      0
; end of _Lcd_Out
_WordToStr:
;__Lib_Conversions.c,98 :: 		
;__Lib_Conversions.c,103 :: 		
0x017A	0x6A4D      	CLRF        WordToStr_len_L0 
L_WordToStr11:
0x017C	0x0E05      	MOVLW       5
0x017E	0x5C4D      	SUBWF       WordToStr_len_L0, 0 
0x0180	0xE20A      	BC          L_WordToStr12
;__Lib_Conversions.c,104 :: 		
0x0182	0x504D      	MOVF        WordToStr_len_L0, 0 
0x0184	0x244B      	ADDWF       FARG_WordToStr_output, 0 
0x0186	0x6EE1      	MOVWF       FSR1L 
0x0188	0x0E00      	MOVLW       0
0x018A	0x204C      	ADDWFC      FARG_WordToStr_output+1, 0 
0x018C	0x6EE2      	MOVWF       FSR1L+1 
0x018E	0x0E20      	MOVLW       32
0x0190	0x6EE6      	MOVWF       POSTINC1 
;__Lib_Conversions.c,103 :: 		
0x0192	0x2A4D      	INCF        WordToStr_len_L0, 1 
;__Lib_Conversions.c,104 :: 		
0x0194	0xD7F3      	BRA         L_WordToStr11
L_WordToStr12:
;__Lib_Conversions.c,105 :: 		
0x0196	0x504D      	MOVF        WordToStr_len_L0, 0 
0x0198	0x244B      	ADDWF       FARG_WordToStr_output, 0 
0x019A	0x6EE1      	MOVWF       FSR1L 
0x019C	0x0E00      	MOVLW       0
0x019E	0x204C      	ADDWFC      FARG_WordToStr_output+1, 0 
0x01A0	0x6EE2      	MOVWF       FSR1L+1 
0x01A2	0x6AE6      	CLRF        POSTINC1 
0x01A4	0x064D      	DECF        WordToStr_len_L0, 1 
;__Lib_Conversions.c,107 :: 		
L_WordToStr14:
;__Lib_Conversions.c,108 :: 		
0x01A6	0x504D      	MOVF        WordToStr_len_L0, 0 
0x01A8	0x244B      	ADDWF       FARG_WordToStr_output, 0 
0x01AA	0x6E4E      	MOVWF       FLOC__WordToStr 
0x01AC	0x0E00      	MOVLW       0
0x01AE	0x204C      	ADDWFC      FARG_WordToStr_output+1, 0 
0x01B0	0x6E4F      	MOVWF       FLOC__WordToStr+1 
0x01B2	0x0E0A      	MOVLW       10
0x01B4	0x6E04      	MOVWF       R4 
0x01B6	0x0E00      	MOVLW       0
0x01B8	0x6E05      	MOVWF       R5 
0x01BA	0xF000C049  	MOVFF       FARG_WordToStr_input, R0
0x01BE	0xF001C04A  	MOVFF       FARG_WordToStr_input+1, R1
0x01C2	0xDF7D      	RCALL       _Div_16X16_U
0x01C4	0xF000C008  	MOVFF       R8, R0
0x01C8	0xF001C009  	MOVFF       R9, R1
0x01CC	0x0E30      	MOVLW       48
0x01CE	0x2600      	ADDWF       R0, 1 
0x01D0	0xFFE1C04E  	MOVFF       FLOC__WordToStr, FSR1L
0x01D4	0xFFE2C04F  	MOVFF       FLOC__WordToStr+1, FSR1H
0x01D8	0xFFE6C000  	MOVFF       R0, POSTINC1
;__Lib_Conversions.c,109 :: 		
0x01DC	0x0E0A      	MOVLW       10
0x01DE	0x6E04      	MOVWF       R4 
0x01E0	0x0E00      	MOVLW       0
0x01E2	0x6E05      	MOVWF       R5 
0x01E4	0xF000C049  	MOVFF       FARG_WordToStr_input, R0
0x01E8	0xF001C04A  	MOVFF       FARG_WordToStr_input+1, R1
0x01EC	0xDF68      	RCALL       _Div_16X16_U
0x01EE	0xF049C000  	MOVFF       R0, FARG_WordToStr_input
0x01F2	0xF04AC001  	MOVFF       R1, FARG_WordToStr_input+1
;__Lib_Conversions.c,110 :: 		
0x01F6	0x0E00      	MOVLW       0
0x01F8	0x1801      	XORWF       R1, 0 
0x01FA	0xE102      	BNZ         L__WordToStr379
0x01FC	0x0E00      	MOVLW       0
0x01FE	0x1800      	XORWF       R0, 0 
L__WordToStr379:
0x0200	0xE101      	BNZ         L_WordToStr16
;__Lib_Conversions.c,111 :: 		
0x0202	0xD002      	BRA         L_WordToStr15
L_WordToStr16:
;__Lib_Conversions.c,112 :: 		
0x0204	0x064D      	DECF        WordToStr_len_L0, 1 
;__Lib_Conversions.c,113 :: 		
0x0206	0xD7CF      	BRA         L_WordToStr14
L_WordToStr15:
;__Lib_Conversions.c,114 :: 		
L_end_WordToStr:
0x0208	0x0012      	RETURN      0
; end of _WordToStr
_screen3:
;Interrupts.c,100 :: 		void screen3(){
;Interrupts.c,101 :: 		if(lastScreen != 2){
0x020A	0x5022      	MOVF        _lastScreen, 0 
0x020C	0x0A02      	XORLW       2
0x020E	0xE00E      	BZ          L_screen317
;Interrupts.c,102 :: 		lastScreen = 2;
0x0210	0x0E02      	MOVLW       2
0x0212	0x6E22      	MOVWF       _lastScreen 
;Interrupts.c,103 :: 		lcd_cmd(_LCD_CLEAR);
0x0214	0x0E01      	MOVLW       1
0x0216	0x6E51      	MOVWF       FARG_Lcd_Cmd_out_char 
0x0218	0xDF14      	RCALL       _Lcd_Cmd
;Interrupts.c,104 :: 		lcd_out(1,1,"Manutencao");
0x021A	0x0E01      	MOVLW       1
0x021C	0x6E49      	MOVWF       FARG_Lcd_Out_row 
0x021E	0x0E01      	MOVLW       1
0x0220	0x6E4A      	MOVWF       FARG_Lcd_Out_column 
0x0222	0x0E17      	MOVLW       ?lstr3_Interrupts
0x0224	0x6E4B      	MOVWF       FARG_Lcd_Out_text 
0x0226	0x0E00      	MOVLW       hi_addr(?lstr3_Interrupts)
0x0228	0x6E4C      	MOVWF       FARG_Lcd_Out_text+1 
0x022A	0xDF6A      	RCALL       _Lcd_Out
;Interrupts.c,105 :: 		}
L_screen317:
;Interrupts.c,106 :: 		}
L_end_screen3:
0x022C	0x0012      	RETURN      0
; end of _screen3
___CC2DW:
;__Lib_System.c,21 :: 		
;__Lib_System.c,23 :: 		
_CC2DL_Loop1:
;__Lib_System.c,24 :: 		
0x022E	0x0009      	TBLRD*+
;__Lib_System.c,25 :: 		
0x0230	0xFFE6CFF5  	MOVFF       TABLAT, POSTINC1
;__Lib_System.c,26 :: 		
0x0234	0x0600      	DECF        R0, 1, 0
;__Lib_System.c,27 :: 		
0x0236	0xE1FB      	BNZ         _CC2DL_Loop1
;__Lib_System.c,28 :: 		
0x0238	0x0601      	DECF        R1, 1, 0
;__Lib_System.c,29 :: 		
0x023A	0xE1F9      	BNZ         _CC2DL_Loop1
;__Lib_System.c,31 :: 		
L_end___CC2DW:
0x023C	0x0012      	RETURN      0
; end of ___CC2DW
_Lcd_Init:
;__Lib_Lcd.c,84 :: 		
;__Lib_Lcd.c,86 :: 		
0x023E	0x9496      	BCF         LCD_EN_Direction, BitPos(LCD_EN_Direction+0) 
;__Lib_Lcd.c,87 :: 		
0x0240	0x9096      	BCF         LCD_RS_Direction, BitPos(LCD_RS_Direction+0) 
;__Lib_Lcd.c,88 :: 		
0x0242	0x9895      	BCF         LCD_D4_Direction, BitPos(LCD_D4_Direction+0) 
;__Lib_Lcd.c,89 :: 		
0x0244	0x9A95      	BCF         LCD_D5_Direction, BitPos(LCD_D5_Direction+0) 
;__Lib_Lcd.c,90 :: 		
0x0246	0x9C95      	BCF         LCD_D6_Direction, BitPos(LCD_D6_Direction+0) 
;__Lib_Lcd.c,91 :: 		
0x0248	0x9E95      	BCF         LCD_D7_Direction, BitPos(LCD_D7_Direction+0) 
;__Lib_Lcd.c,93 :: 		
0x024A	0x9484      	BCF         LCD_EN, BitPos(LCD_EN+0) 
;__Lib_Lcd.c,94 :: 		
0x024C	0x9084      	BCF         LCD_RS, BitPos(LCD_RS+0) 
;__Lib_Lcd.c,95 :: 		
0x024E	0x9E83      	BCF         LCD_D7, BitPos(LCD_D7+0) 
;__Lib_Lcd.c,96 :: 		
0x0250	0x9C83      	BCF         LCD_D6, BitPos(LCD_D6+0) 
;__Lib_Lcd.c,97 :: 		
0x0252	0x9A83      	BCF         LCD_D5, BitPos(LCD_D5+0) 
;__Lib_Lcd.c,98 :: 		
0x0254	0x9883      	BCF         LCD_D4, BitPos(LCD_D4+0) 
;__Lib_Lcd.c,100 :: 		
0x0256	0xDEDF      	RCALL       _Delay_5500us
;__Lib_Lcd.c,101 :: 		
0x0258	0xDEDE      	RCALL       _Delay_5500us
;__Lib_Lcd.c,102 :: 		
0x025A	0xDEDD      	RCALL       _Delay_5500us
;__Lib_Lcd.c,105 :: 		
0x025C	0x8A83      	BSF         LCD_D5, BitPos(LCD_D5+0) 
;__Lib_Lcd.c,106 :: 		
0x025E	0x8883      	BSF         LCD_D4, BitPos(LCD_D4+0) 
;__Lib_Lcd.c,107 :: 		
0x0260	0x8484      	BSF         LCD_EN, BitPos(LCD_EN+0) 
;__Lib_Lcd.c,108 :: 		
0x0262	0xDEE4      	RCALL       _Delay_1us
;__Lib_Lcd.c,109 :: 		
0x0264	0x9484      	BCF         LCD_EN, BitPos(LCD_EN+0) 
;__Lib_Lcd.c,110 :: 		
0x0266	0xDED7      	RCALL       _Delay_5500us
;__Lib_Lcd.c,112 :: 		
0x0268	0x8484      	BSF         LCD_EN, BitPos(LCD_EN+0) 
;__Lib_Lcd.c,113 :: 		
0x026A	0xDEE0      	RCALL       _Delay_1us
;__Lib_Lcd.c,114 :: 		
0x026C	0x9484      	BCF         LCD_EN, BitPos(LCD_EN+0) 
;__Lib_Lcd.c,115 :: 		
0x026E	0xDED3      	RCALL       _Delay_5500us
;__Lib_Lcd.c,117 :: 		
0x0270	0x8484      	BSF         LCD_EN, BitPos(LCD_EN+0) 
;__Lib_Lcd.c,118 :: 		
0x0272	0xDEDC      	RCALL       _Delay_1us
;__Lib_Lcd.c,119 :: 		
0x0274	0x9484      	BCF         LCD_EN, BitPos(LCD_EN+0) 
;__Lib_Lcd.c,120 :: 		
0x0276	0xDECF      	RCALL       _Delay_5500us
;__Lib_Lcd.c,123 :: 		
0x0278	0x9883      	BCF         LCD_D4, BitPos(LCD_D4+0) 
;__Lib_Lcd.c,124 :: 		
0x027A	0x8484      	BSF         LCD_EN, BitPos(LCD_EN+0) 
;__Lib_Lcd.c,125 :: 		
0x027C	0xDED7      	RCALL       _Delay_1us
;__Lib_Lcd.c,126 :: 		
0x027E	0x9484      	BCF         LCD_EN, BitPos(LCD_EN+0) 
;__Lib_Lcd.c,127 :: 		
0x0280	0xDECA      	RCALL       _Delay_5500us
;__Lib_Lcd.c,130 :: 		
0x0282	0x8484      	BSF         LCD_EN, BitPos(LCD_EN+0) 
;__Lib_Lcd.c,131 :: 		
0x0284	0xDED3      	RCALL       _Delay_1us
;__Lib_Lcd.c,132 :: 		
0x0286	0x9484      	BCF         LCD_EN, BitPos(LCD_EN+0) 
;__Lib_Lcd.c,134 :: 		
0x0288	0x9A83      	BCF         LCD_D5, BitPos(LCD_D5+0) 
;__Lib_Lcd.c,135 :: 		
0x028A	0x8E83      	BSF         LCD_D7, BitPos(LCD_D7+0) 
;__Lib_Lcd.c,136 :: 		
0x028C	0x8484      	BSF         LCD_EN, BitPos(LCD_EN+0) 
;__Lib_Lcd.c,137 :: 		
0x028E	0xDECE      	RCALL       _Delay_1us
;__Lib_Lcd.c,138 :: 		
0x0290	0x9484      	BCF         LCD_EN, BitPos(LCD_EN+0) 
;__Lib_Lcd.c,139 :: 		
0x0292	0xDEC1      	RCALL       _Delay_5500us
;__Lib_Lcd.c,142 :: 		
0x0294	0x9E83      	BCF         LCD_D7, BitPos(LCD_D7+0) 
;__Lib_Lcd.c,143 :: 		
0x0296	0x8883      	BSF         LCD_D4, BitPos(LCD_D4+0) 
;__Lib_Lcd.c,144 :: 		
0x0298	0x8484      	BSF         LCD_EN, BitPos(LCD_EN+0) 
;__Lib_Lcd.c,145 :: 		
0x029A	0xDEC8      	RCALL       _Delay_1us
;__Lib_Lcd.c,146 :: 		
0x029C	0x9484      	BCF         LCD_EN, BitPos(LCD_EN+0) 
;__Lib_Lcd.c,148 :: 		
0x029E	0x9883      	BCF         LCD_D4, BitPos(LCD_D4+0) 
;__Lib_Lcd.c,149 :: 		
0x02A0	0x8484      	BSF         LCD_EN, BitPos(LCD_EN+0) 
;__Lib_Lcd.c,150 :: 		
0x02A2	0xDEC4      	RCALL       _Delay_1us
;__Lib_Lcd.c,151 :: 		
0x02A4	0x9484      	BCF         LCD_EN, BitPos(LCD_EN+0) 
;__Lib_Lcd.c,152 :: 		
0x02A6	0xDEB7      	RCALL       _Delay_5500us
;__Lib_Lcd.c,155 :: 		
0x02A8	0x8484      	BSF         LCD_EN, BitPos(LCD_EN+0) 
;__Lib_Lcd.c,156 :: 		
0x02AA	0xDEC0      	RCALL       _Delay_1us
;__Lib_Lcd.c,157 :: 		
0x02AC	0x9484      	BCF         LCD_EN, BitPos(LCD_EN+0) 
;__Lib_Lcd.c,159 :: 		
0x02AE	0x8883      	BSF         LCD_D4, BitPos(LCD_D4+0) 
;__Lib_Lcd.c,160 :: 		
0x02B0	0x8484      	BSF         LCD_EN, BitPos(LCD_EN+0) 
;__Lib_Lcd.c,161 :: 		
0x02B2	0xDEBC      	RCALL       _Delay_1us
;__Lib_Lcd.c,162 :: 		
0x02B4	0x9484      	BCF         LCD_EN, BitPos(LCD_EN+0) 
;__Lib_Lcd.c,163 :: 		
0x02B6	0xDEAF      	RCALL       _Delay_5500us
;__Lib_Lcd.c,166 :: 		
0x02B8	0x9883      	BCF         LCD_D4, BitPos(LCD_D4+0) 
;__Lib_Lcd.c,167 :: 		
0x02BA	0x8484      	BSF         LCD_EN, BitPos(LCD_EN+0) 
;__Lib_Lcd.c,168 :: 		
0x02BC	0xDEB7      	RCALL       _Delay_1us
;__Lib_Lcd.c,169 :: 		
0x02BE	0x9484      	BCF         LCD_EN, BitPos(LCD_EN+0) 
;__Lib_Lcd.c,171 :: 		
0x02C0	0x8E83      	BSF         LCD_D7, BitPos(LCD_D7+0) 
;__Lib_Lcd.c,172 :: 		
0x02C2	0x8C83      	BSF         LCD_D6, BitPos(LCD_D6+0) 
;__Lib_Lcd.c,173 :: 		
0x02C4	0x8A83      	BSF         LCD_D5, BitPos(LCD_D5+0) 
;__Lib_Lcd.c,174 :: 		
0x02C6	0x8883      	BSF         LCD_D4, BitPos(LCD_D4+0) 
;__Lib_Lcd.c,175 :: 		
0x02C8	0x8484      	BSF         LCD_EN, BitPos(LCD_EN+0) 
;__Lib_Lcd.c,176 :: 		
0x02CA	0xDEB0      	RCALL       _Delay_1us
;__Lib_Lcd.c,177 :: 		
0x02CC	0x9484      	BCF         LCD_EN, BitPos(LCD_EN+0) 
;__Lib_Lcd.c,179 :: 		
0x02CE	0xDEA3      	RCALL       _Delay_5500us
;__Lib_Lcd.c,181 :: 		
0x02D0	0x803E      	BSF         __Lib_Lcd_cmd_status, BitPos(__Lib_Lcd_cmd_status+0) 
;__Lib_Lcd.c,182 :: 		
L_end_Lcd_Init:
0x02D2	0x0012      	RETURN      0
; end of _Lcd_Init
_init_interrupts:
;Interrupts.c,77 :: 		void init_interrupts(){
;Interrupts.c,78 :: 		INTCON.INT0IE = 1;  //enable int0 interrupts
0x02D4	0x88F2      	BSF         INTCON, 4 
;Interrupts.c,79 :: 		INTCON.INT0IF = 0;  //clear intterupt flag
0x02D6	0x92F2      	BCF         INTCON, 1 
;Interrupts.c,80 :: 		INTCON.INTEDG0 = 1; //int0 is enabled on rising edge
0x02D8	0x8CF2      	BSF         INTCON, 6 
;Interrupts.c,81 :: 		INTCON.GIE = 1;     //enable global interrupts
0x02DA	0x8EF2      	BSF         INTCON, 7 
;Interrupts.c,82 :: 		}
L_end_init_interrupts:
0x02DC	0x0012      	RETURN      0
; end of _init_interrupts
_IntToStr:
;__Lib_Conversions.c,195 :: 		
;__Lib_Conversions.c,201 :: 		
0x02DE	0x6A45      	CLRF        IntToStr_negative_L0 
0x02E0	0x6A46      	CLRF        IntToStr_negative_L0+1 
;__Lib_Conversions.c,202 :: 		
0x02E2	0xF047C03F  	MOVFF       FARG_IntToStr_input, IntToStr_inword_L0
0x02E6	0xF048C040  	MOVFF       FARG_IntToStr_input+1, IntToStr_inword_L0+1
;__Lib_Conversions.c,203 :: 		
0x02EA	0x0E80      	MOVLW       128
0x02EC	0x1840      	XORWF       FARG_IntToStr_input+1, 0 
0x02EE	0x6E00      	MOVWF       R0 
0x02F0	0x0E80      	MOVLW       128
0x02F2	0x5C00      	SUBWF       R0, 0 
0x02F4	0xE102      	BNZ         L__IntToStr387
0x02F6	0x0E00      	MOVLW       0
0x02F8	0x5C3F      	SUBWF       FARG_IntToStr_input, 0 
L__IntToStr387:
0x02FA	0xE20B      	BC          L_IntToStr37
;__Lib_Conversions.c,204 :: 		
0x02FC	0x0E01      	MOVLW       1
0x02FE	0x6E45      	MOVWF       IntToStr_negative_L0 
0x0300	0x0E00      	MOVLW       0
0x0302	0x6E46      	MOVWF       IntToStr_negative_L0+1 
;__Lib_Conversions.c,205 :: 		
0x0304	0x503F      	MOVF        FARG_IntToStr_input, 0 
0x0306	0x0800      	SUBLW       0
0x0308	0x6E47      	MOVWF       IntToStr_inword_L0 
0x030A	0xF048C040  	MOVFF       FARG_IntToStr_input+1, IntToStr_inword_L0+1
0x030E	0x0E00      	MOVLW       0
0x0310	0x5648      	SUBFWB      IntToStr_inword_L0+1, 1 
;__Lib_Conversions.c,206 :: 		
L_IntToStr37:
;__Lib_Conversions.c,207 :: 		
0x0312	0xF049C047  	MOVFF       IntToStr_inword_L0, FARG_WordToStr_input
0x0316	0xF04AC048  	MOVFF       IntToStr_inword_L0+1, FARG_WordToStr_input+1
0x031A	0xF04BC041  	MOVFF       FARG_IntToStr_output, FARG_WordToStr_output
0x031E	0xF04CC042  	MOVFF       FARG_IntToStr_output+1, FARG_WordToStr_output+1
0x0322	0xDF2B      	RCALL       _WordToStr
;__Lib_Conversions.c,209 :: 		
0x0324	0x0E06      	MOVLW       6
0x0326	0x6E43      	MOVWF       IntToStr_i_L0 
0x0328	0x0E00      	MOVLW       0
0x032A	0x6E44      	MOVWF       IntToStr_i_L0+1 
;__Lib_Conversions.c,210 :: 		
L_IntToStr38:
0x032C	0x0E00      	MOVLW       0
0x032E	0x6E00      	MOVWF       R0 
0x0330	0x5044      	MOVF        IntToStr_i_L0+1, 0 
0x0332	0x5C00      	SUBWF       R0, 0 
0x0334	0xE102      	BNZ         L__IntToStr388
0x0336	0x5043      	MOVF        IntToStr_i_L0, 0 
0x0338	0x0800      	SUBLW       0
L__IntToStr388:
0x033A	0xE219      	BC          L_IntToStr39
;__Lib_Conversions.c,211 :: 		
0x033C	0x5043      	MOVF        IntToStr_i_L0, 0 
0x033E	0x2441      	ADDWF       FARG_IntToStr_output, 0 
0x0340	0x6EE1      	MOVWF       FSR1L 
0x0342	0x5044      	MOVF        IntToStr_i_L0+1, 0 
0x0344	0x2042      	ADDWFC      FARG_IntToStr_output+1, 0 
0x0346	0x6EE2      	MOVWF       FSR1L+1 
0x0348	0x0E01      	MOVLW       1
0x034A	0x5C43      	SUBWF       IntToStr_i_L0, 0 
0x034C	0x6E00      	MOVWF       R0 
0x034E	0x0E00      	MOVLW       0
0x0350	0x5844      	SUBWFB      IntToStr_i_L0+1, 0 
0x0352	0x6E01      	MOVWF       R1 
0x0354	0x5000      	MOVF        R0, 0 
0x0356	0x2441      	ADDWF       FARG_IntToStr_output, 0 
0x0358	0x6EE9      	MOVWF       FSR0L 
0x035A	0x5001      	MOVF        R1, 0 
0x035C	0x2042      	ADDWFC      FARG_IntToStr_output+1, 0 
0x035E	0x6EEA      	MOVWF       FSR0L+1 
0x0360	0xFFE6CFEE  	MOVFF       POSTINC0, POSTINC1
;__Lib_Conversions.c,212 :: 		
0x0364	0x0E01      	MOVLW       1
0x0366	0x5E43      	SUBWF       IntToStr_i_L0, 1 
0x0368	0x0E00      	MOVLW       0
0x036A	0x5A44      	SUBWFB      IntToStr_i_L0+1, 1 
;__Lib_Conversions.c,213 :: 		
0x036C	0xD7DF      	BRA         L_IntToStr38
L_IntToStr39:
;__Lib_Conversions.c,214 :: 		
0x036E	0xFFE1C041  	MOVFF       FARG_IntToStr_output, FSR1L
0x0372	0xFFE2C042  	MOVFF       FARG_IntToStr_output+1, FSR1H
0x0376	0x0E20      	MOVLW       32
0x0378	0x6EE6      	MOVWF       POSTINC1 
;__Lib_Conversions.c,215 :: 		
0x037A	0x5045      	MOVF        IntToStr_negative_L0, 0 
0x037C	0x1046      	IORWF       IntToStr_negative_L0+1, 0 
0x037E	0xE01A      	BZ          L_IntToStr40
;__Lib_Conversions.c,216 :: 		
0x0380	0x6A43      	CLRF        IntToStr_i_L0 
0x0382	0x6A44      	CLRF        IntToStr_i_L0+1 
;__Lib_Conversions.c,217 :: 		
L_IntToStr41:
0x0384	0x5043      	MOVF        IntToStr_i_L0, 0 
0x0386	0x2441      	ADDWF       FARG_IntToStr_output, 0 
0x0388	0x6EE9      	MOVWF       FSR0L 
0x038A	0x5044      	MOVF        IntToStr_i_L0+1, 0 
0x038C	0x2042      	ADDWFC      FARG_IntToStr_output+1, 0 
0x038E	0x6EEA      	MOVWF       FSR0L+1 
0x0390	0x50EE      	MOVF        POSTINC0, 0 
0x0392	0x0A20      	XORLW       32
0x0394	0xE103      	BNZ         L_IntToStr42
0x0396	0x4A43      	INFSNZ      IntToStr_i_L0, 1 
0x0398	0x2A44      	INCF        IntToStr_i_L0+1, 1 
0x039A	0xD7F4      	BRA         L_IntToStr41
L_IntToStr42:
;__Lib_Conversions.c,218 :: 		
0x039C	0x0E01      	MOVLW       1
0x039E	0x5E43      	SUBWF       IntToStr_i_L0, 1 
0x03A0	0x0E00      	MOVLW       0
0x03A2	0x5A44      	SUBWFB      IntToStr_i_L0+1, 1 
;__Lib_Conversions.c,219 :: 		
0x03A4	0x5043      	MOVF        IntToStr_i_L0, 0 
0x03A6	0x2441      	ADDWF       FARG_IntToStr_output, 0 
0x03A8	0x6EE1      	MOVWF       FSR1L 
0x03AA	0x5044      	MOVF        IntToStr_i_L0+1, 0 
0x03AC	0x2042      	ADDWFC      FARG_IntToStr_output+1, 0 
0x03AE	0x6EE2      	MOVWF       FSR1L+1 
0x03B0	0x0E2D      	MOVLW       45
0x03B2	0x6EE6      	MOVWF       POSTINC1 
L_IntToStr40:
;__Lib_Conversions.c,220 :: 		
L_end_IntToStr:
0x03B4	0x0012      	RETURN      0
; end of _IntToStr
_screen2:
;Interrupts.c,92 :: 		void screen2(){
;Interrupts.c,93 :: 		if(lastScreen != 1){
0x03B6	0x5022      	MOVF        _lastScreen, 0 
0x03B8	0x0A01      	XORLW       1
0x03BA	0xE00E      	BZ          L_screen216
;Interrupts.c,94 :: 		lastScreen = 1;
0x03BC	0x0E01      	MOVLW       1
0x03BE	0x6E22      	MOVWF       _lastScreen 
;Interrupts.c,95 :: 		lcd_cmd(_LCD_CLEAR);
0x03C0	0x0E01      	MOVLW       1
0x03C2	0x6E51      	MOVWF       FARG_Lcd_Cmd_out_char 
0x03C4	0xDE3E      	RCALL       _Lcd_Cmd
;Interrupts.c,96 :: 		lcd_out(1,1,"Emergencia");
0x03C6	0x0E01      	MOVLW       1
0x03C8	0x6E49      	MOVWF       FARG_Lcd_Out_row 
0x03CA	0x0E01      	MOVLW       1
0x03CC	0x6E4A      	MOVWF       FARG_Lcd_Out_column 
0x03CE	0x0E23      	MOVLW       ?lstr2_Interrupts
0x03D0	0x6E4B      	MOVWF       FARG_Lcd_Out_text 
0x03D2	0x0E00      	MOVLW       hi_addr(?lstr2_Interrupts)
0x03D4	0x6E4C      	MOVWF       FARG_Lcd_Out_text+1 
0x03D6	0xDE94      	RCALL       _Lcd_Out
;Interrupts.c,97 :: 		}
L_screen216:
;Interrupts.c,98 :: 		}
L_end_screen2:
0x03D8	0x0012      	RETURN      0
; end of _screen2
_screen1:
;Interrupts.c,84 :: 		void screen1(){
;Interrupts.c,85 :: 		if(lastScreen != 0){
0x03DA	0x5022      	MOVF        _lastScreen, 0 
0x03DC	0x0A00      	XORLW       0
0x03DE	0xE00D      	BZ          L_screen115
;Interrupts.c,86 :: 		lastScreen = 0;
0x03E0	0x6A22      	CLRF        _lastScreen 
;Interrupts.c,87 :: 		lcd_cmd(_LCD_CLEAR);
0x03E2	0x0E01      	MOVLW       1
0x03E4	0x6E51      	MOVWF       FARG_Lcd_Cmd_out_char 
0x03E6	0xDE2D      	RCALL       _Lcd_Cmd
;Interrupts.c,88 :: 		lcd_out(1,1,"Pronto");
0x03E8	0x0E01      	MOVLW       1
0x03EA	0x6E49      	MOVWF       FARG_Lcd_Out_row 
0x03EC	0x0E01      	MOVLW       1
0x03EE	0x6E4A      	MOVWF       FARG_Lcd_Out_column 
0x03F0	0x0E2E      	MOVLW       ?lstr1_Interrupts
0x03F2	0x6E4B      	MOVWF       FARG_Lcd_Out_text 
0x03F4	0x0E00      	MOVLW       hi_addr(?lstr1_Interrupts)
0x03F6	0x6E4C      	MOVWF       FARG_Lcd_Out_text+1 
0x03F8	0xDE83      	RCALL       _Lcd_Out
;Interrupts.c,89 :: 		}
L_screen115:
;Interrupts.c,90 :: 		}
L_end_screen1:
0x03FA	0x0012      	RETURN      0
; end of _screen1
_Ltrim:
;__Lib_Conversions.c,421 :: 		
;__Lib_Conversions.c,425 :: 		
0x03FC	0x6A41      	CLRF        Ltrim_trimmed_L0 
0x03FE	0x6A42      	CLRF        Ltrim_trimmed_L0+1 
;__Lib_Conversions.c,426 :: 		
0x0400	0xF003C03F  	MOVFF       FARG_Ltrim_string, R3
0x0404	0xF004C040  	MOVFF       FARG_Ltrim_string+1, R4
;__Lib_Conversions.c,427 :: 		
0x0408	0xF005C03F  	MOVFF       FARG_Ltrim_string, R5
0x040C	0xF006C040  	MOVFF       FARG_Ltrim_string+1, R6
;__Lib_Conversions.c,428 :: 		
L_Ltrim84:
;__Lib_Conversions.c,429 :: 		
0x0410	0xFFE9C003  	MOVFF       R3, FSR0L
0x0414	0xFFEAC004  	MOVFF       R4, FSR0H
0x0418	0x50EE      	MOVF        POSTINC0, 0 
0x041A	0x0A20      	XORLW       32
0x041C	0xE104      	BNZ         L__Ltrim345
0x041E	0x5041      	MOVF        Ltrim_trimmed_L0, 0 
0x0420	0x1042      	IORWF       Ltrim_trimmed_L0+1, 0 
0x0422	0xE101      	BNZ         L__Ltrim345
0x0424	0xD010      	BRA         L_Ltrim89
L__Ltrim345:
;__Lib_Conversions.c,430 :: 		
0x0426	0x0E01      	MOVLW       1
0x0428	0x6E41      	MOVWF       Ltrim_trimmed_L0 
0x042A	0x0E00      	MOVLW       0
0x042C	0x6E42      	MOVWF       Ltrim_trimmed_L0+1 
;__Lib_Conversions.c,431 :: 		
0x042E	0xFFE9C003  	MOVFF       R3, FSR0L
0x0432	0xFFEAC004  	MOVFF       R4, FSR0H
0x0436	0xFFE1C005  	MOVFF       R5, FSR1L
0x043A	0xFFE2C006  	MOVFF       R6, FSR1H
0x043E	0xFFE6CFEE  	MOVFF       POSTINC0, POSTINC1
0x0442	0x4A05      	INFSNZ      R5, 1 
0x0444	0x2A06      	INCF        R6, 1 
;__Lib_Conversions.c,432 :: 		
L_Ltrim89:
;__Lib_Conversions.c,434 :: 		
0x0446	0xF001C003  	MOVFF       R3, R1
0x044A	0xF002C004  	MOVFF       R4, R2
0x044E	0x4A03      	INFSNZ      R3, 1 
0x0450	0x2A04      	INCF        R4, 1 
0x0452	0xFFE9C001  	MOVFF       R1, FSR0L
0x0456	0xFFEAC002  	MOVFF       R2, FSR0H
0x045A	0x50EE      	MOVF        POSTINC0, 0 
0x045C	0x0A00      	XORLW       0
0x045E	0xE1D8      	BNZ         L_Ltrim84
;__Lib_Conversions.c,435 :: 		
0x0460	0xF000C03F  	MOVFF       FARG_Ltrim_string, R0
0x0464	0xF001C040  	MOVFF       FARG_Ltrim_string+1, R1
;__Lib_Conversions.c,436 :: 		
L_end_Ltrim:
0x0468	0x0012      	RETURN      0
; end of _Ltrim
_main:
0x046A	0xF002ECAD  	CALL        1370, 0
;Interrupts.c,36 :: 		void main() {
;Interrupts.c,37 :: 		ADCON1 = 0x0F;
0x046E	0x0E0F      	MOVLW       15
0x0470	0x6EC1      	MOVWF       ADCON1 
;Interrupts.c,38 :: 		TRISB |= 0x01;
0x0472	0x8093      	BSF         TRISB, 0 
;Interrupts.c,39 :: 		init_interrupts();
0x0474	0xDF2F      	RCALL       _init_interrupts
;Interrupts.c,40 :: 		Lcd_Init();
0x0476	0xDEE3      	RCALL       _Lcd_Init
;Interrupts.c,41 :: 		delay_ms(10);
0x0478	0x0E41      	MOVLW       65
0x047A	0x6E0C      	MOVWF       R12, 0
0x047C	0x0EEE      	MOVLW       238
0x047E	0x6E0D      	MOVWF       R13, 0
L_main1:
0x0480	0x2E0D      	DECFSZ      R13, 1, 0
0x0482	0xD7FE      	BRA         L_main1
0x0484	0x2E0C      	DECFSZ      R12, 1, 0
0x0486	0xD7FC      	BRA         L_main1
0x0488	0x0000      	NOP
;Interrupts.c,42 :: 		lcd_cmd(_LCD_CURSOR_OFF);
0x048A	0x0E0C      	MOVLW       12
0x048C	0x6E51      	MOVWF       FARG_Lcd_Cmd_out_char 
0x048E	0xDDD9      	RCALL       _Lcd_Cmd
;Interrupts.c,45 :: 		for(;;){
L_main2:
;Interrupts.c,46 :: 		IntToStr(counter,counterTxt);
0x0490	0xF03FC015  	MOVFF       _counter, FARG_IntToStr_input
0x0494	0xF040C016  	MOVFF       _counter+1, FARG_IntToStr_input+1
0x0498	0x0E35      	MOVLW       _counterTxt
0x049A	0x6E41      	MOVWF       FARG_IntToStr_output 
0x049C	0x0E00      	MOVLW       hi_addr(_counterTxt)
0x049E	0x6E42      	MOVWF       FARG_IntToStr_output+1 
0x04A0	0xDF1E      	RCALL       _IntToStr
;Interrupts.c,47 :: 		counterTxtTrim = ltrim(counterTxt);
0x04A2	0x0E35      	MOVLW       _counterTxt
0x04A4	0x6E3F      	MOVWF       FARG_Ltrim_string 
0x04A6	0x0E00      	MOVLW       hi_addr(_counterTxt)
0x04A8	0x6E40      	MOVWF       FARG_Ltrim_string+1 
0x04AA	0xDFA8      	RCALL       _Ltrim
0x04AC	0xF03CC000  	MOVFF       R0, _counterTxtTrim
0x04B0	0xF03DC001  	MOVFF       R1, _counterTxtTrim+1
;Interrupts.c,48 :: 		lcd_out(2,1,counterTxtTrim);
0x04B4	0x0E02      	MOVLW       2
0x04B6	0x6E49      	MOVWF       FARG_Lcd_Out_row 
0x04B8	0x0E01      	MOVLW       1
0x04BA	0x6E4A      	MOVWF       FARG_Lcd_Out_column 
0x04BC	0xF04BC000  	MOVFF       R0, FARG_Lcd_Out_text
0x04C0	0xF04CC001  	MOVFF       R1, FARG_Lcd_Out_text+1
0x04C4	0xDE1D      	RCALL       _Lcd_Out
;Interrupts.c,49 :: 		delay_ms(30);
0x04C6	0x0EC3      	MOVLW       195
0x04C8	0x6E0C      	MOVWF       R12, 0
0x04CA	0x0ECD      	MOVLW       205
0x04CC	0x6E0D      	MOVWF       R13, 0
L_main5:
0x04CE	0x2E0D      	DECFSZ      R13, 1, 0
0x04D0	0xD7FE      	BRA         L_main5
0x04D2	0x2E0C      	DECFSZ      R12, 1, 0
0x04D4	0xD7FC      	BRA         L_main5
;Interrupts.c,51 :: 		switch (counter){
0x04D6	0xD009      	BRA         L_main6
;Interrupts.c,52 :: 		case 0:
L_main8:
;Interrupts.c,53 :: 		screen1();
0x04D8	0xDF80      	RCALL       _screen1
;Interrupts.c,54 :: 		break;
0x04DA	0xD01F      	BRA         L_main7
;Interrupts.c,55 :: 		case 1:
L_main9:
;Interrupts.c,56 :: 		screen2();
0x04DC	0xDF6C      	RCALL       _screen2
;Interrupts.c,57 :: 		break;
0x04DE	0xD01D      	BRA         L_main7
;Interrupts.c,58 :: 		case 2:
L_main10:
;Interrupts.c,59 :: 		screen3();
0x04E0	0xDE94      	RCALL       _screen3
;Interrupts.c,60 :: 		break;
0x04E2	0xD01B      	BRA         L_main7
;Interrupts.c,61 :: 		case 3:
L_main11:
;Interrupts.c,62 :: 		counter = 0;
0x04E4	0x6A15      	CLRF        _counter 
0x04E6	0x6A16      	CLRF        _counter+1 
;Interrupts.c,63 :: 		}
0x04E8	0xD018      	BRA         L_main7
L_main6:
0x04EA	0x0E00      	MOVLW       0
0x04EC	0x1816      	XORWF       _counter+1, 0 
0x04EE	0xE102      	BNZ         L__main21
0x04F0	0x0E00      	MOVLW       0
0x04F2	0x1815      	XORWF       _counter, 0 
L__main21:
0x04F4	0xE0F1      	BZ          L_main8
0x04F6	0x0E00      	MOVLW       0
0x04F8	0x1816      	XORWF       _counter+1, 0 
0x04FA	0xE102      	BNZ         L__main22
0x04FC	0x0E01      	MOVLW       1
0x04FE	0x1815      	XORWF       _counter, 0 
L__main22:
0x0500	0xE0ED      	BZ          L_main9
0x0502	0x0E00      	MOVLW       0
0x0504	0x1816      	XORWF       _counter+1, 0 
0x0506	0xE102      	BNZ         L__main23
0x0508	0x0E02      	MOVLW       2
0x050A	0x1815      	XORWF       _counter, 0 
L__main23:
0x050C	0xE0E9      	BZ          L_main10
0x050E	0x0E00      	MOVLW       0
0x0510	0x1816      	XORWF       _counter+1, 0 
0x0512	0xE102      	BNZ         L__main24
0x0514	0x0E03      	MOVLW       3
0x0516	0x1815      	XORWF       _counter, 0 
L__main24:
0x0518	0xE0E5      	BZ          L_main11
L_main7:
;Interrupts.c,65 :: 		if(!INTCON.INT0IE){ //interrupt has been disabled/buttons has been pressed
0x051A	0xB8F2      	BTFSC       INTCON, 4 
0x051C	0xD00C      	BRA         L_main12
;Interrupts.c,66 :: 		delay_ms(30); //deboucing
0x051E	0x0EC3      	MOVLW       195
0x0520	0x6E0C      	MOVWF       R12, 0
0x0522	0x0ECD      	MOVLW       205
0x0524	0x6E0D      	MOVWF       R13, 0
L_main13:
0x0526	0x2E0D      	DECFSZ      R13, 1, 0
0x0528	0xD7FE      	BRA         L_main13
0x052A	0x2E0C      	DECFSZ      R12, 1, 0
0x052C	0xD7FC      	BRA         L_main13
;Interrupts.c,67 :: 		if(!PORTB.RB0){
0x052E	0xB081      	BTFSC       PORTB, 0 
0x0530	0xD002      	BRA         L_main14
;Interrupts.c,68 :: 		INTCON.INT0IF = 0;
0x0532	0x92F2      	BCF         INTCON, 1 
;Interrupts.c,69 :: 		INTCON.INT0IE = 1;
0x0534	0x88F2      	BSF         INTCON, 4 
;Interrupts.c,70 :: 		}
L_main14:
;Interrupts.c,71 :: 		}
L_main12:
;Interrupts.c,73 :: 		}
0x0536	0xD7AC      	BRA         L_main2
;Interrupts.c,75 :: 		}
L_end_main:
0x0538	0xD7FF      	BRA         $+0
; end of _main
0x055A	0xF015EE10  	LFSR        1, 21
0x055E	0x0E20      	MOVLW       32
0x0560	0x6E00      	MOVWF       R0 
0x0562	0x0E01      	MOVLW       1
0x0564	0x6E01      	MOVWF       R1 
0x0566	0x0E3A      	MOVLW       58
0x0568	0x6EF6      	MOVWF       TBLPTR 
0x056A	0x0E05      	MOVLW       5
0x056C	0x6EF7      	MOVWF       TBLPTRH 
0x056E	0x0E00      	MOVLW       0
0x0570	0x6EF8      	MOVWF       TBLPTRU 
0x0572	0xF001EC17  	CALL        558, 0
0x0576	0x0012      	RETURN      0
;Interrupts.c,0 :: ?ICS_counter
0x053A	0x0000 ;?ICS_counter+0
; end of ?ICS_counter
;Interrupts.c,0 :: ?ICS?lstr3_Interrupts
0x053C	0x614D ;?ICS?lstr3_Interrupts+0
0x053E	0x756E ;?ICS?lstr3_Interrupts+2
0x0540	0x6574 ;?ICS?lstr3_Interrupts+4
0x0542	0x636E ;?ICS?lstr3_Interrupts+6
0x0544	0x6F61 ;?ICS?lstr3_Interrupts+8
0x0546	0x00 ;?ICS?lstr3_Interrupts+10
; end of ?ICS?lstr3_Interrupts
;Interrupts.c,0 :: ?ICS_lastScreen
0x0547	0xFF ;?ICS_lastScreen+0
; end of ?ICS_lastScreen
;Interrupts.c,0 :: ?ICS?lstr2_Interrupts
0x0548	0x6D45 ;?ICS?lstr2_Interrupts+0
0x054A	0x7265 ;?ICS?lstr2_Interrupts+2
0x054C	0x6567 ;?ICS?lstr2_Interrupts+4
0x054E	0x636E ;?ICS?lstr2_Interrupts+6
0x0550	0x6169 ;?ICS?lstr2_Interrupts+8
0x0552	0x00 ;?ICS?lstr2_Interrupts+10
; end of ?ICS?lstr2_Interrupts
;Interrupts.c,0 :: ?ICS?lstr1_Interrupts
0x0553	0x7250 ;?ICS?lstr1_Interrupts+0
0x0555	0x6E6F ;?ICS?lstr1_Interrupts+2
0x0557	0x6F74 ;?ICS?lstr1_Interrupts+4
0x0559	0x00 ;?ICS?lstr1_Interrupts+6
; end of ?ICS?lstr1_Interrupts
Symbol List:
//** Routines locations **
//ADDRESS    SIZE    PROCEDURE
//----------------------------------------------
0x0008      [14]    _interrupt
0x0016      [22]    _Delay_5500us
0x002C      [12]    _Delay_1us
0x0038      [10]    _Delay_50us
0x0042     [124]    _Lcd_Cmd
0x00BE      [54]    _Div_16X16_U
0x00F4      [12]    _Lcd_Chr_CP
0x0100     [122]    _Lcd_Out
0x017A     [144]    _WordToStr
0x020A      [36]    _screen3
0x022E      [16]    ___CC2DW
0x023E     [150]    _Lcd_Init
0x02D4      [10]    _init_interrupts
0x02DE     [216]    _IntToStr
0x03B6      [36]    _screen2
0x03DA      [34]    _screen1
0x03FC     [110]    _Ltrim
0x046A     [208]    _main
//** Variables locations ** 
//ADDRESS    SIZE    VARIABLE
//----------------------------------------------
0x0000       [1]    R0
0x0001       [1]    R1
0x0001       [1]    __Lib_Conversions_Adjust_Hex_tmp_L0
0x0002       [1]    R2
0x0002       [2]    strlen_cp_L0
0x0002       [2]    memchr_s_L0
0x0002       [2]    memcpy_dd_L0
0x0002       [2]    memset_pp_L0
0x0003       [2]    Ltrim_original_L0
0x0003       [2]    memmove_tt_L0
0x0003       [1]    R3
0x0004       [2]    memcpy_ss_L0
0x0004       [1]    R4
0x0004       [2]    strncpy_cp_L0
0x0004       [2]    strncat_cp_L0
0x0004       [2]    strcat_cp_L0
0x0004       [2]    strcpy_cp_L0
0x0005       [2]    Ltrim_p_L0
0x0005       [2]    memmove_ff_L0
0x0005       [1]    R5
0x0005       [2]    LongIntToHex_input_half_L0
0x0005       [2]    LongWordToHex_input_half_L0
0x0006       [1]    R6
0x0007       [1]    R7
0x0008       [1]    R8
0x0009       [1]    R9
0x000A       [1]    R10
0x000B       [1]    R11
0x000C       [1]    R12
0x000D       [1]    R13
0x000E       [1]    R14
0x000F       [1]    R15
0x0010       [1]    R16
0x0011       [1]    R17
0x0012       [1]    R18
0x0013       [1]    R19
0x0014       [1]    R20
0x0015       [2]    _counter
0x0017      [11]    ?lstr3_Interrupts
0x0022       [1]    _lastScreen
0x0023      [11]    ?lstr2_Interrupts
0x002E       [7]    ?lstr1_Interrupts
0x0035       [7]    _counterTxt
0x003C       [2]    _counterTxtTrim
0x003E       [0]    __Lib_Lcd_cmd_status
0x003F       [2]    FARG_Ltrim_string
0x003F       [2]    FARG_IntToStr_input
0x0041       [2]    FARG_IntToStr_output
0x0041       [2]    Ltrim_trimmed_L0
0x0043       [2]    IntToStr_i_L0
0x0045       [2]    IntToStr_negative_L0
0x0047       [2]    IntToStr_inword_L0
0x0049       [1]    FARG_Lcd_Out_row
0x0049       [2]    FARG_WordToStr_input
0x004A       [1]    FARG_Lcd_Out_column
0x004B       [2]    FARG_Lcd_Out_text
0x004B       [2]    FARG_WordToStr_output
0x004D       [1]    WordToStr_len_L0
0x004D       [1]    Lcd_Out_i_L0
0x004E       [2]    FLOC__WordToStr
0x0050       [1]    FARG_Lcd_Chr_CP_out_char
0x0051       [1]    FARG_Lcd_Cmd_out_char
0x0F81       [1]    PORTB
0x0F83       [0]    RD5_bit
0x0F83       [0]    RD6_bit
0x0F83       [0]    LCD_D6
0x0F83       [0]    LCD_D5
0x0F83       [0]    LCD_D4
0x0F83       [0]    RD7_bit
0x0F83       [0]    RD4_bit
0x0F83       [0]    LCD_D7
0x0F84       [0]    LCD_RS
0x0F84       [0]    LCD_EN
0x0F84       [0]    RE0_bit
0x0F84       [0]    RE2_bit
0x0F93       [1]    TRISB
0x0F95       [0]    LCD_D5_Direction
0x0F95       [0]    LCD_D4_Direction
0x0F95       [0]    TRISD4_bit
0x0F95       [0]    TRISD5_bit
0x0F95       [0]    LCD_D7_Direction
0x0F95       [0]    LCD_D6_Direction
0x0F95       [0]    TRISD6_bit
0x0F95       [0]    TRISD7_bit
0x0F96       [0]    LCD_RS_Direction
0x0F96       [0]    TRISE2_bit
0x0F96       [0]    LCD_EN_Direction
0x0F96       [0]    TRISE0_bit
0x0FC1       [1]    ADCON1
0x0FD8       [1]    STATUS
0x0FD9       [1]    FSR2L
0x0FDA       [1]    FSR2H
0x0FDE       [1]    POSTINC2
0x0FE0       [1]    BSR
0x0FE1       [1]    FSR1L
0x0FE2       [1]    FSR1H
0x0FE4       [1]    PREINC1
0x0FE6       [1]    POSTINC1
0x0FE7       [1]    INDF1
0x0FE8       [1]    WREG
0x0FE9       [1]    FSR0L
0x0FEA       [1]    FSR0H
0x0FEE       [1]    POSTINC0
0x0FF2       [1]    INTCON
0x0FF3       [1]    PRODL
0x0FF4       [1]    PRODH
0x0FF5       [1]    TABLAT
0x0FF6       [3]    TBLPTR
0x0FF6       [1]    TBLPTRL
0x0FF7       [1]    TBLPTRH
0x0FF8       [1]    TBLPTRU
//** Constants locations ** 
//ADDRESS    SIZE    CONSTANT
//----------------------------------------------
0x053A       [2]    ?ICS_counter
0x053C      [11]    ?ICS?lstr3_Interrupts
0x0547       [1]    ?ICS_lastScreen
0x0548      [11]    ?ICS?lstr2_Interrupts
0x0553       [7]    ?ICS?lstr1_Interrupts
