;  LST file generated by mikroListExporter - v.2.0 
; Date/Time: 01/10/2024 19:39:30
;----------------------------------------------

;Address Opcode 	ASM
0x0000	0xF000EFA8  	GOTO        336
0x0004	0x0000      	NOP
0x0006	0x0000      	NOP
0x0008	0xF000EF00  	GOTO        0
0x000C	0x0000      	NOP
0x000E	0x0000      	NOP
0x0010	0x0000      	NOP
0x0012	0x0000      	NOP
0x0014	0x0000      	NOP
0x0016	0x0000      	NOP
0x0018	0xD7F3      	BRA         0
_lcd_enable_pulse:
;eemLCD.c,69 :: 		void lcd_enable_pulse(){
;eemLCD.c,70 :: 		LATE |= 4;
0x001C	0x848D      	BSF         LATE, 2 
;eemLCD.c,71 :: 		delay_ms(10);
0x001E	0x0E41      	MOVLW       65
0x0020	0x6E0C      	MOVWF       R12, 0
0x0022	0x0EEE      	MOVLW       238
0x0024	0x6E0D      	MOVWF       R13, 0
L_lcd_enable_pulse2:
0x0026	0x2E0D      	DECFSZ      R13, 1, 0
0x0028	0xD7FE      	BRA         L_lcd_enable_pulse2
0x002A	0x2E0C      	DECFSZ      R12, 1, 0
0x002C	0xD7FC      	BRA         L_lcd_enable_pulse2
0x002E	0x0000      	NOP
;eemLCD.c,72 :: 		LATE &= 251;
0x0030	0x0EFB      	MOVLW       251
0x0032	0x168D      	ANDWF       LATE, 1 
;eemLCD.c,73 :: 		delay_ms(10);
0x0034	0x0E41      	MOVLW       65
0x0036	0x6E0C      	MOVWF       R12, 0
0x0038	0x0EEE      	MOVLW       238
0x003A	0x6E0D      	MOVWF       R13, 0
L_lcd_enable_pulse3:
0x003C	0x2E0D      	DECFSZ      R13, 1, 0
0x003E	0xD7FE      	BRA         L_lcd_enable_pulse3
0x0040	0x2E0C      	DECFSZ      R12, 1, 0
0x0042	0xD7FC      	BRA         L_lcd_enable_pulse3
0x0044	0x0000      	NOP
;eemLCD.c,75 :: 		}
L_end_lcd_enable_pulse:
0x0046	0x0012      	RETURN      0
; end of _lcd_enable_pulse
_lcd_command:
;eemLCD.c,60 :: 		void lcd_command(int cmd){
;eemLCD.c,61 :: 		LATE  &= 254; //RS = 0
0x0048	0x0EFE      	MOVLW       254
0x004A	0x168D      	ANDWF       LATE, 1 
;eemLCD.c,62 :: 		delay_ms(10);
0x004C	0x0E41      	MOVLW       65
0x004E	0x6E0C      	MOVWF       R12, 0
0x0050	0x0EEE      	MOVLW       238
0x0052	0x6E0D      	MOVWF       R13, 0
L_lcd_command1:
0x0054	0x2E0D      	DECFSZ      R13, 1, 0
0x0056	0xD7FE      	BRA         L_lcd_command1
0x0058	0x2E0C      	DECFSZ      R12, 1, 0
0x005A	0xD7FC      	BRA         L_lcd_command1
0x005C	0x0000      	NOP
;eemLCD.c,63 :: 		LATD = cmd;
0x005E	0xFF8CC024  	MOVFF       FARG_lcd_command_cmd, LATD
;eemLCD.c,64 :: 		lcd_enable_pulse();
0x0062	0xDFDC      	RCALL       _lcd_enable_pulse
;eemLCD.c,66 :: 		}
L_end_lcd_command:
0x0064	0x0012      	RETURN      0
; end of _lcd_command
_lcd_print:
;eemLCD.c,77 :: 		void lcd_print(int row, int line, char text[]){
;eemLCD.c,78 :: 		int index = 0;
0x0066	0x6A22      	CLRF        lcd_print_index_L0 
0x0068	0x6A23      	CLRF        lcd_print_index_L0+1 
;eemLCD.c,79 :: 		int _line = 128 + (64 * line - 64);
0x006A	0x0E06      	MOVLW       6
0x006C	0x6E02      	MOVWF       R2 
0x006E	0xF000C01E  	MOVFF       FARG_lcd_print_line, R0
0x0072	0xF001C01F  	MOVFF       FARG_lcd_print_line+1, R1
0x0076	0x5002      	MOVF        R2, 0 
L__lcd_print13:
0x0078	0xE005      	BZ          L__lcd_print14
0x007A	0x3600      	RLCF        R0, 1 
0x007C	0x9000      	BCF         R0, 0 
0x007E	0x3601      	RLCF        R1, 1 
0x0080	0x0FFF      	ADDLW       255
0x0082	0xD7FA      	BRA         L__lcd_print13
L__lcd_print14:
0x0084	0x0E40      	MOVLW       64
0x0086	0x5E00      	SUBWF       R0, 1 
0x0088	0x0E00      	MOVLW       0
0x008A	0x5A01      	SUBWFB      R1, 1 
0x008C	0x0E80      	MOVLW       128
0x008E	0x2400      	ADDWF       R0, 0 
0x0090	0x6E02      	MOVWF       R2 
0x0092	0x0E00      	MOVLW       0
0x0094	0x2001      	ADDWFC      R1, 0 
0x0096	0x6E03      	MOVWF       R3 
;eemLCD.c,80 :: 		int _row  = row - 1;
0x0098	0x0E01      	MOVLW       1
0x009A	0x5C1C      	SUBWF       FARG_lcd_print_row, 0 
0x009C	0x6E00      	MOVWF       R0 
0x009E	0x0E00      	MOVLW       0
0x00A0	0x581D      	SUBWFB      FARG_lcd_print_row+1, 0 
0x00A2	0x6E01      	MOVWF       R1 
;eemLCD.c,83 :: 		LATE  &= 254; //RS = 0
0x00A4	0x0EFE      	MOVLW       254
0x00A6	0x168D      	ANDWF       LATE, 1 
;eemLCD.c,84 :: 		LATD   = _line + _row;
0x00A8	0x5000      	MOVF        R0, 0 
0x00AA	0x2402      	ADDWF       R2, 0 
0x00AC	0x6E8C      	MOVWF       LATD 
;eemLCD.c,85 :: 		lcd_enable_pulse();
0x00AE	0xDFB6      	RCALL       _lcd_enable_pulse
;eemLCD.c,87 :: 		delay_ms(10);
0x00B0	0x0E41      	MOVLW       65
0x00B2	0x6E0C      	MOVWF       R12, 0
0x00B4	0x0EEE      	MOVLW       238
0x00B6	0x6E0D      	MOVWF       R13, 0
L_lcd_print4:
0x00B8	0x2E0D      	DECFSZ      R13, 1, 0
0x00BA	0xD7FE      	BRA         L_lcd_print4
0x00BC	0x2E0C      	DECFSZ      R12, 1, 0
0x00BE	0xD7FC      	BRA         L_lcd_print4
0x00C0	0x0000      	NOP
;eemLCD.c,90 :: 		LATE  |= 1; //RS = 1
0x00C2	0x808D      	BSF         LATE, 0 
;eemLCD.c,91 :: 		for(index = 0; text[index] != 0; index++){
0x00C4	0x6A22      	CLRF        lcd_print_index_L0 
0x00C6	0x6A23      	CLRF        lcd_print_index_L0+1 
L_lcd_print5:
0x00C8	0x5022      	MOVF        lcd_print_index_L0, 0 
0x00CA	0x2420      	ADDWF       FARG_lcd_print_text, 0 
0x00CC	0x6EE9      	MOVWF       FSR0L 
0x00CE	0x5023      	MOVF        lcd_print_index_L0+1, 0 
0x00D0	0x2021      	ADDWFC      FARG_lcd_print_text+1, 0 
0x00D2	0x6EEA      	MOVWF       FSR0L+1 
0x00D4	0x50EE      	MOVF        POSTINC0, 0 
0x00D6	0x0A00      	XORLW       0
0x00D8	0xE00C      	BZ          L_lcd_print6
;eemLCD.c,92 :: 		LATD = text[index];
0x00DA	0x5022      	MOVF        lcd_print_index_L0, 0 
0x00DC	0x2420      	ADDWF       FARG_lcd_print_text, 0 
0x00DE	0x6EE9      	MOVWF       FSR0L 
0x00E0	0x5023      	MOVF        lcd_print_index_L0+1, 0 
0x00E2	0x2021      	ADDWFC      FARG_lcd_print_text+1, 0 
0x00E4	0x6EEA      	MOVWF       FSR0L+1 
0x00E6	0xFF8CCFEE  	MOVFF       POSTINC0, LATD
;eemLCD.c,93 :: 		lcd_enable_pulse();
0x00EA	0xDF98      	RCALL       _lcd_enable_pulse
;eemLCD.c,91 :: 		for(index = 0; text[index] != 0; index++){
0x00EC	0x4A22      	INFSNZ      lcd_print_index_L0, 1 
0x00EE	0x2A23      	INCF        lcd_print_index_L0+1, 1 
;eemLCD.c,94 :: 		}
0x00F0	0xD7EB      	BRA         L_lcd_print5
L_lcd_print6:
;eemLCD.c,97 :: 		}
L_end_lcd_print:
0x00F2	0x0012      	RETURN      0
; end of _lcd_print
___CC2DW:
;__Lib_System.c,21 :: 		
;__Lib_System.c,23 :: 		
_CC2DL_Loop1:
;__Lib_System.c,24 :: 		
0x00F4	0x0009      	TBLRD*+
;__Lib_System.c,25 :: 		
0x00F6	0xFFE6CFF5  	MOVFF       TABLAT, POSTINC1
;__Lib_System.c,26 :: 		
0x00FA	0x0600      	DECF        R0, 1, 0
;__Lib_System.c,27 :: 		
0x00FC	0xE1FB      	BNZ         _CC2DL_Loop1
;__Lib_System.c,28 :: 		
0x00FE	0x0601      	DECF        R1, 1, 0
;__Lib_System.c,29 :: 		
0x0100	0xE1F9      	BNZ         _CC2DL_Loop1
;__Lib_System.c,31 :: 		
L_end___CC2DW:
0x0102	0x0012      	RETURN      0
; end of ___CC2DW
_init_lcd:
;eemLCD.c,45 :: 		void init_lcd(){
;eemLCD.c,46 :: 		TRISE &= 248;
0x0104	0x0EF8      	MOVLW       248
0x0106	0x1696      	ANDWF       TRISE, 1 
;eemLCD.c,47 :: 		TRISD  = 0;
0x0108	0x6A95      	CLRF        TRISD 
;eemLCD.c,48 :: 		delay_ms(10);
0x010A	0x0E41      	MOVLW       65
0x010C	0x6E0C      	MOVWF       R12, 0
0x010E	0x0EEE      	MOVLW       238
0x0110	0x6E0D      	MOVWF       R13, 0
L_init_lcd0:
0x0112	0x2E0D      	DECFSZ      R13, 1, 0
0x0114	0xD7FE      	BRA         L_init_lcd0
0x0116	0x2E0C      	DECFSZ      R12, 1, 0
0x0118	0xD7FC      	BRA         L_init_lcd0
0x011A	0x0000      	NOP
;eemLCD.c,50 :: 		lcd_command(_lcd_start);
0x011C	0x0E38      	MOVLW       56
0x011E	0x6E24      	MOVWF       FARG_lcd_command_cmd 
0x0120	0x0E00      	MOVLW       0
0x0122	0x6E25      	MOVWF       FARG_lcd_command_cmd+1 
0x0124	0xDF91      	RCALL       _lcd_command
;eemLCD.c,51 :: 		lcd_command(_lcd_display_on);
0x0126	0x0E0C      	MOVLW       12
0x0128	0x6E24      	MOVWF       FARG_lcd_command_cmd 
0x012A	0x0E00      	MOVLW       0
0x012C	0x6E25      	MOVWF       FARG_lcd_command_cmd+1 
0x012E	0xDF8C      	RCALL       _lcd_command
;eemLCD.c,52 :: 		lcd_command(_lcd_cursor_blink);
0x0130	0x0E0F      	MOVLW       15
0x0132	0x6E24      	MOVWF       FARG_lcd_command_cmd 
0x0134	0x0E00      	MOVLW       0
0x0136	0x6E25      	MOVWF       FARG_lcd_command_cmd+1 
0x0138	0xDF87      	RCALL       _lcd_command
;eemLCD.c,53 :: 		lcd_command(_lcd_cursor_home);
0x013A	0x0E02      	MOVLW       2
0x013C	0x6E24      	MOVWF       FARG_lcd_command_cmd 
0x013E	0x0E00      	MOVLW       0
0x0140	0x6E25      	MOVWF       FARG_lcd_command_cmd+1 
0x0142	0xDF82      	RCALL       _lcd_command
;eemLCD.c,54 :: 		lcd_command(_lcd_clear);
0x0144	0x0E01      	MOVLW       1
0x0146	0x6E24      	MOVWF       FARG_lcd_command_cmd 
0x0148	0x0E00      	MOVLW       0
0x014A	0x6E25      	MOVWF       FARG_lcd_command_cmd+1 
0x014C	0xDF7D      	RCALL       _lcd_command
;eemLCD.c,57 :: 		}
L_end_init_lcd:
0x014E	0x0012      	RETURN      0
; end of _init_lcd
_main:
0x0150	0x0E77      	MOVLW       119
0x0152	0x6E15      	MOVWF       ?lstr1_eemLCD 
0x0154	0x0E61      	MOVLW       97
0x0156	0x6E16      	MOVWF       22 
0x0158	0x0E73      	MOVLW       115
0x015A	0x6E17      	MOVWF       23 
0x015C	0x0E73      	MOVLW       115
0x015E	0x6E18      	MOVWF       24 
0x0160	0x0E75      	MOVLW       117
0x0162	0x6E19      	MOVWF       25 
0x0164	0x0E70      	MOVLW       112
0x0166	0x6E1A      	MOVWF       26 
0x0168	0x6A1B      	CLRF        27 
;eemLCD.c,30 :: 		void main() {
;eemLCD.c,32 :: 		ADCON1 = 0x0F;
0x016A	0x0E0F      	MOVLW       15
0x016C	0x6EC1      	MOVWF       ADCON1 
;eemLCD.c,34 :: 		init_lcd();
0x016E	0xDFCA      	RCALL       _init_lcd
;eemLCD.c,36 :: 		lcd_print(8,2,"wassup");
0x0170	0x0E08      	MOVLW       8
0x0172	0x6E1C      	MOVWF       FARG_lcd_print_row 
0x0174	0x0E00      	MOVLW       0
0x0176	0x6E1D      	MOVWF       FARG_lcd_print_row+1 
0x0178	0x0E02      	MOVLW       2
0x017A	0x6E1E      	MOVWF       FARG_lcd_print_line 
0x017C	0x0E00      	MOVLW       0
0x017E	0x6E1F      	MOVWF       FARG_lcd_print_line+1 
0x0180	0x0E15      	MOVLW       ?lstr1_eemLCD
0x0182	0x6E20      	MOVWF       FARG_lcd_print_text 
0x0184	0x0E00      	MOVLW       hi_addr(?lstr1_eemLCD)
0x0186	0x6E21      	MOVWF       FARG_lcd_print_text+1 
0x0188	0xDF6E      	RCALL       _lcd_print
;eemLCD.c,42 :: 		}
L_end_main:
0x018A	0xD7FF      	BRA         $+0
; end of _main
Symbol List:
//** Routines locations **
//ADDRESS    SIZE    PROCEDURE
//----------------------------------------------
0x001C      [44]    _lcd_enable_pulse
0x0048      [30]    _lcd_command
0x0066     [142]    _lcd_print
0x00F4      [16]    ___CC2DW
0x0104      [76]    _init_lcd
0x0150      [60]    _main
//** Variables locations ** 
//ADDRESS    SIZE    VARIABLE
//----------------------------------------------
0x0000       [1]    R0
0x0001       [1]    R1
0x0002       [1]    R2
0x0003       [1]    R3
0x0004       [1]    R4
0x0005       [1]    R5
0x0006       [1]    R6
0x0007       [1]    R7
0x0008       [1]    R8
0x0009       [1]    R9
0x000A       [1]    R10
0x000B       [1]    R11
0x000C       [1]    R12
0x000D       [1]    R13
0x000E       [1]    R14
0x000F       [1]    R15
0x0010       [1]    R16
0x0011       [1]    R17
0x0012       [1]    R18
0x0013       [1]    R19
0x0014       [1]    R20
0x0015       [7]    ?lstr1_eemLCD
0x001C       [2]    FARG_lcd_print_row
0x001E       [2]    FARG_lcd_print_line
0x0020       [2]    FARG_lcd_print_text
0x0022       [2]    lcd_print_index_L0
0x0024       [2]    FARG_lcd_command_cmd
0x0F8C       [1]    LATD
0x0F8D       [1]    LATE
0x0F95       [1]    TRISD
0x0F96       [1]    TRISE
0x0FC1       [1]    ADCON1
0x0FD8       [1]    STATUS
0x0FD9       [1]    FSR2L
0x0FDA       [1]    FSR2H
0x0FDE       [1]    POSTINC2
0x0FE0       [1]    BSR
0x0FE1       [1]    FSR1L
0x0FE2       [1]    FSR1H
0x0FE4       [1]    PREINC1
0x0FE6       [1]    POSTINC1
0x0FE7       [1]    INDF1
0x0FE8       [1]    WREG
0x0FE9       [1]    FSR0L
0x0FEA       [1]    FSR0H
0x0FEE       [1]    POSTINC0
0x0FF3       [1]    PRODL
0x0FF4       [1]    PRODH
0x0FF5       [1]    TABLAT
0x0FF6       [1]    TBLPTRL
0x0FF7       [1]    TBLPTRH
0x0FF8       [1]    TBLPTRU
