;  LST file generated by mikroListExporter - v.2.0 
; Date/Time: 08/10/2024 19:09:49
;----------------------------------------------

;Address Opcode 	ASM
0x0000	0xF001EFFE  	GOTO        1020
0x0004	0x0000      	NOP
0x0006	0x0000      	NOP
0x0008	0xF000EF00  	GOTO        0
0x000C	0x0000      	NOP
0x000E	0x0000      	NOP
0x0010	0x0000      	NOP
0x0012	0x0000      	NOP
0x0014	0x0000      	NOP
0x0016	0x0000      	NOP
0x0018	0xD7F3      	BRA         0
_Delay_1us:
;__Lib_Delays.c,7 :: 		void Delay_1us() {
;__Lib_Delays.c,8 :: 		Delay_us(1);
0x001C	0x0000      	NOP
0x001E	0x0000      	NOP
0x0020	0x0000      	NOP
0x0022	0x0000      	NOP
0x0024	0x0000      	NOP
;__Lib_Delays.c,9 :: 		}
L_end_Delay_1us:
0x0026	0x0012      	RETURN      0
; end of _Delay_1us
_Delay_5500us:
;__Lib_Delays.c,31 :: 		void Delay_5500us() {
;__Lib_Delays.c,32 :: 		Delay_us(5500);
0x0028	0x0E24      	MOVLW       36
0x002A	0x6E0C      	MOVWF       R12, 0
0x002C	0x0EB5      	MOVLW       181
0x002E	0x6E0D      	MOVWF       R13, 0
L_Delay_5500us5:
0x0030	0x2E0D      	DECFSZ      R13, 1, 0
0x0032	0xD7FE      	BRA         L_Delay_5500us5
0x0034	0x2E0C      	DECFSZ      R12, 1, 0
0x0036	0xD7FC      	BRA         L_Delay_5500us5
0x0038	0x0000      	NOP
0x003A	0x0000      	NOP
;__Lib_Delays.c,33 :: 		}
L_end_Delay_5500us:
0x003C	0x0012      	RETURN      0
; end of _Delay_5500us
_Delay_50us:
;__Lib_Delays.c,19 :: 		void Delay_50us() {
;__Lib_Delays.c,20 :: 		Delay_us(50);
0x003E	0x0E53      	MOVLW       83
0x0040	0x6E0D      	MOVWF       R13, 0
L_Delay_50us2:
0x0042	0x2E0D      	DECFSZ      R13, 1, 0
0x0044	0xD7FE      	BRA         L_Delay_50us2
;__Lib_Delays.c,21 :: 		}
L_end_Delay_50us:
0x0046	0x0012      	RETURN      0
; end of _Delay_50us
_Div_16X16_U:
;__Lib_Math.c,102 :: 		
;__Lib_Math.c,109 :: 		
0x0048	0x6A08      	CLRF        R8, 0
;__Lib_Math.c,110 :: 		
0x004A	0x6A09      	CLRF        R9, 0
;__Lib_Math.c,111 :: 		
0x004C	0x0E10      	MOVLW       16
;__Lib_Math.c,112 :: 		
0x004E	0x6E0C      	MOVWF       R12, 0
;__Lib_Math.c,113 :: 		
0x0050	0x3401      	RLCF        R1, 0, 0
;__Lib_Math.c,114 :: 		
0x0052	0x3608      	RLCF        R8, 1, 0
;__Lib_Math.c,115 :: 		
0x0054	0x3609      	RLCF        R9, 1, 0
;__Lib_Math.c,116 :: 		
0x0056	0x5004      	MOVF        R4, 0, 0
;__Lib_Math.c,117 :: 		
0x0058	0x5E08      	SUBWF       R8, 1, 0
;__Lib_Math.c,118 :: 		
0x005A	0x5005      	MOVF        R5, 0, 0
;__Lib_Math.c,119 :: 		
0x005C	0xA0D8      	BTFSS       STATUS, 0, 0
;__Lib_Math.c,120 :: 		
0x005E	0x3C05      	INCFSZ      R5, 0, 0
;__Lib_Math.c,121 :: 		
0x0060	0x5E09      	SUBWF       R9, 1, 0
;__Lib_Math.c,122 :: 		
0x0062	0xB0D8      	BTFSC       STATUS, 0, 0
;__Lib_Math.c,123 :: 		
0x0064	0xD007      	BRA         $+16
;__Lib_Math.c,124 :: 		
0x0066	0x5004      	MOVF        R4, 0, 0
;__Lib_Math.c,125 :: 		
0x0068	0x2608      	ADDWF       R8, 1, 0
;__Lib_Math.c,126 :: 		
0x006A	0x5005      	MOVF        R5, 0, 0
;__Lib_Math.c,127 :: 		
0x006C	0xB0D8      	BTFSC       STATUS, 0, 0
;__Lib_Math.c,128 :: 		
0x006E	0x3C05      	INCFSZ      R5, 0, 0
;__Lib_Math.c,129 :: 		
0x0070	0x2609      	ADDWF       R9, 1, 0
;__Lib_Math.c,130 :: 		
0x0072	0x90D8      	BCF         STATUS, 0, 0
;__Lib_Math.c,131 :: 		
0x0074	0x3600      	RLCF        R0, 1, 0
;__Lib_Math.c,132 :: 		
0x0076	0x3601      	RLCF        R1, 1, 0
;__Lib_Math.c,133 :: 		
0x0078	0x2E0C      	DECFSZ      R12, 1, 0
;__Lib_Math.c,134 :: 		
0x007A	0xD7EA      	BRA         $-42
;__Lib_Math.c,136 :: 		
L_end_Div_16X16_U:
0x007C	0x0012      	RETURN      0
; end of _Div_16X16_U
_Lcd_Cmd:
;__Lib_Lcd.c,18 :: 		
;__Lib_Lcd.c,20 :: 		
0x007E	0xBE3B      	BTFSC       FARG_Lcd_Cmd_out_char, 7 
0x0080	0xD002      	BRA         L__Lcd_Cmd21
0x0082	0x9E83      	BCF         LCD_D7, BitPos(LCD_D7+0) 
0x0084	0xD001      	BRA         L__Lcd_Cmd22
L__Lcd_Cmd21:
0x0086	0x8E83      	BSF         LCD_D7, BitPos(LCD_D7+0) 
L__Lcd_Cmd22:
;__Lib_Lcd.c,21 :: 		
0x0088	0xBC3B      	BTFSC       FARG_Lcd_Cmd_out_char, 6 
0x008A	0xD002      	BRA         L__Lcd_Cmd23
0x008C	0x9C83      	BCF         LCD_D6, BitPos(LCD_D6+0) 
0x008E	0xD001      	BRA         L__Lcd_Cmd24
L__Lcd_Cmd23:
0x0090	0x8C83      	BSF         LCD_D6, BitPos(LCD_D6+0) 
L__Lcd_Cmd24:
;__Lib_Lcd.c,22 :: 		
0x0092	0xBA3B      	BTFSC       FARG_Lcd_Cmd_out_char, 5 
0x0094	0xD002      	BRA         L__Lcd_Cmd25
0x0096	0x9A83      	BCF         LCD_D5, BitPos(LCD_D5+0) 
0x0098	0xD001      	BRA         L__Lcd_Cmd26
L__Lcd_Cmd25:
0x009A	0x8A83      	BSF         LCD_D5, BitPos(LCD_D5+0) 
L__Lcd_Cmd26:
;__Lib_Lcd.c,23 :: 		
0x009C	0xB83B      	BTFSC       FARG_Lcd_Cmd_out_char, 4 
0x009E	0xD002      	BRA         L__Lcd_Cmd27
0x00A0	0x9883      	BCF         LCD_D4, BitPos(LCD_D4+0) 
0x00A2	0xD001      	BRA         L__Lcd_Cmd28
L__Lcd_Cmd27:
0x00A4	0x8883      	BSF         LCD_D4, BitPos(LCD_D4+0) 
L__Lcd_Cmd28:
;__Lib_Lcd.c,25 :: 		
0x00A6	0xB029      	BTFSC       __Lib_Lcd_cmd_status, BitPos(__Lib_Lcd_cmd_status+0) 
0x00A8	0xD002      	BRA         L__Lcd_Cmd29
0x00AA	0x8084      	BSF         LCD_RS, BitPos(LCD_RS+0) 
0x00AC	0xD001      	BRA         L__Lcd_Cmd30
L__Lcd_Cmd29:
0x00AE	0x9084      	BCF         LCD_RS, BitPos(LCD_RS+0) 
L__Lcd_Cmd30:
;__Lib_Lcd.c,28 :: 		
0x00B0	0x8484      	BSF         LCD_EN, BitPos(LCD_EN+0) 
;__Lib_Lcd.c,29 :: 		
0x00B2	0xDFB4      	RCALL       _Delay_1us
;__Lib_Lcd.c,30 :: 		
0x00B4	0x9484      	BCF         LCD_EN, BitPos(LCD_EN+0) 
;__Lib_Lcd.c,33 :: 		
0x00B6	0xB63B      	BTFSC       FARG_Lcd_Cmd_out_char, 3 
0x00B8	0xD002      	BRA         L__Lcd_Cmd31
0x00BA	0x9E83      	BCF         LCD_D7, BitPos(LCD_D7+0) 
0x00BC	0xD001      	BRA         L__Lcd_Cmd32
L__Lcd_Cmd31:
0x00BE	0x8E83      	BSF         LCD_D7, BitPos(LCD_D7+0) 
L__Lcd_Cmd32:
;__Lib_Lcd.c,34 :: 		
0x00C0	0xB43B      	BTFSC       FARG_Lcd_Cmd_out_char, 2 
0x00C2	0xD002      	BRA         L__Lcd_Cmd33
0x00C4	0x9C83      	BCF         LCD_D6, BitPos(LCD_D6+0) 
0x00C6	0xD001      	BRA         L__Lcd_Cmd34
L__Lcd_Cmd33:
0x00C8	0x8C83      	BSF         LCD_D6, BitPos(LCD_D6+0) 
L__Lcd_Cmd34:
;__Lib_Lcd.c,35 :: 		
0x00CA	0xB23B      	BTFSC       FARG_Lcd_Cmd_out_char, 1 
0x00CC	0xD002      	BRA         L__Lcd_Cmd35
0x00CE	0x9A83      	BCF         LCD_D5, BitPos(LCD_D5+0) 
0x00D0	0xD001      	BRA         L__Lcd_Cmd36
L__Lcd_Cmd35:
0x00D2	0x8A83      	BSF         LCD_D5, BitPos(LCD_D5+0) 
L__Lcd_Cmd36:
;__Lib_Lcd.c,36 :: 		
0x00D4	0xB03B      	BTFSC       FARG_Lcd_Cmd_out_char, 0 
0x00D6	0xD002      	BRA         L__Lcd_Cmd37
0x00D8	0x9883      	BCF         LCD_D4, BitPos(LCD_D4+0) 
0x00DA	0xD001      	BRA         L__Lcd_Cmd38
L__Lcd_Cmd37:
0x00DC	0x8883      	BSF         LCD_D4, BitPos(LCD_D4+0) 
L__Lcd_Cmd38:
;__Lib_Lcd.c,38 :: 		
0x00DE	0xB029      	BTFSC       __Lib_Lcd_cmd_status, BitPos(__Lib_Lcd_cmd_status+0) 
0x00E0	0xD002      	BRA         L__Lcd_Cmd39
0x00E2	0x8084      	BSF         LCD_RS, BitPos(LCD_RS+0) 
0x00E4	0xD001      	BRA         L__Lcd_Cmd40
L__Lcd_Cmd39:
0x00E6	0x9084      	BCF         LCD_RS, BitPos(LCD_RS+0) 
L__Lcd_Cmd40:
;__Lib_Lcd.c,40 :: 		
0x00E8	0x8484      	BSF         LCD_EN, BitPos(LCD_EN+0) 
;__Lib_Lcd.c,41 :: 		
0x00EA	0xDF98      	RCALL       _Delay_1us
;__Lib_Lcd.c,42 :: 		
0x00EC	0x9484      	BCF         LCD_EN, BitPos(LCD_EN+0) 
;__Lib_Lcd.c,44 :: 		
0x00EE	0xA029      	BTFSS       __Lib_Lcd_cmd_status, BitPos(__Lib_Lcd_cmd_status+0) 
0x00F0	0xD002      	BRA         L_Lcd_Cmd0
;__Lib_Lcd.c,45 :: 		
0x00F2	0xDF9A      	RCALL       _Delay_5500us
0x00F4	0xD001      	BRA         L_Lcd_Cmd1
L_Lcd_Cmd0:
;__Lib_Lcd.c,47 :: 		
0x00F6	0xDFA3      	RCALL       _Delay_50us
L_Lcd_Cmd1:
;__Lib_Lcd.c,48 :: 		
L_end_Lcd_Cmd:
0x00F8	0x0012      	RETURN      0
; end of _Lcd_Cmd
_Lcd_Chr_CP:
;__Lib_Lcd.c,50 :: 		
;__Lib_Lcd.c,52 :: 		
0x00FA	0x9029      	BCF         __Lib_Lcd_cmd_status, BitPos(__Lib_Lcd_cmd_status+0) 
;__Lib_Lcd.c,53 :: 		
0x00FC	0xF03BC034  	MOVFF       FARG_Lcd_Chr_CP_out_char, FARG_Lcd_Cmd_out_char
0x0100	0xDFBE      	RCALL       _Lcd_Cmd
;__Lib_Lcd.c,54 :: 		
0x0102	0x8029      	BSF         __Lib_Lcd_cmd_status, BitPos(__Lib_Lcd_cmd_status+0) 
;__Lib_Lcd.c,55 :: 		
L_end_Lcd_Chr_CP:
0x0104	0x0012      	RETURN      0
; end of _Lcd_Chr_CP
_WordToStr:
;__Lib_Conversions.c,98 :: 		
;__Lib_Conversions.c,103 :: 		
0x0106	0x6A38      	CLRF        WordToStr_len_L0 
L_WordToStr11:
0x0108	0x0E05      	MOVLW       5
0x010A	0x5C38      	SUBWF       WordToStr_len_L0, 0 
0x010C	0xE20A      	BC          L_WordToStr12
;__Lib_Conversions.c,104 :: 		
0x010E	0x5038      	MOVF        WordToStr_len_L0, 0 
0x0110	0x2436      	ADDWF       FARG_WordToStr_output, 0 
0x0112	0x6EE1      	MOVWF       FSR1L 
0x0114	0x0E00      	MOVLW       0
0x0116	0x2037      	ADDWFC      FARG_WordToStr_output+1, 0 
0x0118	0x6EE2      	MOVWF       FSR1L+1 
0x011A	0x0E20      	MOVLW       32
0x011C	0x6EE6      	MOVWF       POSTINC1 
;__Lib_Conversions.c,103 :: 		
0x011E	0x2A38      	INCF        WordToStr_len_L0, 1 
;__Lib_Conversions.c,104 :: 		
0x0120	0xD7F3      	BRA         L_WordToStr11
L_WordToStr12:
;__Lib_Conversions.c,105 :: 		
0x0122	0x5038      	MOVF        WordToStr_len_L0, 0 
0x0124	0x2436      	ADDWF       FARG_WordToStr_output, 0 
0x0126	0x6EE1      	MOVWF       FSR1L 
0x0128	0x0E00      	MOVLW       0
0x012A	0x2037      	ADDWFC      FARG_WordToStr_output+1, 0 
0x012C	0x6EE2      	MOVWF       FSR1L+1 
0x012E	0x6AE6      	CLRF        POSTINC1 
0x0130	0x0638      	DECF        WordToStr_len_L0, 1 
;__Lib_Conversions.c,107 :: 		
L_WordToStr14:
;__Lib_Conversions.c,108 :: 		
0x0132	0x5038      	MOVF        WordToStr_len_L0, 0 
0x0134	0x2436      	ADDWF       FARG_WordToStr_output, 0 
0x0136	0x6E39      	MOVWF       FLOC__WordToStr 
0x0138	0x0E00      	MOVLW       0
0x013A	0x2037      	ADDWFC      FARG_WordToStr_output+1, 0 
0x013C	0x6E3A      	MOVWF       FLOC__WordToStr+1 
0x013E	0x0E0A      	MOVLW       10
0x0140	0x6E04      	MOVWF       R4 
0x0142	0x0E00      	MOVLW       0
0x0144	0x6E05      	MOVWF       R5 
0x0146	0xF000C034  	MOVFF       FARG_WordToStr_input, R0
0x014A	0xF001C035  	MOVFF       FARG_WordToStr_input+1, R1
0x014E	0xDF7C      	RCALL       _Div_16X16_U
0x0150	0xF000C008  	MOVFF       R8, R0
0x0154	0xF001C009  	MOVFF       R9, R1
0x0158	0x0E30      	MOVLW       48
0x015A	0x2600      	ADDWF       R0, 1 
0x015C	0xFFE1C039  	MOVFF       FLOC__WordToStr, FSR1L
0x0160	0xFFE2C03A  	MOVFF       FLOC__WordToStr+1, FSR1H
0x0164	0xFFE6C000  	MOVFF       R0, POSTINC1
;__Lib_Conversions.c,109 :: 		
0x0168	0x0E0A      	MOVLW       10
0x016A	0x6E04      	MOVWF       R4 
0x016C	0x0E00      	MOVLW       0
0x016E	0x6E05      	MOVWF       R5 
0x0170	0xF000C034  	MOVFF       FARG_WordToStr_input, R0
0x0174	0xF001C035  	MOVFF       FARG_WordToStr_input+1, R1
0x0178	0xDF67      	RCALL       _Div_16X16_U
0x017A	0xF034C000  	MOVFF       R0, FARG_WordToStr_input
0x017E	0xF035C001  	MOVFF       R1, FARG_WordToStr_input+1
;__Lib_Conversions.c,110 :: 		
0x0182	0x0E00      	MOVLW       0
0x0184	0x1801      	XORWF       R1, 0 
0x0186	0xE102      	BNZ         L__WordToStr379
0x0188	0x0E00      	MOVLW       0
0x018A	0x1800      	XORWF       R0, 0 
L__WordToStr379:
0x018C	0xE101      	BNZ         L_WordToStr16
;__Lib_Conversions.c,111 :: 		
0x018E	0xD002      	BRA         L_WordToStr15
L_WordToStr16:
;__Lib_Conversions.c,112 :: 		
0x0190	0x0638      	DECF        WordToStr_len_L0, 1 
;__Lib_Conversions.c,113 :: 		
0x0192	0xD7CF      	BRA         L_WordToStr14
L_WordToStr15:
;__Lib_Conversions.c,114 :: 		
L_end_WordToStr:
0x0194	0x0012      	RETURN      0
; end of _WordToStr
___CC2DW:
;__Lib_System.c,21 :: 		
;__Lib_System.c,23 :: 		
_CC2DL_Loop1:
;__Lib_System.c,24 :: 		
0x0196	0x0009      	TBLRD*+
;__Lib_System.c,25 :: 		
0x0198	0xFFE6CFF5  	MOVFF       TABLAT, POSTINC1
;__Lib_System.c,26 :: 		
0x019C	0x0600      	DECF        R0, 1, 0
;__Lib_System.c,27 :: 		
0x019E	0xE1FB      	BNZ         _CC2DL_Loop1
;__Lib_System.c,28 :: 		
0x01A0	0x0601      	DECF        R1, 1, 0
;__Lib_System.c,29 :: 		
0x01A2	0xE1F9      	BNZ         _CC2DL_Loop1
;__Lib_System.c,31 :: 		
L_end___CC2DW:
0x01A4	0x0012      	RETURN      0
; end of ___CC2DW
_Lcd_Init:
;__Lib_Lcd.c,84 :: 		
;__Lib_Lcd.c,86 :: 		
0x01A6	0x9496      	BCF         LCD_EN_Direction, BitPos(LCD_EN_Direction+0) 
;__Lib_Lcd.c,87 :: 		
0x01A8	0x9096      	BCF         LCD_RS_Direction, BitPos(LCD_RS_Direction+0) 
;__Lib_Lcd.c,88 :: 		
0x01AA	0x9895      	BCF         LCD_D4_Direction, BitPos(LCD_D4_Direction+0) 
;__Lib_Lcd.c,89 :: 		
0x01AC	0x9A95      	BCF         LCD_D5_Direction, BitPos(LCD_D5_Direction+0) 
;__Lib_Lcd.c,90 :: 		
0x01AE	0x9C95      	BCF         LCD_D6_Direction, BitPos(LCD_D6_Direction+0) 
;__Lib_Lcd.c,91 :: 		
0x01B0	0x9E95      	BCF         LCD_D7_Direction, BitPos(LCD_D7_Direction+0) 
;__Lib_Lcd.c,93 :: 		
0x01B2	0x9484      	BCF         LCD_EN, BitPos(LCD_EN+0) 
;__Lib_Lcd.c,94 :: 		
0x01B4	0x9084      	BCF         LCD_RS, BitPos(LCD_RS+0) 
;__Lib_Lcd.c,95 :: 		
0x01B6	0x9E83      	BCF         LCD_D7, BitPos(LCD_D7+0) 
;__Lib_Lcd.c,96 :: 		
0x01B8	0x9C83      	BCF         LCD_D6, BitPos(LCD_D6+0) 
;__Lib_Lcd.c,97 :: 		
0x01BA	0x9A83      	BCF         LCD_D5, BitPos(LCD_D5+0) 
;__Lib_Lcd.c,98 :: 		
0x01BC	0x9883      	BCF         LCD_D4, BitPos(LCD_D4+0) 
;__Lib_Lcd.c,100 :: 		
0x01BE	0xDF34      	RCALL       _Delay_5500us
;__Lib_Lcd.c,101 :: 		
0x01C0	0xDF33      	RCALL       _Delay_5500us
;__Lib_Lcd.c,102 :: 		
0x01C2	0xDF32      	RCALL       _Delay_5500us
;__Lib_Lcd.c,105 :: 		
0x01C4	0x8A83      	BSF         LCD_D5, BitPos(LCD_D5+0) 
;__Lib_Lcd.c,106 :: 		
0x01C6	0x8883      	BSF         LCD_D4, BitPos(LCD_D4+0) 
;__Lib_Lcd.c,107 :: 		
0x01C8	0x8484      	BSF         LCD_EN, BitPos(LCD_EN+0) 
;__Lib_Lcd.c,108 :: 		
0x01CA	0xDF28      	RCALL       _Delay_1us
;__Lib_Lcd.c,109 :: 		
0x01CC	0x9484      	BCF         LCD_EN, BitPos(LCD_EN+0) 
;__Lib_Lcd.c,110 :: 		
0x01CE	0xDF2C      	RCALL       _Delay_5500us
;__Lib_Lcd.c,112 :: 		
0x01D0	0x8484      	BSF         LCD_EN, BitPos(LCD_EN+0) 
;__Lib_Lcd.c,113 :: 		
0x01D2	0xDF24      	RCALL       _Delay_1us
;__Lib_Lcd.c,114 :: 		
0x01D4	0x9484      	BCF         LCD_EN, BitPos(LCD_EN+0) 
;__Lib_Lcd.c,115 :: 		
0x01D6	0xDF28      	RCALL       _Delay_5500us
;__Lib_Lcd.c,117 :: 		
0x01D8	0x8484      	BSF         LCD_EN, BitPos(LCD_EN+0) 
;__Lib_Lcd.c,118 :: 		
0x01DA	0xDF20      	RCALL       _Delay_1us
;__Lib_Lcd.c,119 :: 		
0x01DC	0x9484      	BCF         LCD_EN, BitPos(LCD_EN+0) 
;__Lib_Lcd.c,120 :: 		
0x01DE	0xDF24      	RCALL       _Delay_5500us
;__Lib_Lcd.c,123 :: 		
0x01E0	0x9883      	BCF         LCD_D4, BitPos(LCD_D4+0) 
;__Lib_Lcd.c,124 :: 		
0x01E2	0x8484      	BSF         LCD_EN, BitPos(LCD_EN+0) 
;__Lib_Lcd.c,125 :: 		
0x01E4	0xDF1B      	RCALL       _Delay_1us
;__Lib_Lcd.c,126 :: 		
0x01E6	0x9484      	BCF         LCD_EN, BitPos(LCD_EN+0) 
;__Lib_Lcd.c,127 :: 		
0x01E8	0xDF1F      	RCALL       _Delay_5500us
;__Lib_Lcd.c,130 :: 		
0x01EA	0x8484      	BSF         LCD_EN, BitPos(LCD_EN+0) 
;__Lib_Lcd.c,131 :: 		
0x01EC	0xDF17      	RCALL       _Delay_1us
;__Lib_Lcd.c,132 :: 		
0x01EE	0x9484      	BCF         LCD_EN, BitPos(LCD_EN+0) 
;__Lib_Lcd.c,134 :: 		
0x01F0	0x9A83      	BCF         LCD_D5, BitPos(LCD_D5+0) 
;__Lib_Lcd.c,135 :: 		
0x01F2	0x8E83      	BSF         LCD_D7, BitPos(LCD_D7+0) 
;__Lib_Lcd.c,136 :: 		
0x01F4	0x8484      	BSF         LCD_EN, BitPos(LCD_EN+0) 
;__Lib_Lcd.c,137 :: 		
0x01F6	0xDF12      	RCALL       _Delay_1us
;__Lib_Lcd.c,138 :: 		
0x01F8	0x9484      	BCF         LCD_EN, BitPos(LCD_EN+0) 
;__Lib_Lcd.c,139 :: 		
0x01FA	0xDF16      	RCALL       _Delay_5500us
;__Lib_Lcd.c,142 :: 		
0x01FC	0x9E83      	BCF         LCD_D7, BitPos(LCD_D7+0) 
;__Lib_Lcd.c,143 :: 		
0x01FE	0x8883      	BSF         LCD_D4, BitPos(LCD_D4+0) 
;__Lib_Lcd.c,144 :: 		
0x0200	0x8484      	BSF         LCD_EN, BitPos(LCD_EN+0) 
;__Lib_Lcd.c,145 :: 		
0x0202	0xDF0C      	RCALL       _Delay_1us
;__Lib_Lcd.c,146 :: 		
0x0204	0x9484      	BCF         LCD_EN, BitPos(LCD_EN+0) 
;__Lib_Lcd.c,148 :: 		
0x0206	0x9883      	BCF         LCD_D4, BitPos(LCD_D4+0) 
;__Lib_Lcd.c,149 :: 		
0x0208	0x8484      	BSF         LCD_EN, BitPos(LCD_EN+0) 
;__Lib_Lcd.c,150 :: 		
0x020A	0xDF08      	RCALL       _Delay_1us
;__Lib_Lcd.c,151 :: 		
0x020C	0x9484      	BCF         LCD_EN, BitPos(LCD_EN+0) 
;__Lib_Lcd.c,152 :: 		
0x020E	0xDF0C      	RCALL       _Delay_5500us
;__Lib_Lcd.c,155 :: 		
0x0210	0x8484      	BSF         LCD_EN, BitPos(LCD_EN+0) 
;__Lib_Lcd.c,156 :: 		
0x0212	0xDF04      	RCALL       _Delay_1us
;__Lib_Lcd.c,157 :: 		
0x0214	0x9484      	BCF         LCD_EN, BitPos(LCD_EN+0) 
;__Lib_Lcd.c,159 :: 		
0x0216	0x8883      	BSF         LCD_D4, BitPos(LCD_D4+0) 
;__Lib_Lcd.c,160 :: 		
0x0218	0x8484      	BSF         LCD_EN, BitPos(LCD_EN+0) 
;__Lib_Lcd.c,161 :: 		
0x021A	0xDF00      	RCALL       _Delay_1us
;__Lib_Lcd.c,162 :: 		
0x021C	0x9484      	BCF         LCD_EN, BitPos(LCD_EN+0) 
;__Lib_Lcd.c,163 :: 		
0x021E	0xDF04      	RCALL       _Delay_5500us
;__Lib_Lcd.c,166 :: 		
0x0220	0x9883      	BCF         LCD_D4, BitPos(LCD_D4+0) 
;__Lib_Lcd.c,167 :: 		
0x0222	0x8484      	BSF         LCD_EN, BitPos(LCD_EN+0) 
;__Lib_Lcd.c,168 :: 		
0x0224	0xDEFB      	RCALL       _Delay_1us
;__Lib_Lcd.c,169 :: 		
0x0226	0x9484      	BCF         LCD_EN, BitPos(LCD_EN+0) 
;__Lib_Lcd.c,171 :: 		
0x0228	0x8E83      	BSF         LCD_D7, BitPos(LCD_D7+0) 
;__Lib_Lcd.c,172 :: 		
0x022A	0x8C83      	BSF         LCD_D6, BitPos(LCD_D6+0) 
;__Lib_Lcd.c,173 :: 		
0x022C	0x8A83      	BSF         LCD_D5, BitPos(LCD_D5+0) 
;__Lib_Lcd.c,174 :: 		
0x022E	0x8883      	BSF         LCD_D4, BitPos(LCD_D4+0) 
;__Lib_Lcd.c,175 :: 		
0x0230	0x8484      	BSF         LCD_EN, BitPos(LCD_EN+0) 
;__Lib_Lcd.c,176 :: 		
0x0232	0xDEF4      	RCALL       _Delay_1us
;__Lib_Lcd.c,177 :: 		
0x0234	0x9484      	BCF         LCD_EN, BitPos(LCD_EN+0) 
;__Lib_Lcd.c,179 :: 		
0x0236	0xDEF8      	RCALL       _Delay_5500us
;__Lib_Lcd.c,181 :: 		
0x0238	0x8029      	BSF         __Lib_Lcd_cmd_status, BitPos(__Lib_Lcd_cmd_status+0) 
;__Lib_Lcd.c,182 :: 		
L_end_Lcd_Init:
0x023A	0x0012      	RETURN      0
; end of _Lcd_Init
_IntToStr:
;__Lib_Conversions.c,195 :: 		
;__Lib_Conversions.c,201 :: 		
0x023C	0x6A30      	CLRF        IntToStr_negative_L0 
0x023E	0x6A31      	CLRF        IntToStr_negative_L0+1 
;__Lib_Conversions.c,202 :: 		
0x0240	0xF032C02A  	MOVFF       FARG_IntToStr_input, IntToStr_inword_L0
0x0244	0xF033C02B  	MOVFF       FARG_IntToStr_input+1, IntToStr_inword_L0+1
;__Lib_Conversions.c,203 :: 		
0x0248	0x0E80      	MOVLW       128
0x024A	0x182B      	XORWF       FARG_IntToStr_input+1, 0 
0x024C	0x6E00      	MOVWF       R0 
0x024E	0x0E80      	MOVLW       128
0x0250	0x5C00      	SUBWF       R0, 0 
0x0252	0xE102      	BNZ         L__IntToStr387
0x0254	0x0E00      	MOVLW       0
0x0256	0x5C2A      	SUBWF       FARG_IntToStr_input, 0 
L__IntToStr387:
0x0258	0xE20B      	BC          L_IntToStr37
;__Lib_Conversions.c,204 :: 		
0x025A	0x0E01      	MOVLW       1
0x025C	0x6E30      	MOVWF       IntToStr_negative_L0 
0x025E	0x0E00      	MOVLW       0
0x0260	0x6E31      	MOVWF       IntToStr_negative_L0+1 
;__Lib_Conversions.c,205 :: 		
0x0262	0x502A      	MOVF        FARG_IntToStr_input, 0 
0x0264	0x0800      	SUBLW       0
0x0266	0x6E32      	MOVWF       IntToStr_inword_L0 
0x0268	0xF033C02B  	MOVFF       FARG_IntToStr_input+1, IntToStr_inword_L0+1
0x026C	0x0E00      	MOVLW       0
0x026E	0x5633      	SUBFWB      IntToStr_inword_L0+1, 1 
;__Lib_Conversions.c,206 :: 		
L_IntToStr37:
;__Lib_Conversions.c,207 :: 		
0x0270	0xF034C032  	MOVFF       IntToStr_inword_L0, FARG_WordToStr_input
0x0274	0xF035C033  	MOVFF       IntToStr_inword_L0+1, FARG_WordToStr_input+1
0x0278	0xF036C02C  	MOVFF       FARG_IntToStr_output, FARG_WordToStr_output
0x027C	0xF037C02D  	MOVFF       FARG_IntToStr_output+1, FARG_WordToStr_output+1
0x0280	0xDF42      	RCALL       _WordToStr
;__Lib_Conversions.c,209 :: 		
0x0282	0x0E06      	MOVLW       6
0x0284	0x6E2E      	MOVWF       IntToStr_i_L0 
0x0286	0x0E00      	MOVLW       0
0x0288	0x6E2F      	MOVWF       IntToStr_i_L0+1 
;__Lib_Conversions.c,210 :: 		
L_IntToStr38:
0x028A	0x0E00      	MOVLW       0
0x028C	0x6E00      	MOVWF       R0 
0x028E	0x502F      	MOVF        IntToStr_i_L0+1, 0 
0x0290	0x5C00      	SUBWF       R0, 0 
0x0292	0xE102      	BNZ         L__IntToStr388
0x0294	0x502E      	MOVF        IntToStr_i_L0, 0 
0x0296	0x0800      	SUBLW       0
L__IntToStr388:
0x0298	0xE219      	BC          L_IntToStr39
;__Lib_Conversions.c,211 :: 		
0x029A	0x502E      	MOVF        IntToStr_i_L0, 0 
0x029C	0x242C      	ADDWF       FARG_IntToStr_output, 0 
0x029E	0x6EE1      	MOVWF       FSR1L 
0x02A0	0x502F      	MOVF        IntToStr_i_L0+1, 0 
0x02A2	0x202D      	ADDWFC      FARG_IntToStr_output+1, 0 
0x02A4	0x6EE2      	MOVWF       FSR1L+1 
0x02A6	0x0E01      	MOVLW       1
0x02A8	0x5C2E      	SUBWF       IntToStr_i_L0, 0 
0x02AA	0x6E00      	MOVWF       R0 
0x02AC	0x0E00      	MOVLW       0
0x02AE	0x582F      	SUBWFB      IntToStr_i_L0+1, 0 
0x02B0	0x6E01      	MOVWF       R1 
0x02B2	0x5000      	MOVF        R0, 0 
0x02B4	0x242C      	ADDWF       FARG_IntToStr_output, 0 
0x02B6	0x6EE9      	MOVWF       FSR0L 
0x02B8	0x5001      	MOVF        R1, 0 
0x02BA	0x202D      	ADDWFC      FARG_IntToStr_output+1, 0 
0x02BC	0x6EEA      	MOVWF       FSR0L+1 
0x02BE	0xFFE6CFEE  	MOVFF       POSTINC0, POSTINC1
;__Lib_Conversions.c,212 :: 		
0x02C2	0x0E01      	MOVLW       1
0x02C4	0x5E2E      	SUBWF       IntToStr_i_L0, 1 
0x02C6	0x0E00      	MOVLW       0
0x02C8	0x5A2F      	SUBWFB      IntToStr_i_L0+1, 1 
;__Lib_Conversions.c,213 :: 		
0x02CA	0xD7DF      	BRA         L_IntToStr38
L_IntToStr39:
;__Lib_Conversions.c,214 :: 		
0x02CC	0xFFE1C02C  	MOVFF       FARG_IntToStr_output, FSR1L
0x02D0	0xFFE2C02D  	MOVFF       FARG_IntToStr_output+1, FSR1H
0x02D4	0x0E20      	MOVLW       32
0x02D6	0x6EE6      	MOVWF       POSTINC1 
;__Lib_Conversions.c,215 :: 		
0x02D8	0x5030      	MOVF        IntToStr_negative_L0, 0 
0x02DA	0x1031      	IORWF       IntToStr_negative_L0+1, 0 
0x02DC	0xE01A      	BZ          L_IntToStr40
;__Lib_Conversions.c,216 :: 		
0x02DE	0x6A2E      	CLRF        IntToStr_i_L0 
0x02E0	0x6A2F      	CLRF        IntToStr_i_L0+1 
;__Lib_Conversions.c,217 :: 		
L_IntToStr41:
0x02E2	0x502E      	MOVF        IntToStr_i_L0, 0 
0x02E4	0x242C      	ADDWF       FARG_IntToStr_output, 0 
0x02E6	0x6EE9      	MOVWF       FSR0L 
0x02E8	0x502F      	MOVF        IntToStr_i_L0+1, 0 
0x02EA	0x202D      	ADDWFC      FARG_IntToStr_output+1, 0 
0x02EC	0x6EEA      	MOVWF       FSR0L+1 
0x02EE	0x50EE      	MOVF        POSTINC0, 0 
0x02F0	0x0A20      	XORLW       32
0x02F2	0xE103      	BNZ         L_IntToStr42
0x02F4	0x4A2E      	INFSNZ      IntToStr_i_L0, 1 
0x02F6	0x2A2F      	INCF        IntToStr_i_L0+1, 1 
0x02F8	0xD7F4      	BRA         L_IntToStr41
L_IntToStr42:
;__Lib_Conversions.c,218 :: 		
0x02FA	0x0E01      	MOVLW       1
0x02FC	0x5E2E      	SUBWF       IntToStr_i_L0, 1 
0x02FE	0x0E00      	MOVLW       0
0x0300	0x5A2F      	SUBWFB      IntToStr_i_L0+1, 1 
;__Lib_Conversions.c,219 :: 		
0x0302	0x502E      	MOVF        IntToStr_i_L0, 0 
0x0304	0x242C      	ADDWF       FARG_IntToStr_output, 0 
0x0306	0x6EE1      	MOVWF       FSR1L 
0x0308	0x502F      	MOVF        IntToStr_i_L0+1, 0 
0x030A	0x202D      	ADDWFC      FARG_IntToStr_output+1, 0 
0x030C	0x6EE2      	MOVWF       FSR1L+1 
0x030E	0x0E2D      	MOVLW       45
0x0310	0x6EE6      	MOVWF       POSTINC1 
L_IntToStr40:
;__Lib_Conversions.c,220 :: 		
L_end_IntToStr:
0x0312	0x0012      	RETURN      0
; end of _IntToStr
_Lcd_Out:
;__Lib_Lcd.c,184 :: 		
;__Lib_Lcd.c,187 :: 		
0x0314	0xD00F      	BRA         L_Lcd_Out11
;__Lib_Lcd.c,188 :: 		
L_Lcd_Out13:
0x0316	0x0E80      	MOVLW       128
0x0318	0x6E2A      	MOVWF       FARG_Lcd_Out_row 
0x031A	0xD019      	BRA         L_Lcd_Out12
;__Lib_Lcd.c,189 :: 		
L_Lcd_Out14:
0x031C	0x0EC0      	MOVLW       192
0x031E	0x6E2A      	MOVWF       FARG_Lcd_Out_row 
0x0320	0xD016      	BRA         L_Lcd_Out12
;__Lib_Lcd.c,190 :: 		
L_Lcd_Out15:
0x0322	0x0E94      	MOVLW       148
0x0324	0x6E2A      	MOVWF       FARG_Lcd_Out_row 
0x0326	0xD013      	BRA         L_Lcd_Out12
;__Lib_Lcd.c,191 :: 		
L_Lcd_Out16:
0x0328	0x0ED4      	MOVLW       212
0x032A	0x6E2A      	MOVWF       FARG_Lcd_Out_row 
0x032C	0xD010      	BRA         L_Lcd_Out12
;__Lib_Lcd.c,192 :: 		
L_Lcd_Out17:
0x032E	0x0E80      	MOVLW       128
0x0330	0x6E2A      	MOVWF       FARG_Lcd_Out_row 
;__Lib_Lcd.c,193 :: 		
0x0332	0xD00D      	BRA         L_Lcd_Out12
L_Lcd_Out11:
0x0334	0x502A      	MOVF        FARG_Lcd_Out_row, 0 
0x0336	0x0A01      	XORLW       1
0x0338	0xE0EE      	BZ          L_Lcd_Out13
0x033A	0x502A      	MOVF        FARG_Lcd_Out_row, 0 
0x033C	0x0A02      	XORLW       2
0x033E	0xE0EE      	BZ          L_Lcd_Out14
0x0340	0x502A      	MOVF        FARG_Lcd_Out_row, 0 
0x0342	0x0A03      	XORLW       3
0x0344	0xE0EE      	BZ          L_Lcd_Out15
0x0346	0x502A      	MOVF        FARG_Lcd_Out_row, 0 
0x0348	0x0A04      	XORLW       4
0x034A	0xE0EE      	BZ          L_Lcd_Out16
0x034C	0xD7F0      	BRA         L_Lcd_Out17
L_Lcd_Out12:
;__Lib_Lcd.c,194 :: 		
0x034E	0x042B      	DECF        FARG_Lcd_Out_column, 0 
0x0350	0x6E00      	MOVWF       R0 
0x0352	0x502A      	MOVF        FARG_Lcd_Out_row, 0 
0x0354	0x2600      	ADDWF       R0, 1 
0x0356	0xF02AC000  	MOVFF       R0, FARG_Lcd_Out_row
;__Lib_Lcd.c,196 :: 		
0x035A	0xF03BC000  	MOVFF       R0, FARG_Lcd_Cmd_out_char
0x035E	0xDE8F      	RCALL       _Lcd_Cmd
;__Lib_Lcd.c,197 :: 		
0x0360	0x9029      	BCF         __Lib_Lcd_cmd_status, BitPos(__Lib_Lcd_cmd_status+0) 
;__Lib_Lcd.c,198 :: 		
0x0362	0x6A2E      	CLRF        Lcd_Out_i_L0 
;__Lib_Lcd.c,199 :: 		
L_Lcd_Out18:
0x0364	0x502E      	MOVF        Lcd_Out_i_L0, 0 
0x0366	0x242C      	ADDWF       FARG_Lcd_Out_text, 0 
0x0368	0x6EE9      	MOVWF       FSR0L 
0x036A	0x0E00      	MOVLW       0
0x036C	0x202D      	ADDWFC      FARG_Lcd_Out_text+1, 0 
0x036E	0x6EEA      	MOVWF       FSR0L+1 
0x0370	0x52EE      	MOVF        POSTINC0, 1 
0x0372	0xE00B      	BZ          L_Lcd_Out19
;__Lib_Lcd.c,200 :: 		
0x0374	0x502E      	MOVF        Lcd_Out_i_L0, 0 
0x0376	0x242C      	ADDWF       FARG_Lcd_Out_text, 0 
0x0378	0x6EE9      	MOVWF       FSR0L 
0x037A	0x0E00      	MOVLW       0
0x037C	0x202D      	ADDWFC      FARG_Lcd_Out_text+1, 0 
0x037E	0x6EEA      	MOVWF       FSR0L+1 
0x0380	0xF034CFEE  	MOVFF       POSTINC0, FARG_Lcd_Chr_CP_out_char
0x0384	0xDEBA      	RCALL       _Lcd_Chr_CP
0x0386	0x2A2E      	INCF        Lcd_Out_i_L0, 1 
0x0388	0xD7ED      	BRA         L_Lcd_Out18
L_Lcd_Out19:
;__Lib_Lcd.c,201 :: 		
0x038A	0x8029      	BSF         __Lib_Lcd_cmd_status, BitPos(__Lib_Lcd_cmd_status+0) 
;__Lib_Lcd.c,202 :: 		
L_end_Lcd_Out:
0x038C	0x0012      	RETURN      0
; end of _Lcd_Out
_Ltrim:
;__Lib_Conversions.c,421 :: 		
;__Lib_Conversions.c,425 :: 		
0x038E	0x6A2C      	CLRF        Ltrim_trimmed_L0 
0x0390	0x6A2D      	CLRF        Ltrim_trimmed_L0+1 
;__Lib_Conversions.c,426 :: 		
0x0392	0xF003C02A  	MOVFF       FARG_Ltrim_string, R3
0x0396	0xF004C02B  	MOVFF       FARG_Ltrim_string+1, R4
;__Lib_Conversions.c,427 :: 		
0x039A	0xF005C02A  	MOVFF       FARG_Ltrim_string, R5
0x039E	0xF006C02B  	MOVFF       FARG_Ltrim_string+1, R6
;__Lib_Conversions.c,428 :: 		
L_Ltrim84:
;__Lib_Conversions.c,429 :: 		
0x03A2	0xFFE9C003  	MOVFF       R3, FSR0L
0x03A6	0xFFEAC004  	MOVFF       R4, FSR0H
0x03AA	0x50EE      	MOVF        POSTINC0, 0 
0x03AC	0x0A20      	XORLW       32
0x03AE	0xE104      	BNZ         L__Ltrim345
0x03B0	0x502C      	MOVF        Ltrim_trimmed_L0, 0 
0x03B2	0x102D      	IORWF       Ltrim_trimmed_L0+1, 0 
0x03B4	0xE101      	BNZ         L__Ltrim345
0x03B6	0xD010      	BRA         L_Ltrim89
L__Ltrim345:
;__Lib_Conversions.c,430 :: 		
0x03B8	0x0E01      	MOVLW       1
0x03BA	0x6E2C      	MOVWF       Ltrim_trimmed_L0 
0x03BC	0x0E00      	MOVLW       0
0x03BE	0x6E2D      	MOVWF       Ltrim_trimmed_L0+1 
;__Lib_Conversions.c,431 :: 		
0x03C0	0xFFE9C003  	MOVFF       R3, FSR0L
0x03C4	0xFFEAC004  	MOVFF       R4, FSR0H
0x03C8	0xFFE1C005  	MOVFF       R5, FSR1L
0x03CC	0xFFE2C006  	MOVFF       R6, FSR1H
0x03D0	0xFFE6CFEE  	MOVFF       POSTINC0, POSTINC1
0x03D4	0x4A05      	INFSNZ      R5, 1 
0x03D6	0x2A06      	INCF        R6, 1 
;__Lib_Conversions.c,432 :: 		
L_Ltrim89:
;__Lib_Conversions.c,434 :: 		
0x03D8	0xF001C003  	MOVFF       R3, R1
0x03DC	0xF002C004  	MOVFF       R4, R2
0x03E0	0x4A03      	INFSNZ      R3, 1 
0x03E2	0x2A04      	INCF        R4, 1 
0x03E4	0xFFE9C001  	MOVFF       R1, FSR0L
0x03E8	0xFFEAC002  	MOVFF       R2, FSR0H
0x03EC	0x50EE      	MOVF        POSTINC0, 0 
0x03EE	0x0A00      	XORLW       0
0x03F0	0xE1D8      	BNZ         L_Ltrim84
;__Lib_Conversions.c,435 :: 		
0x03F2	0xF000C02A  	MOVFF       FARG_Ltrim_string, R0
0x03F6	0xF001C02B  	MOVFF       FARG_Ltrim_string+1, R1
;__Lib_Conversions.c,436 :: 		
L_end_Ltrim:
0x03FA	0x0012      	RETURN      0
; end of _Ltrim
_main:
0x03FC	0x6A15      	CLRF        _seconds 
0x03FE	0x6A16      	CLRF        22 
0x0400	0x0E3A      	MOVLW       58
0x0402	0x6E17      	MOVWF       ?lstr1_cr 
0x0404	0x6A18      	CLRF        24 
0x0406	0x6A19      	CLRF        _minutes 
0x0408	0x6A1A      	CLRF        26 
;cr.c,21 :: 		void main() {
;cr.c,22 :: 		ADCON1 = 0x0F;
0x040A	0x0E0F      	MOVLW       15
0x040C	0x6EC1      	MOVWF       ADCON1 
;cr.c,23 :: 		TRISE.RE1 = 0;
0x040E	0x9296      	BCF         TRISE, 1 
;cr.c,24 :: 		TRISB.RB0 = 1;
0x0410	0x8093      	BSF         TRISB, 0 
;cr.c,25 :: 		LATE.RE1 = 0;
0x0412	0x928D      	BCF         LATE, 1 
;cr.c,27 :: 		lcd_init();
0x0414	0xDEC8      	RCALL       _Lcd_Init
;cr.c,28 :: 		Lcd_Cmd(_LCD_CURSOR_OFF);
0x0416	0x0E0C      	MOVLW       12
0x0418	0x6E3B      	MOVWF       FARG_Lcd_Cmd_out_char 
0x041A	0xDE31      	RCALL       _Lcd_Cmd
;cr.c,30 :: 		for(;;){
L_main0:
;cr.c,36 :: 		if(PORTB.RB0 == 0){
0x041C	0xB081      	BTFSC       PORTB, 0 
0x041E	0xD021      	BRA         L_main3
;cr.c,37 :: 		delay_ms(800);
0x0420	0x0E15      	MOVLW       21
0x0422	0x6E0B      	MOVWF       R11, 0
0x0424	0x0E4B      	MOVLW       75
0x0426	0x6E0C      	MOVWF       R12, 0
0x0428	0x0EBE      	MOVLW       190
0x042A	0x6E0D      	MOVWF       R13, 0
L_main4:
0x042C	0x2E0D      	DECFSZ      R13, 1, 0
0x042E	0xD7FE      	BRA         L_main4
0x0430	0x2E0C      	DECFSZ      R12, 1, 0
0x0432	0xD7FC      	BRA         L_main4
0x0434	0x2E0B      	DECFSZ      R11, 1, 0
0x0436	0xD7FA      	BRA         L_main4
0x0438	0x0000      	NOP
;cr.c,38 :: 		seconds++;
0x043A	0x4A15      	INFSNZ      _seconds, 1 
0x043C	0x2A16      	INCF        _seconds+1, 1 
;cr.c,39 :: 		if(seconds == 60){
0x043E	0x0E00      	MOVLW       0
0x0440	0x1816      	XORWF       _seconds+1, 0 
0x0442	0xE102      	BNZ         L__main10
0x0444	0x0E3C      	MOVLW       60
0x0446	0x1815      	XORWF       _seconds, 0 
L__main10:
0x0448	0xE104      	BNZ         L_main5
;cr.c,40 :: 		seconds = 0;
0x044A	0x6A15      	CLRF        _seconds 
0x044C	0x6A16      	CLRF        _seconds+1 
;cr.c,41 :: 		minutes++;
0x044E	0x4A19      	INFSNZ      _minutes, 1 
0x0450	0x2A1A      	INCF        _minutes+1, 1 
;cr.c,42 :: 		}
L_main5:
;cr.c,44 :: 		if(minutes == 60){
0x0452	0x0E00      	MOVLW       0
0x0454	0x181A      	XORWF       _minutes+1, 0 
0x0456	0xE102      	BNZ         L__main11
0x0458	0x0E3C      	MOVLW       60
0x045A	0x1819      	XORWF       _minutes, 0 
L__main11:
0x045C	0xE102      	BNZ         L_main6
;cr.c,45 :: 		minutes = 0;
0x045E	0x6A19      	CLRF        _minutes 
0x0460	0x6A1A      	CLRF        _minutes+1 
;cr.c,46 :: 		}
L_main6:
;cr.c,47 :: 		}
L_main3:
;cr.c,51 :: 		IntToStr(seconds,txt_seconds);
0x0462	0xF02AC015  	MOVFF       _seconds, FARG_IntToStr_input
0x0466	0xF02BC016  	MOVFF       _seconds+1, FARG_IntToStr_input+1
0x046A	0x0E1B      	MOVLW       _txt_seconds
0x046C	0x6E2C      	MOVWF       FARG_IntToStr_output 
0x046E	0x0E00      	MOVLW       hi_addr(_txt_seconds)
0x0470	0x6E2D      	MOVWF       FARG_IntToStr_output+1 
0x0472	0xDEE4      	RCALL       _IntToStr
;cr.c,52 :: 		IntToStr(minutes,txt_minutes);
0x0474	0xF02AC019  	MOVFF       _minutes, FARG_IntToStr_input
0x0478	0xF02BC01A  	MOVFF       _minutes+1, FARG_IntToStr_input+1
0x047C	0x0E22      	MOVLW       _txt_minutes
0x047E	0x6E2C      	MOVWF       FARG_IntToStr_output 
0x0480	0x0E00      	MOVLW       hi_addr(_txt_minutes)
0x0482	0x6E2D      	MOVWF       FARG_IntToStr_output+1 
0x0484	0xDEDB      	RCALL       _IntToStr
;cr.c,54 :: 		if (minutes < 10){
0x0486	0x0E80      	MOVLW       128
0x0488	0x181A      	XORWF       _minutes+1, 0 
0x048A	0x6E00      	MOVWF       R0 
0x048C	0x0E80      	MOVLW       128
0x048E	0x5C00      	SUBWF       R0, 0 
0x0490	0xE102      	BNZ         L__main12
0x0492	0x0E0A      	MOVLW       10
0x0494	0x5C19      	SUBWF       _minutes, 0 
L__main12:
0x0496	0xE202      	BC          L_main7
;cr.c,55 :: 		txt_minutes[4] = '0';
0x0498	0x0E30      	MOVLW       48
0x049A	0x6E26      	MOVWF       _txt_minutes+4 
;cr.c,56 :: 		}
L_main7:
;cr.c,57 :: 		if (seconds < 10){
0x049C	0x0E80      	MOVLW       128
0x049E	0x1816      	XORWF       _seconds+1, 0 
0x04A0	0x6E00      	MOVWF       R0 
0x04A2	0x0E80      	MOVLW       128
0x04A4	0x5C00      	SUBWF       R0, 0 
0x04A6	0xE102      	BNZ         L__main13
0x04A8	0x0E0A      	MOVLW       10
0x04AA	0x5C15      	SUBWF       _seconds, 0 
L__main13:
0x04AC	0xE202      	BC          L_main8
;cr.c,58 :: 		txt_seconds[4] = '0';
0x04AE	0x0E30      	MOVLW       48
0x04B0	0x6E1F      	MOVWF       _txt_seconds+4 
;cr.c,59 :: 		}
L_main8:
;cr.c,62 :: 		ltrim(txt_minutes);
0x04B2	0x0E22      	MOVLW       _txt_minutes
0x04B4	0x6E2A      	MOVWF       FARG_Ltrim_string 
0x04B6	0x0E00      	MOVLW       hi_addr(_txt_minutes)
0x04B8	0x6E2B      	MOVWF       FARG_Ltrim_string+1 
0x04BA	0xDF69      	RCALL       _Ltrim
;cr.c,63 :: 		ltrim(txt_seconds);
0x04BC	0x0E1B      	MOVLW       _txt_seconds
0x04BE	0x6E2A      	MOVWF       FARG_Ltrim_string 
0x04C0	0x0E00      	MOVLW       hi_addr(_txt_seconds)
0x04C2	0x6E2B      	MOVWF       FARG_Ltrim_string+1 
0x04C4	0xDF64      	RCALL       _Ltrim
;cr.c,66 :: 		lcd_out(1,1,txt_minutes);
0x04C6	0x0E01      	MOVLW       1
0x04C8	0x6E2A      	MOVWF       FARG_Lcd_Out_row 
0x04CA	0x0E01      	MOVLW       1
0x04CC	0x6E2B      	MOVWF       FARG_Lcd_Out_column 
0x04CE	0x0E22      	MOVLW       _txt_minutes
0x04D0	0x6E2C      	MOVWF       FARG_Lcd_Out_text 
0x04D2	0x0E00      	MOVLW       hi_addr(_txt_minutes)
0x04D4	0x6E2D      	MOVWF       FARG_Lcd_Out_text+1 
0x04D6	0xDF1E      	RCALL       _Lcd_Out
;cr.c,67 :: 		lcd_out(1,3,":");
0x04D8	0x0E01      	MOVLW       1
0x04DA	0x6E2A      	MOVWF       FARG_Lcd_Out_row 
0x04DC	0x0E03      	MOVLW       3
0x04DE	0x6E2B      	MOVWF       FARG_Lcd_Out_column 
0x04E0	0x0E17      	MOVLW       ?lstr1_cr
0x04E2	0x6E2C      	MOVWF       FARG_Lcd_Out_text 
0x04E4	0x0E00      	MOVLW       hi_addr(?lstr1_cr)
0x04E6	0x6E2D      	MOVWF       FARG_Lcd_Out_text+1 
0x04E8	0xDF15      	RCALL       _Lcd_Out
;cr.c,68 :: 		lcd_out(1,4,txt_seconds);
0x04EA	0x0E01      	MOVLW       1
0x04EC	0x6E2A      	MOVWF       FARG_Lcd_Out_row 
0x04EE	0x0E04      	MOVLW       4
0x04F0	0x6E2B      	MOVWF       FARG_Lcd_Out_column 
0x04F2	0x0E1B      	MOVLW       _txt_seconds
0x04F4	0x6E2C      	MOVWF       FARG_Lcd_Out_text 
0x04F6	0x0E00      	MOVLW       hi_addr(_txt_seconds)
0x04F8	0x6E2D      	MOVWF       FARG_Lcd_Out_text+1 
0x04FA	0xDF0C      	RCALL       _Lcd_Out
;cr.c,70 :: 		}
0x04FC	0xD78F      	BRA         L_main0
;cr.c,74 :: 		}
L_end_main:
0x04FE	0xD7FF      	BRA         $+0
; end of _main
Symbol List:
//** Routines locations **
//ADDRESS    SIZE    PROCEDURE
//----------------------------------------------
0x001C      [12]    _Delay_1us
0x0028      [22]    _Delay_5500us
0x003E      [10]    _Delay_50us
0x0048      [54]    _Div_16X16_U
0x007E     [124]    _Lcd_Cmd
0x00FA      [12]    _Lcd_Chr_CP
0x0106     [144]    _WordToStr
0x0196      [16]    ___CC2DW
0x01A6     [150]    _Lcd_Init
0x023C     [216]    _IntToStr
0x0314     [122]    _Lcd_Out
0x038E     [110]    _Ltrim
0x03FC     [260]    _main
//** Variables locations ** 
//ADDRESS    SIZE    VARIABLE
//----------------------------------------------
0x0000       [1]    R0
0x0001       [1]    __Lib_Conversions_Adjust_Hex_tmp_L0
0x0001       [1]    R1
0x0002       [1]    R2
0x0002       [2]    strlen_cp_L0
0x0002       [2]    memcpy_dd_L0
0x0002       [2]    memchr_s_L0
0x0002       [2]    memset_pp_L0
0x0003       [2]    Ltrim_original_L0
0x0003       [1]    R3
0x0003       [2]    memmove_tt_L0
0x0004       [1]    R4
0x0004       [2]    strcpy_cp_L0
0x0004       [2]    strcat_cp_L0
0x0004       [2]    memcpy_ss_L0
0x0004       [2]    strncat_cp_L0
0x0004       [2]    strncpy_cp_L0
0x0005       [1]    R5
0x0005       [2]    memmove_ff_L0
0x0005       [2]    LongWordToHex_input_half_L0
0x0005       [2]    Ltrim_p_L0
0x0005       [2]    LongIntToHex_input_half_L0
0x0006       [1]    R6
0x0007       [1]    R7
0x0008       [1]    R8
0x0009       [1]    R9
0x000A       [1]    R10
0x000B       [1]    R11
0x000C       [1]    R12
0x000D       [1]    R13
0x000E       [1]    R14
0x000F       [1]    R15
0x0010       [1]    R16
0x0011       [1]    R17
0x0012       [1]    R18
0x0013       [1]    R19
0x0014       [1]    R20
0x0015       [2]    _seconds
0x0017       [2]    ?lstr1_cr
0x0019       [2]    _minutes
0x001B       [7]    _txt_seconds
0x0022       [7]    _txt_minutes
0x0029       [0]    __Lib_Lcd_cmd_status
0x002A       [2]    FARG_Ltrim_string
0x002A       [2]    FARG_IntToStr_input
0x002A       [1]    FARG_Lcd_Out_row
0x002B       [1]    FARG_Lcd_Out_column
0x002C       [2]    FARG_Lcd_Out_text
0x002C       [2]    Ltrim_trimmed_L0
0x002C       [2]    FARG_IntToStr_output
0x002E       [1]    Lcd_Out_i_L0
0x002E       [2]    IntToStr_i_L0
0x0030       [2]    IntToStr_negative_L0
0x0032       [2]    IntToStr_inword_L0
0x0034       [2]    FARG_WordToStr_input
0x0034       [1]    FARG_Lcd_Chr_CP_out_char
0x0036       [2]    FARG_WordToStr_output
0x0038       [1]    WordToStr_len_L0
0x0039       [2]    FLOC__WordToStr
0x003B       [1]    FARG_Lcd_Cmd_out_char
0x0F81       [1]    PORTB
0x0F83       [0]    LCD_D7
0x0F83       [0]    LCD_D6
0x0F83       [0]    LCD_D4
0x0F83       [0]    LCD_D5
0x0F83       [0]    RD4_bit
0x0F83       [0]    RD5_bit
0x0F83       [0]    RD7_bit
0x0F83       [0]    RD6_bit
0x0F84       [0]    RE2_bit
0x0F84       [0]    RE0_bit
0x0F84       [0]    LCD_EN
0x0F84       [0]    LCD_RS
0x0F8D       [1]    LATE
0x0F93       [1]    TRISB
0x0F95       [0]    LCD_D4_Direction
0x0F95       [0]    LCD_D5_Direction
0x0F95       [0]    LCD_D6_Direction
0x0F95       [0]    LCD_D7_Direction
0x0F95       [0]    TRISD6_bit
0x0F95       [0]    TRISD7_bit
0x0F95       [0]    TRISD4_bit
0x0F95       [0]    TRISD5_bit
0x0F96       [0]    TRISE0_bit
0x0F96       [0]    LCD_RS_Direction
0x0F96       [0]    TRISE2_bit
0x0F96       [1]    TRISE
0x0F96       [0]    LCD_EN_Direction
0x0FC1       [1]    ADCON1
0x0FD8       [1]    STATUS
0x0FD9       [1]    FSR2L
0x0FDA       [1]    FSR2H
0x0FDE       [1]    POSTINC2
0x0FE0       [1]    BSR
0x0FE1       [1]    FSR1L
0x0FE2       [1]    FSR1H
0x0FE4       [1]    PREINC1
0x0FE6       [1]    POSTINC1
0x0FE7       [1]    INDF1
0x0FE8       [1]    WREG
0x0FE9       [1]    FSR0L
0x0FEA       [1]    FSR0H
0x0FEE       [1]    POSTINC0
0x0FF3       [1]    PRODL
0x0FF4       [1]    PRODH
0x0FF5       [1]    TABLAT
0x0FF6       [3]    TBLPTR
0x0FF6       [1]    TBLPTRL
0x0FF7       [1]    TBLPTRH
0x0FF8       [1]    TBLPTRU
