;  LST file generated by mikroListExporter - v.2.0 
; Date/Time: 07/09/2024 11:16:14
;----------------------------------------------

;Address Opcode 	ASM
0x0000	0xF000EF0E  	GOTO        28
0x0004	0x0000      	NOP
0x0006	0x0000      	NOP
0x0008	0xF000EF00  	GOTO        0
0x000C	0x0000      	NOP
0x000E	0x0000      	NOP
0x0010	0x0000      	NOP
0x0012	0x0000      	NOP
0x0014	0x0000      	NOP
0x0016	0x0000      	NOP
0x0018	0xD7F3      	BRA         0
_main:
;AD.c,1 :: 		void main() {
;AD.c,3 :: 		ADCON1  = 14;
0x001C	0x0E0E      	MOVLW       14
0x001E	0x6EC1      	MOVWF       ADCON1 
;AD.c,4 :: 		ADCON0 &= 195;   //Selects channel0 (AN0)
0x0020	0x0EC3      	MOVLW       195
0x0022	0x16C2      	ANDWF       ADCON0, 1 
;AD.c,5 :: 		ADCON0  |= 1;    //enable converter module
0x0024	0x80C2      	BSF         ADCON0, 0 
;AD.c,6 :: 		TRISA    = 1;
0x0026	0x0E01      	MOVLW       1
0x0028	0x6E92      	MOVWF       TRISA 
;AD.c,8 :: 		for(;;){
L_main0:
;AD.c,10 :: 		if(ADRES >= 100){
0x002A	0x0E00      	MOVLW       0
0x002C	0x5CC4      	SUBWF       ADRES+1, 0 
0x002E	0xE102      	BNZ         L__main6
0x0030	0x0E64      	MOVLW       100
0x0032	0x5CC3      	SUBWF       ADRES, 0 
L__main6:
0x0034	0xE302      	BNC         L_main3
;AD.c,11 :: 		LATA.RA1 = 1;
0x0036	0x8289      	BSF         LATA, 1 
;AD.c,12 :: 		}else{
0x0038	0xD001      	BRA         L_main4
L_main3:
;AD.c,13 :: 		LATA.RA1 = 0;
0x003A	0x9289      	BCF         LATA, 1 
;AD.c,14 :: 		}
L_main4:
;AD.c,16 :: 		}
0x003C	0xD7F6      	BRA         L_main0
;AD.c,22 :: 		}
L_end_main:
0x003E	0xD7FF      	BRA         $+0
; end of _main
Symbol List:
//** Routines locations **
//ADDRESS    SIZE    PROCEDURE
//----------------------------------------------
0x001C      [36]    _main
//** Variables locations ** 
//ADDRESS    SIZE    VARIABLE
//----------------------------------------------
0x0000       [1]    R0
0x0001       [1]    R1
0x0002       [1]    R2
0x0003       [1]    R3
0x0004       [1]    R4
0x0005       [1]    R5
0x0006       [1]    R6
0x0007       [1]    R7
0x0008       [1]    R8
0x0009       [1]    R9
0x000A       [1]    R10
0x000B       [1]    R11
0x000C       [1]    R12
0x000D       [1]    R13
0x000E       [1]    R14
0x000F       [1]    R15
0x0010       [1]    R16
0x0011       [1]    R17
0x0012       [1]    R18
0x0013       [1]    R19
0x0014       [1]    R20
0x0F89       [1]    LATA
0x0F92       [1]    TRISA
0x0FC1       [1]    ADCON1
0x0FC2       [1]    ADCON0
0x0FC3       [2]    ADRES
0x0FD8       [1]    STATUS
0x0FD9       [1]    FSR2L
0x0FDA       [1]    FSR2H
0x0FDE       [1]    POSTINC2
0x0FE0       [1]    BSR
0x0FE1       [1]    FSR1L
0x0FE2       [1]    FSR1H
0x0FE4       [1]    PREINC1
0x0FE6       [1]    POSTINC1
0x0FE7       [1]    INDF1
0x0FE8       [1]    WREG
0x0FE9       [1]    FSR0L
0x0FEA       [1]    FSR0H
0x0FEE       [1]    POSTINC0
0x0FF3       [1]    PRODL
0x0FF4       [1]    PRODH
0x0FF5       [1]    TABLAT
0x0FF6       [1]    TBLPTRL
0x0FF7       [1]    TBLPTRH
0x0FF8       [1]    TBLPTRU
