;  LST file generated by mikroListExporter - v.2.0 
; Date/Time: 28/11/2024 17:44:03
;----------------------------------------------

;Address Opcode 	ASM
0x0000	0xF002EF3B  	GOTO        1142
0x0004	0x0000      	NOP
0x0006	0x0000      	NOP
0x0008	0xF000EF00  	GOTO        0
0x000C	0x0000      	NOP
0x000E	0x0000      	NOP
0x0010	0x0000      	NOP
0x0012	0x0000      	NOP
0x0014	0x0000      	NOP
0x0016	0x0000      	NOP
0x0018	0xD7F3      	BRA         0
_Delay_1us:
;__Lib_Delays.c,7 :: 		void Delay_1us() {
;__Lib_Delays.c,8 :: 		Delay_us(1);
0x001C	0x0000      	NOP
0x001E	0x0000      	NOP
0x0020	0x0000      	NOP
0x0022	0x0000      	NOP
0x0024	0x0000      	NOP
;__Lib_Delays.c,9 :: 		}
L_end_Delay_1us:
0x0026	0x0012      	RETURN      0
; end of _Delay_1us
_Delay_5500us:
;__Lib_Delays.c,31 :: 		void Delay_5500us() {
;__Lib_Delays.c,32 :: 		Delay_us(5500);
0x0028	0x0E24      	MOVLW       36
0x002A	0x6E0C      	MOVWF       R12, 0
0x002C	0x0EB5      	MOVLW       181
0x002E	0x6E0D      	MOVWF       R13, 0
L_Delay_5500us5:
0x0030	0x2E0D      	DECFSZ      R13, 1, 0
0x0032	0xD7FE      	BRA         L_Delay_5500us5
0x0034	0x2E0C      	DECFSZ      R12, 1, 0
0x0036	0xD7FC      	BRA         L_Delay_5500us5
0x0038	0x0000      	NOP
0x003A	0x0000      	NOP
;__Lib_Delays.c,33 :: 		}
L_end_Delay_5500us:
0x003C	0x0012      	RETURN      0
; end of _Delay_5500us
_Delay_50us:
;__Lib_Delays.c,19 :: 		void Delay_50us() {
;__Lib_Delays.c,20 :: 		Delay_us(50);
0x003E	0x0E53      	MOVLW       83
0x0040	0x6E0D      	MOVWF       R13, 0
L_Delay_50us2:
0x0042	0x2E0D      	DECFSZ      R13, 1, 0
0x0044	0xD7FE      	BRA         L_Delay_50us2
;__Lib_Delays.c,21 :: 		}
L_end_Delay_50us:
0x0046	0x0012      	RETURN      0
; end of _Delay_50us
_Div_16X16_U:
;__Lib_Math.c,102 :: 		
;__Lib_Math.c,109 :: 		
0x0048	0x6A08      	CLRF        R8, 0
;__Lib_Math.c,110 :: 		
0x004A	0x6A09      	CLRF        R9, 0
;__Lib_Math.c,111 :: 		
0x004C	0x0E10      	MOVLW       16
;__Lib_Math.c,112 :: 		
0x004E	0x6E0C      	MOVWF       R12, 0
;__Lib_Math.c,113 :: 		
0x0050	0x3401      	RLCF        R1, 0, 0
;__Lib_Math.c,114 :: 		
0x0052	0x3608      	RLCF        R8, 1, 0
;__Lib_Math.c,115 :: 		
0x0054	0x3609      	RLCF        R9, 1, 0
;__Lib_Math.c,116 :: 		
0x0056	0x5004      	MOVF        R4, 0, 0
;__Lib_Math.c,117 :: 		
0x0058	0x5E08      	SUBWF       R8, 1, 0
;__Lib_Math.c,118 :: 		
0x005A	0x5005      	MOVF        R5, 0, 0
;__Lib_Math.c,119 :: 		
0x005C	0xA0D8      	BTFSS       STATUS, 0, 0
;__Lib_Math.c,120 :: 		
0x005E	0x3C05      	INCFSZ      R5, 0, 0
;__Lib_Math.c,121 :: 		
0x0060	0x5E09      	SUBWF       R9, 1, 0
;__Lib_Math.c,122 :: 		
0x0062	0xB0D8      	BTFSC       STATUS, 0, 0
;__Lib_Math.c,123 :: 		
0x0064	0xD007      	BRA         $+16
;__Lib_Math.c,124 :: 		
0x0066	0x5004      	MOVF        R4, 0, 0
;__Lib_Math.c,125 :: 		
0x0068	0x2608      	ADDWF       R8, 1, 0
;__Lib_Math.c,126 :: 		
0x006A	0x5005      	MOVF        R5, 0, 0
;__Lib_Math.c,127 :: 		
0x006C	0xB0D8      	BTFSC       STATUS, 0, 0
;__Lib_Math.c,128 :: 		
0x006E	0x3C05      	INCFSZ      R5, 0, 0
;__Lib_Math.c,129 :: 		
0x0070	0x2609      	ADDWF       R9, 1, 0
;__Lib_Math.c,130 :: 		
0x0072	0x90D8      	BCF         STATUS, 0, 0
;__Lib_Math.c,131 :: 		
0x0074	0x3600      	RLCF        R0, 1, 0
;__Lib_Math.c,132 :: 		
0x0076	0x3601      	RLCF        R1, 1, 0
;__Lib_Math.c,133 :: 		
0x0078	0x2E0C      	DECFSZ      R12, 1, 0
;__Lib_Math.c,134 :: 		
0x007A	0xD7EA      	BRA         $-42
;__Lib_Math.c,136 :: 		
L_end_Div_16X16_U:
0x007C	0x0012      	RETURN      0
; end of _Div_16X16_U
_Lcd_Cmd:
;__Lib_Lcd.c,18 :: 		
;__Lib_Lcd.c,20 :: 		
0x007E	0xBE36      	BTFSC       FARG_Lcd_Cmd_out_char, 7 
0x0080	0xD002      	BRA         L__Lcd_Cmd21
0x0082	0x9E83      	BCF         LCD_D7, BitPos(LCD_D7+0) 
0x0084	0xD001      	BRA         L__Lcd_Cmd22
L__Lcd_Cmd21:
0x0086	0x8E83      	BSF         LCD_D7, BitPos(LCD_D7+0) 
L__Lcd_Cmd22:
;__Lib_Lcd.c,21 :: 		
0x0088	0xBC36      	BTFSC       FARG_Lcd_Cmd_out_char, 6 
0x008A	0xD002      	BRA         L__Lcd_Cmd23
0x008C	0x9C83      	BCF         LCD_D6, BitPos(LCD_D6+0) 
0x008E	0xD001      	BRA         L__Lcd_Cmd24
L__Lcd_Cmd23:
0x0090	0x8C83      	BSF         LCD_D6, BitPos(LCD_D6+0) 
L__Lcd_Cmd24:
;__Lib_Lcd.c,22 :: 		
0x0092	0xBA36      	BTFSC       FARG_Lcd_Cmd_out_char, 5 
0x0094	0xD002      	BRA         L__Lcd_Cmd25
0x0096	0x9A83      	BCF         LCD_D5, BitPos(LCD_D5+0) 
0x0098	0xD001      	BRA         L__Lcd_Cmd26
L__Lcd_Cmd25:
0x009A	0x8A83      	BSF         LCD_D5, BitPos(LCD_D5+0) 
L__Lcd_Cmd26:
;__Lib_Lcd.c,23 :: 		
0x009C	0xB836      	BTFSC       FARG_Lcd_Cmd_out_char, 4 
0x009E	0xD002      	BRA         L__Lcd_Cmd27
0x00A0	0x9883      	BCF         LCD_D4, BitPos(LCD_D4+0) 
0x00A2	0xD001      	BRA         L__Lcd_Cmd28
L__Lcd_Cmd27:
0x00A4	0x8883      	BSF         LCD_D4, BitPos(LCD_D4+0) 
L__Lcd_Cmd28:
;__Lib_Lcd.c,25 :: 		
0x00A6	0xB01B      	BTFSC       __Lib_Lcd_cmd_status, BitPos(__Lib_Lcd_cmd_status+0) 
0x00A8	0xD002      	BRA         L__Lcd_Cmd29
0x00AA	0x8084      	BSF         LCD_RS, BitPos(LCD_RS+0) 
0x00AC	0xD001      	BRA         L__Lcd_Cmd30
L__Lcd_Cmd29:
0x00AE	0x9084      	BCF         LCD_RS, BitPos(LCD_RS+0) 
L__Lcd_Cmd30:
;__Lib_Lcd.c,28 :: 		
0x00B0	0x8484      	BSF         LCD_EN, BitPos(LCD_EN+0) 
;__Lib_Lcd.c,29 :: 		
0x00B2	0xDFB4      	RCALL       _Delay_1us
;__Lib_Lcd.c,30 :: 		
0x00B4	0x9484      	BCF         LCD_EN, BitPos(LCD_EN+0) 
;__Lib_Lcd.c,33 :: 		
0x00B6	0xB636      	BTFSC       FARG_Lcd_Cmd_out_char, 3 
0x00B8	0xD002      	BRA         L__Lcd_Cmd31
0x00BA	0x9E83      	BCF         LCD_D7, BitPos(LCD_D7+0) 
0x00BC	0xD001      	BRA         L__Lcd_Cmd32
L__Lcd_Cmd31:
0x00BE	0x8E83      	BSF         LCD_D7, BitPos(LCD_D7+0) 
L__Lcd_Cmd32:
;__Lib_Lcd.c,34 :: 		
0x00C0	0xB436      	BTFSC       FARG_Lcd_Cmd_out_char, 2 
0x00C2	0xD002      	BRA         L__Lcd_Cmd33
0x00C4	0x9C83      	BCF         LCD_D6, BitPos(LCD_D6+0) 
0x00C6	0xD001      	BRA         L__Lcd_Cmd34
L__Lcd_Cmd33:
0x00C8	0x8C83      	BSF         LCD_D6, BitPos(LCD_D6+0) 
L__Lcd_Cmd34:
;__Lib_Lcd.c,35 :: 		
0x00CA	0xB236      	BTFSC       FARG_Lcd_Cmd_out_char, 1 
0x00CC	0xD002      	BRA         L__Lcd_Cmd35
0x00CE	0x9A83      	BCF         LCD_D5, BitPos(LCD_D5+0) 
0x00D0	0xD001      	BRA         L__Lcd_Cmd36
L__Lcd_Cmd35:
0x00D2	0x8A83      	BSF         LCD_D5, BitPos(LCD_D5+0) 
L__Lcd_Cmd36:
;__Lib_Lcd.c,36 :: 		
0x00D4	0xB036      	BTFSC       FARG_Lcd_Cmd_out_char, 0 
0x00D6	0xD002      	BRA         L__Lcd_Cmd37
0x00D8	0x9883      	BCF         LCD_D4, BitPos(LCD_D4+0) 
0x00DA	0xD001      	BRA         L__Lcd_Cmd38
L__Lcd_Cmd37:
0x00DC	0x8883      	BSF         LCD_D4, BitPos(LCD_D4+0) 
L__Lcd_Cmd38:
;__Lib_Lcd.c,38 :: 		
0x00DE	0xB01B      	BTFSC       __Lib_Lcd_cmd_status, BitPos(__Lib_Lcd_cmd_status+0) 
0x00E0	0xD002      	BRA         L__Lcd_Cmd39
0x00E2	0x8084      	BSF         LCD_RS, BitPos(LCD_RS+0) 
0x00E4	0xD001      	BRA         L__Lcd_Cmd40
L__Lcd_Cmd39:
0x00E6	0x9084      	BCF         LCD_RS, BitPos(LCD_RS+0) 
L__Lcd_Cmd40:
;__Lib_Lcd.c,40 :: 		
0x00E8	0x8484      	BSF         LCD_EN, BitPos(LCD_EN+0) 
;__Lib_Lcd.c,41 :: 		
0x00EA	0xDF98      	RCALL       _Delay_1us
;__Lib_Lcd.c,42 :: 		
0x00EC	0x9484      	BCF         LCD_EN, BitPos(LCD_EN+0) 
;__Lib_Lcd.c,44 :: 		
0x00EE	0xA01B      	BTFSS       __Lib_Lcd_cmd_status, BitPos(__Lib_Lcd_cmd_status+0) 
0x00F0	0xD002      	BRA         L_Lcd_Cmd0
;__Lib_Lcd.c,45 :: 		
0x00F2	0xDF9A      	RCALL       _Delay_5500us
0x00F4	0xD001      	BRA         L_Lcd_Cmd1
L_Lcd_Cmd0:
;__Lib_Lcd.c,47 :: 		
0x00F6	0xDFA3      	RCALL       _Delay_50us
L_Lcd_Cmd1:
;__Lib_Lcd.c,48 :: 		
L_end_Lcd_Cmd:
0x00F8	0x0012      	RETURN      0
; end of _Lcd_Cmd
_Lcd_Init:
;__Lib_Lcd.c,84 :: 		
;__Lib_Lcd.c,86 :: 		
0x00FA	0x9496      	BCF         LCD_EN_Direction, BitPos(LCD_EN_Direction+0) 
;__Lib_Lcd.c,87 :: 		
0x00FC	0x9096      	BCF         LCD_RS_Direction, BitPos(LCD_RS_Direction+0) 
;__Lib_Lcd.c,88 :: 		
0x00FE	0x9895      	BCF         LCD_D4_Direction, BitPos(LCD_D4_Direction+0) 
;__Lib_Lcd.c,89 :: 		
0x0100	0x9A95      	BCF         LCD_D5_Direction, BitPos(LCD_D5_Direction+0) 
;__Lib_Lcd.c,90 :: 		
0x0102	0x9C95      	BCF         LCD_D6_Direction, BitPos(LCD_D6_Direction+0) 
;__Lib_Lcd.c,91 :: 		
0x0104	0x9E95      	BCF         LCD_D7_Direction, BitPos(LCD_D7_Direction+0) 
;__Lib_Lcd.c,93 :: 		
0x0106	0x9484      	BCF         LCD_EN, BitPos(LCD_EN+0) 
;__Lib_Lcd.c,94 :: 		
0x0108	0x9084      	BCF         LCD_RS, BitPos(LCD_RS+0) 
;__Lib_Lcd.c,95 :: 		
0x010A	0x9E83      	BCF         LCD_D7, BitPos(LCD_D7+0) 
;__Lib_Lcd.c,96 :: 		
0x010C	0x9C83      	BCF         LCD_D6, BitPos(LCD_D6+0) 
;__Lib_Lcd.c,97 :: 		
0x010E	0x9A83      	BCF         LCD_D5, BitPos(LCD_D5+0) 
;__Lib_Lcd.c,98 :: 		
0x0110	0x9883      	BCF         LCD_D4, BitPos(LCD_D4+0) 
;__Lib_Lcd.c,100 :: 		
0x0112	0xDF8A      	RCALL       _Delay_5500us
;__Lib_Lcd.c,101 :: 		
0x0114	0xDF89      	RCALL       _Delay_5500us
;__Lib_Lcd.c,102 :: 		
0x0116	0xDF88      	RCALL       _Delay_5500us
;__Lib_Lcd.c,105 :: 		
0x0118	0x8A83      	BSF         LCD_D5, BitPos(LCD_D5+0) 
;__Lib_Lcd.c,106 :: 		
0x011A	0x8883      	BSF         LCD_D4, BitPos(LCD_D4+0) 
;__Lib_Lcd.c,107 :: 		
0x011C	0x8484      	BSF         LCD_EN, BitPos(LCD_EN+0) 
;__Lib_Lcd.c,108 :: 		
0x011E	0xDF7E      	RCALL       _Delay_1us
;__Lib_Lcd.c,109 :: 		
0x0120	0x9484      	BCF         LCD_EN, BitPos(LCD_EN+0) 
;__Lib_Lcd.c,110 :: 		
0x0122	0xDF82      	RCALL       _Delay_5500us
;__Lib_Lcd.c,112 :: 		
0x0124	0x8484      	BSF         LCD_EN, BitPos(LCD_EN+0) 
;__Lib_Lcd.c,113 :: 		
0x0126	0xDF7A      	RCALL       _Delay_1us
;__Lib_Lcd.c,114 :: 		
0x0128	0x9484      	BCF         LCD_EN, BitPos(LCD_EN+0) 
;__Lib_Lcd.c,115 :: 		
0x012A	0xDF7E      	RCALL       _Delay_5500us
;__Lib_Lcd.c,117 :: 		
0x012C	0x8484      	BSF         LCD_EN, BitPos(LCD_EN+0) 
;__Lib_Lcd.c,118 :: 		
0x012E	0xDF76      	RCALL       _Delay_1us
;__Lib_Lcd.c,119 :: 		
0x0130	0x9484      	BCF         LCD_EN, BitPos(LCD_EN+0) 
;__Lib_Lcd.c,120 :: 		
0x0132	0xDF7A      	RCALL       _Delay_5500us
;__Lib_Lcd.c,123 :: 		
0x0134	0x9883      	BCF         LCD_D4, BitPos(LCD_D4+0) 
;__Lib_Lcd.c,124 :: 		
0x0136	0x8484      	BSF         LCD_EN, BitPos(LCD_EN+0) 
;__Lib_Lcd.c,125 :: 		
0x0138	0xDF71      	RCALL       _Delay_1us
;__Lib_Lcd.c,126 :: 		
0x013A	0x9484      	BCF         LCD_EN, BitPos(LCD_EN+0) 
;__Lib_Lcd.c,127 :: 		
0x013C	0xDF75      	RCALL       _Delay_5500us
;__Lib_Lcd.c,130 :: 		
0x013E	0x8484      	BSF         LCD_EN, BitPos(LCD_EN+0) 
;__Lib_Lcd.c,131 :: 		
0x0140	0xDF6D      	RCALL       _Delay_1us
;__Lib_Lcd.c,132 :: 		
0x0142	0x9484      	BCF         LCD_EN, BitPos(LCD_EN+0) 
;__Lib_Lcd.c,134 :: 		
0x0144	0x9A83      	BCF         LCD_D5, BitPos(LCD_D5+0) 
;__Lib_Lcd.c,135 :: 		
0x0146	0x8E83      	BSF         LCD_D7, BitPos(LCD_D7+0) 
;__Lib_Lcd.c,136 :: 		
0x0148	0x8484      	BSF         LCD_EN, BitPos(LCD_EN+0) 
;__Lib_Lcd.c,137 :: 		
0x014A	0xDF68      	RCALL       _Delay_1us
;__Lib_Lcd.c,138 :: 		
0x014C	0x9484      	BCF         LCD_EN, BitPos(LCD_EN+0) 
;__Lib_Lcd.c,139 :: 		
0x014E	0xDF6C      	RCALL       _Delay_5500us
;__Lib_Lcd.c,142 :: 		
0x0150	0x9E83      	BCF         LCD_D7, BitPos(LCD_D7+0) 
;__Lib_Lcd.c,143 :: 		
0x0152	0x8883      	BSF         LCD_D4, BitPos(LCD_D4+0) 
;__Lib_Lcd.c,144 :: 		
0x0154	0x8484      	BSF         LCD_EN, BitPos(LCD_EN+0) 
;__Lib_Lcd.c,145 :: 		
0x0156	0xDF62      	RCALL       _Delay_1us
;__Lib_Lcd.c,146 :: 		
0x0158	0x9484      	BCF         LCD_EN, BitPos(LCD_EN+0) 
;__Lib_Lcd.c,148 :: 		
0x015A	0x9883      	BCF         LCD_D4, BitPos(LCD_D4+0) 
;__Lib_Lcd.c,149 :: 		
0x015C	0x8484      	BSF         LCD_EN, BitPos(LCD_EN+0) 
;__Lib_Lcd.c,150 :: 		
0x015E	0xDF5E      	RCALL       _Delay_1us
;__Lib_Lcd.c,151 :: 		
0x0160	0x9484      	BCF         LCD_EN, BitPos(LCD_EN+0) 
;__Lib_Lcd.c,152 :: 		
0x0162	0xDF62      	RCALL       _Delay_5500us
;__Lib_Lcd.c,155 :: 		
0x0164	0x8484      	BSF         LCD_EN, BitPos(LCD_EN+0) 
;__Lib_Lcd.c,156 :: 		
0x0166	0xDF5A      	RCALL       _Delay_1us
;__Lib_Lcd.c,157 :: 		
0x0168	0x9484      	BCF         LCD_EN, BitPos(LCD_EN+0) 
;__Lib_Lcd.c,159 :: 		
0x016A	0x8883      	BSF         LCD_D4, BitPos(LCD_D4+0) 
;__Lib_Lcd.c,160 :: 		
0x016C	0x8484      	BSF         LCD_EN, BitPos(LCD_EN+0) 
;__Lib_Lcd.c,161 :: 		
0x016E	0xDF56      	RCALL       _Delay_1us
;__Lib_Lcd.c,162 :: 		
0x0170	0x9484      	BCF         LCD_EN, BitPos(LCD_EN+0) 
;__Lib_Lcd.c,163 :: 		
0x0172	0xDF5A      	RCALL       _Delay_5500us
;__Lib_Lcd.c,166 :: 		
0x0174	0x9883      	BCF         LCD_D4, BitPos(LCD_D4+0) 
;__Lib_Lcd.c,167 :: 		
0x0176	0x8484      	BSF         LCD_EN, BitPos(LCD_EN+0) 
;__Lib_Lcd.c,168 :: 		
0x0178	0xDF51      	RCALL       _Delay_1us
;__Lib_Lcd.c,169 :: 		
0x017A	0x9484      	BCF         LCD_EN, BitPos(LCD_EN+0) 
;__Lib_Lcd.c,171 :: 		
0x017C	0x8E83      	BSF         LCD_D7, BitPos(LCD_D7+0) 
;__Lib_Lcd.c,172 :: 		
0x017E	0x8C83      	BSF         LCD_D6, BitPos(LCD_D6+0) 
;__Lib_Lcd.c,173 :: 		
0x0180	0x8A83      	BSF         LCD_D5, BitPos(LCD_D5+0) 
;__Lib_Lcd.c,174 :: 		
0x0182	0x8883      	BSF         LCD_D4, BitPos(LCD_D4+0) 
;__Lib_Lcd.c,175 :: 		
0x0184	0x8484      	BSF         LCD_EN, BitPos(LCD_EN+0) 
;__Lib_Lcd.c,176 :: 		
0x0186	0xDF4A      	RCALL       _Delay_1us
;__Lib_Lcd.c,177 :: 		
0x0188	0x9484      	BCF         LCD_EN, BitPos(LCD_EN+0) 
;__Lib_Lcd.c,179 :: 		
0x018A	0xDF4E      	RCALL       _Delay_5500us
;__Lib_Lcd.c,181 :: 		
0x018C	0x801B      	BSF         __Lib_Lcd_cmd_status, BitPos(__Lib_Lcd_cmd_status+0) 
;__Lib_Lcd.c,182 :: 		
L_end_Lcd_Init:
0x018E	0x0012      	RETURN      0
; end of _Lcd_Init
_Lcd_Chr_CP:
;__Lib_Lcd.c,50 :: 		
;__Lib_Lcd.c,52 :: 		
0x0190	0x901B      	BCF         __Lib_Lcd_cmd_status, BitPos(__Lib_Lcd_cmd_status+0) 
;__Lib_Lcd.c,53 :: 		
0x0192	0xF036C02F  	MOVFF       FARG_Lcd_Chr_CP_out_char, FARG_Lcd_Cmd_out_char
0x0196	0xDF73      	RCALL       _Lcd_Cmd
;__Lib_Lcd.c,54 :: 		
0x0198	0x801B      	BSF         __Lib_Lcd_cmd_status, BitPos(__Lib_Lcd_cmd_status+0) 
;__Lib_Lcd.c,55 :: 		
L_end_Lcd_Chr_CP:
0x019A	0x0012      	RETURN      0
; end of _Lcd_Chr_CP
_WordToStr:
;__Lib_Conversions.c,98 :: 		
;__Lib_Conversions.c,103 :: 		
0x019C	0x6A33      	CLRF        WordToStr_len_L0 
L_WordToStr11:
0x019E	0x0E05      	MOVLW       5
0x01A0	0x5C33      	SUBWF       WordToStr_len_L0, 0 
0x01A2	0xE20A      	BC          L_WordToStr12
;__Lib_Conversions.c,104 :: 		
0x01A4	0x5033      	MOVF        WordToStr_len_L0, 0 
0x01A6	0x2431      	ADDWF       FARG_WordToStr_output, 0 
0x01A8	0x6EE1      	MOVWF       FSR1L 
0x01AA	0x0E00      	MOVLW       0
0x01AC	0x2032      	ADDWFC      FARG_WordToStr_output+1, 0 
0x01AE	0x6EE2      	MOVWF       FSR1L+1 
0x01B0	0x0E20      	MOVLW       32
0x01B2	0x6EE6      	MOVWF       POSTINC1 
;__Lib_Conversions.c,103 :: 		
0x01B4	0x2A33      	INCF        WordToStr_len_L0, 1 
;__Lib_Conversions.c,104 :: 		
0x01B6	0xD7F3      	BRA         L_WordToStr11
L_WordToStr12:
;__Lib_Conversions.c,105 :: 		
0x01B8	0x5033      	MOVF        WordToStr_len_L0, 0 
0x01BA	0x2431      	ADDWF       FARG_WordToStr_output, 0 
0x01BC	0x6EE1      	MOVWF       FSR1L 
0x01BE	0x0E00      	MOVLW       0
0x01C0	0x2032      	ADDWFC      FARG_WordToStr_output+1, 0 
0x01C2	0x6EE2      	MOVWF       FSR1L+1 
0x01C4	0x6AE6      	CLRF        POSTINC1 
0x01C6	0x0633      	DECF        WordToStr_len_L0, 1 
;__Lib_Conversions.c,107 :: 		
L_WordToStr14:
;__Lib_Conversions.c,108 :: 		
0x01C8	0x5033      	MOVF        WordToStr_len_L0, 0 
0x01CA	0x2431      	ADDWF       FARG_WordToStr_output, 0 
0x01CC	0x6E34      	MOVWF       FLOC__WordToStr 
0x01CE	0x0E00      	MOVLW       0
0x01D0	0x2032      	ADDWFC      FARG_WordToStr_output+1, 0 
0x01D2	0x6E35      	MOVWF       FLOC__WordToStr+1 
0x01D4	0x0E0A      	MOVLW       10
0x01D6	0x6E04      	MOVWF       R4 
0x01D8	0x0E00      	MOVLW       0
0x01DA	0x6E05      	MOVWF       R5 
0x01DC	0xF000C02F  	MOVFF       FARG_WordToStr_input, R0
0x01E0	0xF001C030  	MOVFF       FARG_WordToStr_input+1, R1
0x01E4	0xDF31      	RCALL       _Div_16X16_U
0x01E6	0xF000C008  	MOVFF       R8, R0
0x01EA	0xF001C009  	MOVFF       R9, R1
0x01EE	0x0E30      	MOVLW       48
0x01F0	0x2600      	ADDWF       R0, 1 
0x01F2	0xFFE1C034  	MOVFF       FLOC__WordToStr, FSR1L
0x01F6	0xFFE2C035  	MOVFF       FLOC__WordToStr+1, FSR1H
0x01FA	0xFFE6C000  	MOVFF       R0, POSTINC1
;__Lib_Conversions.c,109 :: 		
0x01FE	0x0E0A      	MOVLW       10
0x0200	0x6E04      	MOVWF       R4 
0x0202	0x0E00      	MOVLW       0
0x0204	0x6E05      	MOVWF       R5 
0x0206	0xF000C02F  	MOVFF       FARG_WordToStr_input, R0
0x020A	0xF001C030  	MOVFF       FARG_WordToStr_input+1, R1
0x020E	0xDF1C      	RCALL       _Div_16X16_U
0x0210	0xF02FC000  	MOVFF       R0, FARG_WordToStr_input
0x0214	0xF030C001  	MOVFF       R1, FARG_WordToStr_input+1
;__Lib_Conversions.c,110 :: 		
0x0218	0x0E00      	MOVLW       0
0x021A	0x1801      	XORWF       R1, 0 
0x021C	0xE102      	BNZ         L__WordToStr379
0x021E	0x0E00      	MOVLW       0
0x0220	0x1800      	XORWF       R0, 0 
L__WordToStr379:
0x0222	0xE101      	BNZ         L_WordToStr16
;__Lib_Conversions.c,111 :: 		
0x0224	0xD002      	BRA         L_WordToStr15
L_WordToStr16:
;__Lib_Conversions.c,112 :: 		
0x0226	0x0633      	DECF        WordToStr_len_L0, 1 
;__Lib_Conversions.c,113 :: 		
0x0228	0xD7CF      	BRA         L_WordToStr14
L_WordToStr15:
;__Lib_Conversions.c,114 :: 		
L_end_WordToStr:
0x022A	0x0012      	RETURN      0
; end of _WordToStr
___CC2DW:
;__Lib_System.c,21 :: 		
;__Lib_System.c,23 :: 		
_CC2DL_Loop1:
;__Lib_System.c,24 :: 		
0x022C	0x0009      	TBLRD*+
;__Lib_System.c,25 :: 		
0x022E	0xFFE6CFF5  	MOVFF       TABLAT, POSTINC1
;__Lib_System.c,26 :: 		
0x0232	0x0600      	DECF        R0, 1, 0
;__Lib_System.c,27 :: 		
0x0234	0xE1FB      	BNZ         _CC2DL_Loop1
;__Lib_System.c,28 :: 		
0x0236	0x0601      	DECF        R1, 1, 0
;__Lib_System.c,29 :: 		
0x0238	0xE1F9      	BNZ         _CC2DL_Loop1
;__Lib_System.c,31 :: 		
L_end___CC2DW:
0x023A	0x0012      	RETURN      0
; end of ___CC2DW
_setup:
;tacometro.c,53 :: 		void setup(){
;tacometro.c,54 :: 		ADCON1 |= 0x0F;
0x023C	0x0E0F      	MOVLW       15
0x023E	0x12C1      	IORWF       ADCON1, 1 
;tacometro.c,55 :: 		TRISA  |= 0x10;
0x0240	0x8892      	BSF         TRISA, 4 
;tacometro.c,56 :: 		TRISC  &= 0xFB;
0x0242	0x0EFB      	MOVLW       251
0x0244	0x1694      	ANDWF       TRISC, 1 
;tacometro.c,59 :: 		LATC |= 0x04;
0x0246	0x848B      	BSF         LATC, 2 
;tacometro.c,62 :: 		TRISE &= 0x02;
0x0248	0x0E02      	MOVLW       2
0x024A	0x1696      	ANDWF       TRISE, 1 
;tacometro.c,63 :: 		LATE   = 0x00;
0x024C	0x6A8D      	CLRF        LATE 
;tacometro.c,65 :: 		Lcd_init();
0x024E	0xDF55      	RCALL       _Lcd_Init
;tacometro.c,66 :: 		Lcd_Cmd(_LCD_CURSOR_OFF);
0x0250	0x0E0C      	MOVLW       12
0x0252	0x6E36      	MOVWF       FARG_Lcd_Cmd_out_char 
0x0254	0xDF14      	RCALL       _Lcd_Cmd
;tacometro.c,70 :: 		T0CON.TMR0ON = 1; //turn timer on
0x0256	0x8ED5      	BSF         T0CON, 7 
;tacometro.c,71 :: 		T0CON.T08BIT = 0; //use it as 16bit
0x0258	0x9CD5      	BCF         T0CON, 6 
;tacometro.c,72 :: 		T0CON.T0CS   = 1; //as counter on t0CKI
0x025A	0x8AD5      	BSF         T0CON, 5 
;tacometro.c,73 :: 		T0CON.T0SE   = 1; //rising edge
0x025C	0x88D5      	BSF         T0CON, 4 
;tacometro.c,74 :: 		T0CON.PSA    = 1; //do not use prescaler
0x025E	0x86D5      	BSF         T0CON, 3 
;tacometro.c,75 :: 		TMR0H        = 0x00;
0x0260	0x6AD7      	CLRF        TMR0H 
;tacometro.c,76 :: 		TMR0L        = 0x00;
0x0262	0x6AD6      	CLRF        TMR0L 
;tacometro.c,82 :: 		}
L_end_setup:
0x0264	0x0012      	RETURN      0
; end of _setup
_Mul_16X16_U:
;__Lib_Math.c,440 :: 		
;__Lib_Math.c,447 :: 		
0x0266	0x6A0B      	CLRF        R11, 0
;__Lib_Math.c,448 :: 		
0x0268	0x6A0A      	CLRF        R10, 0
;__Lib_Math.c,449 :: 		
0x026A	0x6A09      	CLRF        R9, 0
;__Lib_Math.c,450 :: 		
0x026C	0x5000      	MOVF        R0, 0, 0
;__Lib_Math.c,451 :: 		
0x026E	0x0204      	MULWF       R4, 0
;__Lib_Math.c,453 :: 		
0x0270	0xF009CFF4  	MOVFF       PRODH, R9
;__Lib_Math.c,454 :: 		
0x0274	0xF008CFF3  	MOVFF       PRODL, R8
;__Lib_Math.c,455 :: 		
0x0278	0x5001      	MOVF        R1, 0, 0
;__Lib_Math.c,456 :: 		
0x027A	0x0205      	MULWF       R5, 0
;__Lib_Math.c,458 :: 		
0x027C	0xF00BCFF4  	MOVFF       PRODH, R11
;__Lib_Math.c,459 :: 		
0x0280	0xF00ACFF3  	MOVFF       PRODL, R10
;__Lib_Math.c,460 :: 		
0x0284	0x5000      	MOVF        R0, 0, 0
;__Lib_Math.c,461 :: 		
0x0286	0x0205      	MULWF       R5, 0
;__Lib_Math.c,463 :: 		
0x0288	0x50F3      	MOVF        PRODL, 0, 0
;__Lib_Math.c,464 :: 		
0x028A	0x2609      	ADDWF       R9, 1, 0
;__Lib_Math.c,465 :: 		
0x028C	0x50F4      	MOVF        PRODH, 0, 0
;__Lib_Math.c,466 :: 		
0x028E	0x220A      	ADDWFC      R10, 1, 0
;__Lib_Math.c,467 :: 		
0x0290	0x6AE8      	CLRF        WREG, 0
;__Lib_Math.c,468 :: 		
0x0292	0x220B      	ADDWFC      R11, 1, 0
;__Lib_Math.c,469 :: 		
0x0294	0x5001      	MOVF        R1, 0, 0
;__Lib_Math.c,470 :: 		
0x0296	0x0204      	MULWF       R4, 0
;__Lib_Math.c,472 :: 		
0x0298	0x50F3      	MOVF        PRODL, 0, 0
;__Lib_Math.c,473 :: 		
0x029A	0x2609      	ADDWF       R9, 1, 0
;__Lib_Math.c,474 :: 		
0x029C	0x50F4      	MOVF        PRODH, 0, 0
;__Lib_Math.c,475 :: 		
0x029E	0x220A      	ADDWFC      R10, 1, 0
;__Lib_Math.c,476 :: 		
0x02A0	0x6AE8      	CLRF        WREG, 0
;__Lib_Math.c,477 :: 		
0x02A2	0x220B      	ADDWFC      R11, 1, 0
;__Lib_Math.c,479 :: 		
0x02A4	0xF000C008  	MOVFF       R8, R0
;__Lib_Math.c,480 :: 		
0x02A8	0xF001C009  	MOVFF       R9, R1
;__Lib_Math.c,481 :: 		
0x02AC	0xF002C00A  	MOVFF       R10, R2
;__Lib_Math.c,482 :: 		
0x02B0	0xF003C00B  	MOVFF       R11, R3
;__Lib_Math.c,485 :: 		
L_end_Mul_16X16_U:
0x02B4	0x0012      	RETURN      0
; end of _Mul_16X16_U
_Lcd_Out:
;__Lib_Lcd.c,184 :: 		
;__Lib_Lcd.c,187 :: 		
0x02B6	0xD00F      	BRA         L_Lcd_Out11
;__Lib_Lcd.c,188 :: 		
L_Lcd_Out13:
0x02B8	0x0E80      	MOVLW       128
0x02BA	0x6E25      	MOVWF       FARG_Lcd_Out_row 
0x02BC	0xD019      	BRA         L_Lcd_Out12
;__Lib_Lcd.c,189 :: 		
L_Lcd_Out14:
0x02BE	0x0EC0      	MOVLW       192
0x02C0	0x6E25      	MOVWF       FARG_Lcd_Out_row 
0x02C2	0xD016      	BRA         L_Lcd_Out12
;__Lib_Lcd.c,190 :: 		
L_Lcd_Out15:
0x02C4	0x0E94      	MOVLW       148
0x02C6	0x6E25      	MOVWF       FARG_Lcd_Out_row 
0x02C8	0xD013      	BRA         L_Lcd_Out12
;__Lib_Lcd.c,191 :: 		
L_Lcd_Out16:
0x02CA	0x0ED4      	MOVLW       212
0x02CC	0x6E25      	MOVWF       FARG_Lcd_Out_row 
0x02CE	0xD010      	BRA         L_Lcd_Out12
;__Lib_Lcd.c,192 :: 		
L_Lcd_Out17:
0x02D0	0x0E80      	MOVLW       128
0x02D2	0x6E25      	MOVWF       FARG_Lcd_Out_row 
;__Lib_Lcd.c,193 :: 		
0x02D4	0xD00D      	BRA         L_Lcd_Out12
L_Lcd_Out11:
0x02D6	0x5025      	MOVF        FARG_Lcd_Out_row, 0 
0x02D8	0x0A01      	XORLW       1
0x02DA	0xE0EE      	BZ          L_Lcd_Out13
0x02DC	0x5025      	MOVF        FARG_Lcd_Out_row, 0 
0x02DE	0x0A02      	XORLW       2
0x02E0	0xE0EE      	BZ          L_Lcd_Out14
0x02E2	0x5025      	MOVF        FARG_Lcd_Out_row, 0 
0x02E4	0x0A03      	XORLW       3
0x02E6	0xE0EE      	BZ          L_Lcd_Out15
0x02E8	0x5025      	MOVF        FARG_Lcd_Out_row, 0 
0x02EA	0x0A04      	XORLW       4
0x02EC	0xE0EE      	BZ          L_Lcd_Out16
0x02EE	0xD7F0      	BRA         L_Lcd_Out17
L_Lcd_Out12:
;__Lib_Lcd.c,194 :: 		
0x02F0	0x0426      	DECF        FARG_Lcd_Out_column, 0 
0x02F2	0x6E00      	MOVWF       R0 
0x02F4	0x5025      	MOVF        FARG_Lcd_Out_row, 0 
0x02F6	0x2600      	ADDWF       R0, 1 
0x02F8	0xF025C000  	MOVFF       R0, FARG_Lcd_Out_row
;__Lib_Lcd.c,196 :: 		
0x02FC	0xF036C000  	MOVFF       R0, FARG_Lcd_Cmd_out_char
0x0300	0xDEBE      	RCALL       _Lcd_Cmd
;__Lib_Lcd.c,197 :: 		
0x0302	0x901B      	BCF         __Lib_Lcd_cmd_status, BitPos(__Lib_Lcd_cmd_status+0) 
;__Lib_Lcd.c,198 :: 		
0x0304	0x6A29      	CLRF        Lcd_Out_i_L0 
;__Lib_Lcd.c,199 :: 		
L_Lcd_Out18:
0x0306	0x5029      	MOVF        Lcd_Out_i_L0, 0 
0x0308	0x2427      	ADDWF       FARG_Lcd_Out_text, 0 
0x030A	0x6EE9      	MOVWF       FSR0L 
0x030C	0x0E00      	MOVLW       0
0x030E	0x2028      	ADDWFC      FARG_Lcd_Out_text+1, 0 
0x0310	0x6EEA      	MOVWF       FSR0L+1 
0x0312	0x52EE      	MOVF        POSTINC0, 1 
0x0314	0xE00B      	BZ          L_Lcd_Out19
;__Lib_Lcd.c,200 :: 		
0x0316	0x5029      	MOVF        Lcd_Out_i_L0, 0 
0x0318	0x2427      	ADDWF       FARG_Lcd_Out_text, 0 
0x031A	0x6EE9      	MOVWF       FSR0L 
0x031C	0x0E00      	MOVLW       0
0x031E	0x2028      	ADDWFC      FARG_Lcd_Out_text+1, 0 
0x0320	0x6EEA      	MOVWF       FSR0L+1 
0x0322	0xF02FCFEE  	MOVFF       POSTINC0, FARG_Lcd_Chr_CP_out_char
0x0326	0xDF34      	RCALL       _Lcd_Chr_CP
0x0328	0x2A29      	INCF        Lcd_Out_i_L0, 1 
0x032A	0xD7ED      	BRA         L_Lcd_Out18
L_Lcd_Out19:
;__Lib_Lcd.c,201 :: 		
0x032C	0x801B      	BSF         __Lib_Lcd_cmd_status, BitPos(__Lib_Lcd_cmd_status+0) 
;__Lib_Lcd.c,202 :: 		
L_end_Lcd_Out:
0x032E	0x0012      	RETURN      0
; end of _Lcd_Out
_Ltrim:
;__Lib_Conversions.c,421 :: 		
;__Lib_Conversions.c,425 :: 		
0x0330	0x6A27      	CLRF        Ltrim_trimmed_L0 
0x0332	0x6A28      	CLRF        Ltrim_trimmed_L0+1 
;__Lib_Conversions.c,426 :: 		
0x0334	0xF003C025  	MOVFF       FARG_Ltrim_string, R3
0x0338	0xF004C026  	MOVFF       FARG_Ltrim_string+1, R4
;__Lib_Conversions.c,427 :: 		
0x033C	0xF005C025  	MOVFF       FARG_Ltrim_string, R5
0x0340	0xF006C026  	MOVFF       FARG_Ltrim_string+1, R6
;__Lib_Conversions.c,428 :: 		
L_Ltrim84:
;__Lib_Conversions.c,429 :: 		
0x0344	0xFFE9C003  	MOVFF       R3, FSR0L
0x0348	0xFFEAC004  	MOVFF       R4, FSR0H
0x034C	0x50EE      	MOVF        POSTINC0, 0 
0x034E	0x0A20      	XORLW       32
0x0350	0xE104      	BNZ         L__Ltrim345
0x0352	0x5027      	MOVF        Ltrim_trimmed_L0, 0 
0x0354	0x1028      	IORWF       Ltrim_trimmed_L0+1, 0 
0x0356	0xE101      	BNZ         L__Ltrim345
0x0358	0xD010      	BRA         L_Ltrim89
L__Ltrim345:
;__Lib_Conversions.c,430 :: 		
0x035A	0x0E01      	MOVLW       1
0x035C	0x6E27      	MOVWF       Ltrim_trimmed_L0 
0x035E	0x0E00      	MOVLW       0
0x0360	0x6E28      	MOVWF       Ltrim_trimmed_L0+1 
;__Lib_Conversions.c,431 :: 		
0x0362	0xFFE9C003  	MOVFF       R3, FSR0L
0x0366	0xFFEAC004  	MOVFF       R4, FSR0H
0x036A	0xFFE1C005  	MOVFF       R5, FSR1L
0x036E	0xFFE2C006  	MOVFF       R6, FSR1H
0x0372	0xFFE6CFEE  	MOVFF       POSTINC0, POSTINC1
0x0376	0x4A05      	INFSNZ      R5, 1 
0x0378	0x2A06      	INCF        R6, 1 
;__Lib_Conversions.c,432 :: 		
L_Ltrim89:
;__Lib_Conversions.c,434 :: 		
0x037A	0xF001C003  	MOVFF       R3, R1
0x037E	0xF002C004  	MOVFF       R4, R2
0x0382	0x4A03      	INFSNZ      R3, 1 
0x0384	0x2A04      	INCF        R4, 1 
0x0386	0xFFE9C001  	MOVFF       R1, FSR0L
0x038A	0xFFEAC002  	MOVFF       R2, FSR0H
0x038E	0x50EE      	MOVF        POSTINC0, 0 
0x0390	0x0A00      	XORLW       0
0x0392	0xE1D8      	BNZ         L_Ltrim84
;__Lib_Conversions.c,435 :: 		
0x0394	0xF000C025  	MOVFF       FARG_Ltrim_string, R0
0x0398	0xF001C026  	MOVFF       FARG_Ltrim_string+1, R1
;__Lib_Conversions.c,436 :: 		
L_end_Ltrim:
0x039C	0x0012      	RETURN      0
; end of _Ltrim
_IntToStr:
;__Lib_Conversions.c,195 :: 		
;__Lib_Conversions.c,201 :: 		
0x039E	0x6A2B      	CLRF        IntToStr_negative_L0 
0x03A0	0x6A2C      	CLRF        IntToStr_negative_L0+1 
;__Lib_Conversions.c,202 :: 		
0x03A2	0xF02DC025  	MOVFF       FARG_IntToStr_input, IntToStr_inword_L0
0x03A6	0xF02EC026  	MOVFF       FARG_IntToStr_input+1, IntToStr_inword_L0+1
;__Lib_Conversions.c,203 :: 		
0x03AA	0x0E80      	MOVLW       128
0x03AC	0x1826      	XORWF       FARG_IntToStr_input+1, 0 
0x03AE	0x6E00      	MOVWF       R0 
0x03B0	0x0E80      	MOVLW       128
0x03B2	0x5C00      	SUBWF       R0, 0 
0x03B4	0xE102      	BNZ         L__IntToStr387
0x03B6	0x0E00      	MOVLW       0
0x03B8	0x5C25      	SUBWF       FARG_IntToStr_input, 0 
L__IntToStr387:
0x03BA	0xE20B      	BC          L_IntToStr37
;__Lib_Conversions.c,204 :: 		
0x03BC	0x0E01      	MOVLW       1
0x03BE	0x6E2B      	MOVWF       IntToStr_negative_L0 
0x03C0	0x0E00      	MOVLW       0
0x03C2	0x6E2C      	MOVWF       IntToStr_negative_L0+1 
;__Lib_Conversions.c,205 :: 		
0x03C4	0x5025      	MOVF        FARG_IntToStr_input, 0 
0x03C6	0x0800      	SUBLW       0
0x03C8	0x6E2D      	MOVWF       IntToStr_inword_L0 
0x03CA	0xF02EC026  	MOVFF       FARG_IntToStr_input+1, IntToStr_inword_L0+1
0x03CE	0x0E00      	MOVLW       0
0x03D0	0x562E      	SUBFWB      IntToStr_inword_L0+1, 1 
;__Lib_Conversions.c,206 :: 		
L_IntToStr37:
;__Lib_Conversions.c,207 :: 		
0x03D2	0xF02FC02D  	MOVFF       IntToStr_inword_L0, FARG_WordToStr_input
0x03D6	0xF030C02E  	MOVFF       IntToStr_inword_L0+1, FARG_WordToStr_input+1
0x03DA	0xF031C027  	MOVFF       FARG_IntToStr_output, FARG_WordToStr_output
0x03DE	0xF032C028  	MOVFF       FARG_IntToStr_output+1, FARG_WordToStr_output+1
0x03E2	0xDEDC      	RCALL       _WordToStr
;__Lib_Conversions.c,209 :: 		
0x03E4	0x0E06      	MOVLW       6
0x03E6	0x6E29      	MOVWF       IntToStr_i_L0 
0x03E8	0x0E00      	MOVLW       0
0x03EA	0x6E2A      	MOVWF       IntToStr_i_L0+1 
;__Lib_Conversions.c,210 :: 		
L_IntToStr38:
0x03EC	0x0E00      	MOVLW       0
0x03EE	0x6E00      	MOVWF       R0 
0x03F0	0x502A      	MOVF        IntToStr_i_L0+1, 0 
0x03F2	0x5C00      	SUBWF       R0, 0 
0x03F4	0xE102      	BNZ         L__IntToStr388
0x03F6	0x5029      	MOVF        IntToStr_i_L0, 0 
0x03F8	0x0800      	SUBLW       0
L__IntToStr388:
0x03FA	0xE219      	BC          L_IntToStr39
;__Lib_Conversions.c,211 :: 		
0x03FC	0x5029      	MOVF        IntToStr_i_L0, 0 
0x03FE	0x2427      	ADDWF       FARG_IntToStr_output, 0 
0x0400	0x6EE1      	MOVWF       FSR1L 
0x0402	0x502A      	MOVF        IntToStr_i_L0+1, 0 
0x0404	0x2028      	ADDWFC      FARG_IntToStr_output+1, 0 
0x0406	0x6EE2      	MOVWF       FSR1L+1 
0x0408	0x0E01      	MOVLW       1
0x040A	0x5C29      	SUBWF       IntToStr_i_L0, 0 
0x040C	0x6E00      	MOVWF       R0 
0x040E	0x0E00      	MOVLW       0
0x0410	0x582A      	SUBWFB      IntToStr_i_L0+1, 0 
0x0412	0x6E01      	MOVWF       R1 
0x0414	0x5000      	MOVF        R0, 0 
0x0416	0x2427      	ADDWF       FARG_IntToStr_output, 0 
0x0418	0x6EE9      	MOVWF       FSR0L 
0x041A	0x5001      	MOVF        R1, 0 
0x041C	0x2028      	ADDWFC      FARG_IntToStr_output+1, 0 
0x041E	0x6EEA      	MOVWF       FSR0L+1 
0x0420	0xFFE6CFEE  	MOVFF       POSTINC0, POSTINC1
;__Lib_Conversions.c,212 :: 		
0x0424	0x0E01      	MOVLW       1
0x0426	0x5E29      	SUBWF       IntToStr_i_L0, 1 
0x0428	0x0E00      	MOVLW       0
0x042A	0x5A2A      	SUBWFB      IntToStr_i_L0+1, 1 
;__Lib_Conversions.c,213 :: 		
0x042C	0xD7DF      	BRA         L_IntToStr38
L_IntToStr39:
;__Lib_Conversions.c,214 :: 		
0x042E	0xFFE1C027  	MOVFF       FARG_IntToStr_output, FSR1L
0x0432	0xFFE2C028  	MOVFF       FARG_IntToStr_output+1, FSR1H
0x0436	0x0E20      	MOVLW       32
0x0438	0x6EE6      	MOVWF       POSTINC1 
;__Lib_Conversions.c,215 :: 		
0x043A	0x502B      	MOVF        IntToStr_negative_L0, 0 
0x043C	0x102C      	IORWF       IntToStr_negative_L0+1, 0 
0x043E	0xE01A      	BZ          L_IntToStr40
;__Lib_Conversions.c,216 :: 		
0x0440	0x6A29      	CLRF        IntToStr_i_L0 
0x0442	0x6A2A      	CLRF        IntToStr_i_L0+1 
;__Lib_Conversions.c,217 :: 		
L_IntToStr41:
0x0444	0x5029      	MOVF        IntToStr_i_L0, 0 
0x0446	0x2427      	ADDWF       FARG_IntToStr_output, 0 
0x0448	0x6EE9      	MOVWF       FSR0L 
0x044A	0x502A      	MOVF        IntToStr_i_L0+1, 0 
0x044C	0x2028      	ADDWFC      FARG_IntToStr_output+1, 0 
0x044E	0x6EEA      	MOVWF       FSR0L+1 
0x0450	0x50EE      	MOVF        POSTINC0, 0 
0x0452	0x0A20      	XORLW       32
0x0454	0xE103      	BNZ         L_IntToStr42
0x0456	0x4A29      	INFSNZ      IntToStr_i_L0, 1 
0x0458	0x2A2A      	INCF        IntToStr_i_L0+1, 1 
0x045A	0xD7F4      	BRA         L_IntToStr41
L_IntToStr42:
;__Lib_Conversions.c,218 :: 		
0x045C	0x0E01      	MOVLW       1
0x045E	0x5E29      	SUBWF       IntToStr_i_L0, 1 
0x0460	0x0E00      	MOVLW       0
0x0462	0x5A2A      	SUBWFB      IntToStr_i_L0+1, 1 
;__Lib_Conversions.c,219 :: 		
0x0464	0x5029      	MOVF        IntToStr_i_L0, 0 
0x0466	0x2427      	ADDWF       FARG_IntToStr_output, 0 
0x0468	0x6EE1      	MOVWF       FSR1L 
0x046A	0x502A      	MOVF        IntToStr_i_L0+1, 0 
0x046C	0x2028      	ADDWFC      FARG_IntToStr_output+1, 0 
0x046E	0x6EE2      	MOVWF       FSR1L+1 
0x0470	0x0E2D      	MOVLW       45
0x0472	0x6EE6      	MOVWF       POSTINC1 
L_IntToStr40:
;__Lib_Conversions.c,220 :: 		
L_end_IntToStr:
0x0474	0x0012      	RETURN      0
; end of _IntToStr
_main:
0x0476	0x0E52      	MOVLW       82
0x0478	0x6E15      	MOVWF       ?lstr1_tacometro 
0x047A	0x0E50      	MOVLW       80
0x047C	0x6E16      	MOVWF       22 
0x047E	0x0E4D      	MOVLW       77
0x0480	0x6E17      	MOVWF       23 
0x0482	0x6A18      	CLRF        24 
0x0484	0x6A19      	CLRF        _TMR0Val 
0x0486	0x6A1A      	CLRF        26 
;tacometro.c,26 :: 		void main() {
;tacometro.c,27 :: 		setup();
0x0488	0xDED9      	RCALL       _setup
;tacometro.c,29 :: 		for(;;){
L_main0:
;tacometro.c,31 :: 		delay_ms(1000);
0x048A	0x0E1A      	MOVLW       26
0x048C	0x6E0B      	MOVWF       R11, 0
0x048E	0x0E5E      	MOVLW       94
0x0490	0x6E0C      	MOVWF       R12, 0
0x0492	0x0E6E      	MOVLW       110
0x0494	0x6E0D      	MOVWF       R13, 0
L_main3:
0x0496	0x2E0D      	DECFSZ      R13, 1, 0
0x0498	0xD7FE      	BRA         L_main3
0x049A	0x2E0C      	DECFSZ      R12, 1, 0
0x049C	0xD7FC      	BRA         L_main3
0x049E	0x2E0B      	DECFSZ      R11, 1, 0
0x04A0	0xD7FA      	BRA         L_main3
0x04A2	0x0000      	NOP
;tacometro.c,32 :: 		Lcd_Cmd(_LCD_CLEAR);
0x04A4	0x0E01      	MOVLW       1
0x04A6	0x6E36      	MOVWF       FARG_Lcd_Cmd_out_char 
0x04A8	0xDDEA      	RCALL       _Lcd_Cmd
;tacometro.c,33 :: 		TMR0Val = (TMR0H << 8) | TMR0L;
0x04AA	0xF001CFD7  	MOVFF       TMR0H, R1
0x04AE	0x6A00      	CLRF        R0 
0x04B0	0x50D6      	MOVF        TMR0L, 0 
0x04B2	0x1200      	IORWF       R0, 1 
0x04B4	0x0E00      	MOVLW       0
0x04B6	0x1201      	IORWF       R1, 1 
0x04B8	0xF019C000  	MOVFF       R0, _TMR0Val
0x04BC	0xF01AC001  	MOVFF       R1, _TMR0Val+1
;tacometro.c,35 :: 		TMR0H = 0x00;
0x04C0	0x6AD7      	CLRF        TMR0H 
;tacometro.c,36 :: 		TMR0L = 0x00;
0x04C2	0x6AD6      	CLRF        TMR0L 
;tacometro.c,38 :: 		TMR0Val *= 60;
0x04C4	0x0E3C      	MOVLW       60
0x04C6	0x6E04      	MOVWF       R4 
0x04C8	0x0E00      	MOVLW       0
0x04CA	0x6E05      	MOVWF       R5 
0x04CC	0xDECC      	RCALL       _Mul_16X16_U
0x04CE	0xF019C000  	MOVFF       R0, _TMR0Val
0x04D2	0xF01AC001  	MOVFF       R1, _TMR0Val+1
;tacometro.c,40 :: 		IntToStr(TMR0Val,TMR0_txt);
0x04D6	0xF025C000  	MOVFF       R0, FARG_IntToStr_input
0x04DA	0xF026C001  	MOVFF       R1, FARG_IntToStr_input+1
0x04DE	0x0E1E      	MOVLW       _TMR0_txt
0x04E0	0x6E27      	MOVWF       FARG_IntToStr_output 
0x04E2	0x0E00      	MOVLW       hi_addr(_TMR0_txt)
0x04E4	0x6E28      	MOVWF       FARG_IntToStr_output+1 
0x04E6	0xDF5B      	RCALL       _IntToStr
;tacometro.c,41 :: 		TMR0_txt_trimmed = Ltrim(TMR0_txt);
0x04E8	0x0E1E      	MOVLW       _TMR0_txt
0x04EA	0x6E25      	MOVWF       FARG_Ltrim_string 
0x04EC	0x0E00      	MOVLW       hi_addr(_TMR0_txt)
0x04EE	0x6E26      	MOVWF       FARG_Ltrim_string+1 
0x04F0	0xDF1F      	RCALL       _Ltrim
0x04F2	0xF01CC000  	MOVFF       R0, _TMR0_txt_trimmed
0x04F6	0xF01DC001  	MOVFF       R1, _TMR0_txt_trimmed+1
;tacometro.c,44 :: 		lcd_out(1,1,TMR0_txt_trimmed);
0x04FA	0x0E01      	MOVLW       1
0x04FC	0x6E25      	MOVWF       FARG_Lcd_Out_row 
0x04FE	0x0E01      	MOVLW       1
0x0500	0x6E26      	MOVWF       FARG_Lcd_Out_column 
0x0502	0xF027C000  	MOVFF       R0, FARG_Lcd_Out_text
0x0506	0xF028C001  	MOVFF       R1, FARG_Lcd_Out_text+1
0x050A	0xDED5      	RCALL       _Lcd_Out
;tacometro.c,45 :: 		lcd_out(1,7,"RPM");
0x050C	0x0E01      	MOVLW       1
0x050E	0x6E25      	MOVWF       FARG_Lcd_Out_row 
0x0510	0x0E07      	MOVLW       7
0x0512	0x6E26      	MOVWF       FARG_Lcd_Out_column 
0x0514	0x0E15      	MOVLW       ?lstr1_tacometro
0x0516	0x6E27      	MOVWF       FARG_Lcd_Out_text 
0x0518	0x0E00      	MOVLW       hi_addr(?lstr1_tacometro)
0x051A	0x6E28      	MOVWF       FARG_Lcd_Out_text+1 
0x051C	0xDECC      	RCALL       _Lcd_Out
;tacometro.c,47 :: 		TMR0Val = 0;
0x051E	0x6A19      	CLRF        _TMR0Val 
0x0520	0x6A1A      	CLRF        _TMR0Val+1 
;tacometro.c,49 :: 		}
0x0522	0xD7B3      	BRA         L_main0
;tacometro.c,51 :: 		}
L_end_main:
0x0524	0xD7FF      	BRA         $+0
; end of _main
Symbol List:
//** Routines locations **
//ADDRESS    SIZE    PROCEDURE
//----------------------------------------------
0x001C      [12]    _Delay_1us
0x0028      [22]    _Delay_5500us
0x003E      [10]    _Delay_50us
0x0048      [54]    _Div_16X16_U
0x007E     [124]    _Lcd_Cmd
0x00FA     [150]    _Lcd_Init
0x0190      [12]    _Lcd_Chr_CP
0x019C     [144]    _WordToStr
0x022C      [16]    ___CC2DW
0x023C      [42]    _setup
0x0266      [80]    _Mul_16X16_U
0x02B6     [122]    _Lcd_Out
0x0330     [110]    _Ltrim
0x039E     [216]    _IntToStr
0x0476     [176]    _main
//** Variables locations ** 
//ADDRESS    SIZE    VARIABLE
//----------------------------------------------
0x0000       [1]    R0
0x0001       [1]    __Lib_Conversions_Adjust_Hex_tmp_L0
0x0001       [1]    R1
0x0002       [1]    R2
0x0002       [2]    strlen_cp_L0
0x0002       [2]    memset_pp_L0
0x0002       [2]    memcpy_dd_L0
0x0002       [2]    memchr_s_L0
0x0003       [1]    R3
0x0003       [2]    Ltrim_original_L0
0x0003       [2]    memmove_tt_L0
0x0004       [1]    R4
0x0004       [2]    memcpy_ss_L0
0x0004       [2]    strcpy_cp_L0
0x0004       [2]    strncat_cp_L0
0x0004       [2]    strncpy_cp_L0
0x0004       [2]    strcat_cp_L0
0x0005       [1]    R5
0x0005       [2]    memmove_ff_L0
0x0005       [2]    LongWordToHex_input_half_L0
0x0005       [2]    LongIntToHex_input_half_L0
0x0005       [2]    Ltrim_p_L0
0x0006       [1]    R6
0x0007       [1]    R7
0x0008       [1]    R8
0x0009       [1]    R9
0x000A       [1]    R10
0x000B       [1]    R11
0x000C       [1]    R12
0x000D       [1]    R13
0x000E       [1]    R14
0x000F       [1]    R15
0x0010       [1]    R16
0x0011       [1]    R17
0x0012       [1]    R18
0x0013       [1]    R19
0x0014       [1]    R20
0x0015       [4]    ?lstr1_tacometro
0x0019       [2]    _TMR0Val
0x001B       [0]    __Lib_Lcd_cmd_status
0x001C       [2]    _TMR0_txt_trimmed
0x001E       [7]    _TMR0_txt
0x0025       [1]    FARG_Lcd_Out_row
0x0025       [2]    FARG_IntToStr_input
0x0025       [2]    FARG_Ltrim_string
0x0026       [1]    FARG_Lcd_Out_column
0x0027       [2]    FARG_IntToStr_output
0x0027       [2]    FARG_Lcd_Out_text
0x0027       [2]    Ltrim_trimmed_L0
0x0029       [1]    Lcd_Out_i_L0
0x0029       [2]    IntToStr_i_L0
0x002B       [2]    IntToStr_negative_L0
0x002D       [2]    IntToStr_inword_L0
0x002F       [2]    FARG_WordToStr_input
0x002F       [1]    FARG_Lcd_Chr_CP_out_char
0x0031       [2]    FARG_WordToStr_output
0x0033       [1]    WordToStr_len_L0
0x0034       [2]    FLOC__WordToStr
0x0036       [1]    FARG_Lcd_Cmd_out_char
0x0F83       [0]    LCD_D5
0x0F83       [0]    LCD_D7
0x0F83       [0]    RD6_bit
0x0F83       [0]    LCD_D6
0x0F83       [0]    RD4_bit
0x0F83       [0]    RD7_bit
0x0F83       [0]    RD5_bit
0x0F83       [0]    LCD_D4
0x0F84       [0]    LCD_RS
0x0F84       [0]    LCD_EN
0x0F84       [0]    RE2_bit
0x0F84       [0]    RE0_bit
0x0F8B       [1]    LATC
0x0F8D       [1]    LATE
0x0F92       [1]    TRISA
0x0F94       [1]    TRISC
0x0F95       [0]    LCD_D4_Direction
0x0F95       [0]    LCD_D5_Direction
0x0F95       [0]    TRISD4_bit
0x0F95       [0]    TRISD5_bit
0x0F95       [0]    TRISD7_bit
0x0F95       [0]    TRISD6_bit
0x0F95       [0]    LCD_D7_Direction
0x0F95       [0]    LCD_D6_Direction
0x0F96       [0]    TRISE0_bit
0x0F96       [0]    TRISE2_bit
0x0F96       [1]    TRISE
0x0F96       [0]    LCD_EN_Direction
0x0F96       [0]    LCD_RS_Direction
0x0FC1       [1]    ADCON1
0x0FD5       [1]    T0CON
0x0FD6       [1]    TMR0L
0x0FD7       [1]    TMR0H
0x0FD8       [1]    STATUS
0x0FD9       [1]    FSR2L
0x0FDA       [1]    FSR2H
0x0FDE       [1]    POSTINC2
0x0FE0       [1]    BSR
0x0FE1       [1]    FSR1L
0x0FE2       [1]    FSR1H
0x0FE4       [1]    PREINC1
0x0FE6       [1]    POSTINC1
0x0FE7       [1]    INDF1
0x0FE8       [1]    WREG
0x0FE9       [1]    FSR0L
0x0FEA       [1]    FSR0H
0x0FEE       [1]    POSTINC0
0x0FF3       [1]    PRODL
0x0FF4       [1]    PRODH
0x0FF5       [1]    TABLAT
0x0FF6       [3]    TBLPTR
0x0FF6       [1]    TBLPTRL
0x0FF7       [1]    TBLPTRH
0x0FF8       [1]    TBLPTRU
