;  LST file generated by mikroListExporter - v.2.0 
; Date/Time: 18/11/2024 20:02:20
;----------------------------------------------

;Address Opcode 	ASM
0x0000	0xF005EF4F  	GOTO        2718
_interrupt:
;SenaiInterruptsProject.c,67 :: 		void interrupt(){
0x0008	0xF01EC000  	MOVFF       R0, 30
0x000C	0xF01DC001  	MOVFF       R1, 29
0x0010	0xF01CC002  	MOVFF       R2, 28
0x0014	0xF01BC003  	MOVFF       R3, 27
0x0018	0xF01AC004  	MOVFF       R4, 26
0x001C	0xF019C005  	MOVFF       R5, 25
0x0020	0xF018C008  	MOVFF       R8, 24
0x0024	0xF017C009  	MOVFF       R9, 23
0x0028	0xF016C00A  	MOVFF       R10, 22
0x002C	0xF015C00B  	MOVFF       R11, 21
;SenaiInterruptsProject.c,68 :: 		if(INTCON.INT0F){
0x0030	0xF01FCFF3  	MOVFF       PROD, 31
0x0034	0xF020CFF4  	MOVFF       PRODH, 32
0x0038	0xA2F2      	BTFSS       INTCON, 1 
0x003A	0xD01D      	BRA         L_interrupt0
;SenaiInterruptsProject.c,69 :: 		INTCON.INT0E = 0;
0x003C	0x98F2      	BCF         INTCON, 4 
;SenaiInterruptsProject.c,70 :: 		INTCON.INT0F = 0;
0x003E	0x92F2      	BCF         INTCON, 1 
;SenaiInterruptsProject.c,71 :: 		next_screen++;
0x0040	0x0100      	MOVLB       0
0x0042	0x4BB7      	INFSNZ      _next_screen, 1, 1
0x0044	0x2BB8      	INCF        _next_screen+1, 1, 1
;SenaiInterruptsProject.c,72 :: 		next_screen -= ((next_screen > (SCREENS_NUMBER-1)) * next_screen);
0x0046	0x0E80      	MOVLW       128
0x0048	0x0A00      	XORLW       0
0x004A	0x6E00      	MOVWF       R0 
0x004C	0x0E80      	MOVLW       128
0x004E	0x19B8      	XORWF       _next_screen+1, 0, 1
0x0050	0x5C00      	SUBWF       R0, 0 
0x0052	0xE102      	BNZ         L__interrupt17
0x0054	0x51B7      	MOVF        _next_screen, 0, 1
0x0056	0x0803      	SUBLW       3
L__interrupt17:
0x0058	0x0E01      	MOVLW       1
0x005A	0xB0D8      	BTFSC       STATUS, 0 
0x005C	0x0E00      	MOVLW       0
0x005E	0x6E00      	MOVWF       R0 
0x0060	0x0E00      	MOVLW       0
0x0062	0x6E01      	MOVWF       R1 
0x0064	0xF004C0B7  	MOVFF       _next_screen, R4
0x0068	0xF005C0B8  	MOVFF       _next_screen+1, R5
0x006C	0xD90C      	RCALL       _Mul_16X16_U
0x006E	0x5000      	MOVF        R0, 0 
0x0070	0x5FB7      	SUBWF       _next_screen, 1, 1
0x0072	0x5001      	MOVF        R1, 0 
0x0074	0x5BB8      	SUBWFB      _next_screen+1, 1, 1
;SenaiInterruptsProject.c,73 :: 		}
L_interrupt0:
;SenaiInterruptsProject.c,74 :: 		}
L_end_interrupt:
L__interrupt16:
0x0076	0xFFF3C01F  	MOVFF       31, PROD
0x007A	0xFFF4C020  	MOVFF       32, PRODH
0x007E	0xF000C01E  	MOVFF       30, R0
0x0082	0xF001C01D  	MOVFF       29, R1
0x0086	0xF002C01C  	MOVFF       28, R2
0x008A	0xF003C01B  	MOVFF       27, R3
0x008E	0xF004C01A  	MOVFF       26, R4
0x0092	0xF005C019  	MOVFF       25, R5
0x0096	0xF008C018  	MOVFF       24, R8
0x009A	0xF009C017  	MOVFF       23, R9
0x009E	0xF00AC016  	MOVFF       22, R10
0x00A2	0xF00BC015  	MOVFF       21, R11
0x00A6	0x0011      	RETFIE      1
; end of _interrupt
_Delay_1us:
;__Lib_Delays.c,7 :: 		void Delay_1us() {
;__Lib_Delays.c,8 :: 		Delay_us(1);
0x00A8	0x0000      	NOP
0x00AA	0x0000      	NOP
0x00AC	0x0000      	NOP
0x00AE	0x0000      	NOP
0x00B0	0x0000      	NOP
;__Lib_Delays.c,9 :: 		}
L_end_Delay_1us:
0x00B2	0x0012      	RETURN      0
; end of _Delay_1us
_Delay_5500us:
;__Lib_Delays.c,31 :: 		void Delay_5500us() {
;__Lib_Delays.c,32 :: 		Delay_us(5500);
0x00B4	0x0E24      	MOVLW       36
0x00B6	0x6E0C      	MOVWF       R12, 0
0x00B8	0x0EB5      	MOVLW       181
0x00BA	0x6E0D      	MOVWF       R13, 0
L_Delay_5500us5:
0x00BC	0x2E0D      	DECFSZ      R13, 1, 0
0x00BE	0xD7FE      	BRA         L_Delay_5500us5
0x00C0	0x2E0C      	DECFSZ      R12, 1, 0
0x00C2	0xD7FC      	BRA         L_Delay_5500us5
0x00C4	0x0000      	NOP
0x00C6	0x0000      	NOP
;__Lib_Delays.c,33 :: 		}
L_end_Delay_5500us:
0x00C8	0x0012      	RETURN      0
; end of _Delay_5500us
_Delay_50us:
;__Lib_Delays.c,19 :: 		void Delay_50us() {
;__Lib_Delays.c,20 :: 		Delay_us(50);
0x00CA	0x0E53      	MOVLW       83
0x00CC	0x6E0D      	MOVWF       R13, 0
L_Delay_50us2:
0x00CE	0x2E0D      	DECFSZ      R13, 1, 0
0x00D0	0xD7FE      	BRA         L_Delay_50us2
;__Lib_Delays.c,21 :: 		}
L_end_Delay_50us:
0x00D2	0x0012      	RETURN      0
; end of _Delay_50us
_SETFUN32:
;__Lib_MathDouble.c,144 :: 		
;__Lib_MathDouble.c,152 :: 		
0x00D4	0x840B      	BSF         R11, 2, 0
;__Lib_MathDouble.c,153 :: 		
0x00D6	0xAE0B      	BTFSS       R11, 7, 0
;__Lib_MathDouble.c,154 :: 		
0x00D8	0xF000EF75  	GOTO        SETFUN32EEE
;__Lib_MathDouble.c,156 :: 		
0x00DC	0x0E01      	MOVLW       1
;__Lib_MathDouble.c,157 :: 		
0x00DE	0x6E03      	MOVWF       R3, 0
;__Lib_MathDouble.c,158 :: 		
0x00E0	0x6A02      	CLRF        R2, 0
;__Lib_MathDouble.c,159 :: 		
0x00E2	0x6A01      	CLRF        R1, 0
;__Lib_MathDouble.c,160 :: 		
0x00E4	0x6A00      	CLRF        R0, 0
;__Lib_MathDouble.c,161 :: 		
0x00E6	0x360A      	RLCF        R10, 1, 0
;__Lib_MathDouble.c,162 :: 		
0x00E8	0x3202      	RRCF        R2, 1, 0
;__Lib_MathDouble.c,163 :: 		
SETFUN32EEE:
;__Lib_MathDouble.c,164 :: 		
0x00EA	0x0EFF      	MOVLW       255
;__Lib_MathDouble.c,166 :: 		
L_end_SETFUN32:
0x00EC	0x0012      	RETURN      0
; end of _SETFUN32
_FIXSIGN32:
;__Lib_MathDouble.c,117 :: 		
;__Lib_MathDouble.c,121 :: 		
0x00EE	0xAE0A      	BTFSS       R10, 7, 0
;__Lib_MathDouble.c,122 :: 		
0x00F0	0x9E02      	BCF         R2, 7, 0
;__Lib_MathDouble.c,123 :: 		
0x00F2	0x0E00      	MOVLW       0
;__Lib_MathDouble.c,125 :: 		
L_end_FIXSIGN32:
0x00F4	0x0012      	RETURN      0
; end of _FIXSIGN32
_Lcd_Cmd:
;__Lib_Lcd.c,18 :: 		
;__Lib_Lcd.c,20 :: 		
0x00F6	0x0100      	MOVLB       0
0x00F8	0xBFDB      	BTFSC       FARG_Lcd_Cmd_out_char, 7, 1
0x00FA	0xD002      	BRA         L__Lcd_Cmd21
0x00FC	0x9E83      	BCF         LCD_D7, BitPos(LCD_D7+0) 
0x00FE	0xD001      	BRA         L__Lcd_Cmd22
L__Lcd_Cmd21:
0x0100	0x8E83      	BSF         LCD_D7, BitPos(LCD_D7+0) 
L__Lcd_Cmd22:
;__Lib_Lcd.c,21 :: 		
0x0102	0xBDDB      	BTFSC       FARG_Lcd_Cmd_out_char, 6, 1
0x0104	0xD002      	BRA         L__Lcd_Cmd23
0x0106	0x9C83      	BCF         LCD_D6, BitPos(LCD_D6+0) 
0x0108	0xD001      	BRA         L__Lcd_Cmd24
L__Lcd_Cmd23:
0x010A	0x8C83      	BSF         LCD_D6, BitPos(LCD_D6+0) 
L__Lcd_Cmd24:
;__Lib_Lcd.c,22 :: 		
0x010C	0xBBDB      	BTFSC       FARG_Lcd_Cmd_out_char, 5, 1
0x010E	0xD002      	BRA         L__Lcd_Cmd25
0x0110	0x9A83      	BCF         LCD_D5, BitPos(LCD_D5+0) 
0x0112	0xD001      	BRA         L__Lcd_Cmd26
L__Lcd_Cmd25:
0x0114	0x8A83      	BSF         LCD_D5, BitPos(LCD_D5+0) 
L__Lcd_Cmd26:
;__Lib_Lcd.c,23 :: 		
0x0116	0xB9DB      	BTFSC       FARG_Lcd_Cmd_out_char, 4, 1
0x0118	0xD002      	BRA         L__Lcd_Cmd27
0x011A	0x9883      	BCF         LCD_D4, BitPos(LCD_D4+0) 
0x011C	0xD001      	BRA         L__Lcd_Cmd28
L__Lcd_Cmd27:
0x011E	0x8883      	BSF         LCD_D4, BitPos(LCD_D4+0) 
L__Lcd_Cmd28:
;__Lib_Lcd.c,25 :: 		
0x0120	0xB1BC      	BTFSC       __Lib_Lcd_cmd_status, BitPos(__Lib_Lcd_cmd_status+0), 1
0x0122	0xD002      	BRA         L__Lcd_Cmd29
0x0124	0x8084      	BSF         LCD_RS, BitPos(LCD_RS+0) 
0x0126	0xD001      	BRA         L__Lcd_Cmd30
L__Lcd_Cmd29:
0x0128	0x9084      	BCF         LCD_RS, BitPos(LCD_RS+0) 
L__Lcd_Cmd30:
;__Lib_Lcd.c,28 :: 		
0x012A	0x8484      	BSF         LCD_EN, BitPos(LCD_EN+0) 
;__Lib_Lcd.c,29 :: 		
0x012C	0xDFBD      	RCALL       _Delay_1us
;__Lib_Lcd.c,30 :: 		
0x012E	0x9484      	BCF         LCD_EN, BitPos(LCD_EN+0) 
;__Lib_Lcd.c,33 :: 		
0x0130	0xB7DB      	BTFSC       FARG_Lcd_Cmd_out_char, 3, 1
0x0132	0xD002      	BRA         L__Lcd_Cmd31
0x0134	0x9E83      	BCF         LCD_D7, BitPos(LCD_D7+0) 
0x0136	0xD001      	BRA         L__Lcd_Cmd32
L__Lcd_Cmd31:
0x0138	0x8E83      	BSF         LCD_D7, BitPos(LCD_D7+0) 
L__Lcd_Cmd32:
;__Lib_Lcd.c,34 :: 		
0x013A	0xB5DB      	BTFSC       FARG_Lcd_Cmd_out_char, 2, 1
0x013C	0xD002      	BRA         L__Lcd_Cmd33
0x013E	0x9C83      	BCF         LCD_D6, BitPos(LCD_D6+0) 
0x0140	0xD001      	BRA         L__Lcd_Cmd34
L__Lcd_Cmd33:
0x0142	0x8C83      	BSF         LCD_D6, BitPos(LCD_D6+0) 
L__Lcd_Cmd34:
;__Lib_Lcd.c,35 :: 		
0x0144	0xB3DB      	BTFSC       FARG_Lcd_Cmd_out_char, 1, 1
0x0146	0xD002      	BRA         L__Lcd_Cmd35
0x0148	0x9A83      	BCF         LCD_D5, BitPos(LCD_D5+0) 
0x014A	0xD001      	BRA         L__Lcd_Cmd36
L__Lcd_Cmd35:
0x014C	0x8A83      	BSF         LCD_D5, BitPos(LCD_D5+0) 
L__Lcd_Cmd36:
;__Lib_Lcd.c,36 :: 		
0x014E	0xB1DB      	BTFSC       FARG_Lcd_Cmd_out_char, 0, 1
0x0150	0xD002      	BRA         L__Lcd_Cmd37
0x0152	0x9883      	BCF         LCD_D4, BitPos(LCD_D4+0) 
0x0154	0xD001      	BRA         L__Lcd_Cmd38
L__Lcd_Cmd37:
0x0156	0x8883      	BSF         LCD_D4, BitPos(LCD_D4+0) 
L__Lcd_Cmd38:
;__Lib_Lcd.c,38 :: 		
0x0158	0xB1BC      	BTFSC       __Lib_Lcd_cmd_status, BitPos(__Lib_Lcd_cmd_status+0), 1
0x015A	0xD002      	BRA         L__Lcd_Cmd39
0x015C	0x8084      	BSF         LCD_RS, BitPos(LCD_RS+0) 
0x015E	0xD001      	BRA         L__Lcd_Cmd40
L__Lcd_Cmd39:
0x0160	0x9084      	BCF         LCD_RS, BitPos(LCD_RS+0) 
L__Lcd_Cmd40:
;__Lib_Lcd.c,40 :: 		
0x0162	0x8484      	BSF         LCD_EN, BitPos(LCD_EN+0) 
;__Lib_Lcd.c,41 :: 		
0x0164	0xDFA1      	RCALL       _Delay_1us
;__Lib_Lcd.c,42 :: 		
0x0166	0x9484      	BCF         LCD_EN, BitPos(LCD_EN+0) 
;__Lib_Lcd.c,44 :: 		
0x0168	0xA1BC      	BTFSS       __Lib_Lcd_cmd_status, BitPos(__Lib_Lcd_cmd_status+0), 1
0x016A	0xD002      	BRA         L_Lcd_Cmd0
;__Lib_Lcd.c,45 :: 		
0x016C	0xDFA3      	RCALL       _Delay_5500us
0x016E	0xD001      	BRA         L_Lcd_Cmd1
L_Lcd_Cmd0:
;__Lib_Lcd.c,47 :: 		
0x0170	0xDFAC      	RCALL       _Delay_50us
L_Lcd_Cmd1:
;__Lib_Lcd.c,48 :: 		
L_end_Lcd_Cmd:
0x0172	0x0012      	RETURN      0
; end of _Lcd_Cmd
_RES032:
;__Lib_MathDouble.c,128 :: 		
;__Lib_MathDouble.c,134 :: 		
0x0174	0x6A02      	CLRF        R2, 0
;__Lib_MathDouble.c,135 :: 		
0x0176	0x6A01      	CLRF        R1, 0
;__Lib_MathDouble.c,136 :: 		
0x0178	0x6A00      	CLRF        R0, 0
;__Lib_MathDouble.c,137 :: 		
0x017A	0x6A08      	CLRF        R8, 0
;__Lib_MathDouble.c,138 :: 		
0x017C	0x6A03      	CLRF        R3, 0
;__Lib_MathDouble.c,139 :: 		
0x017E	0x0E00      	MOVLW       0
;__Lib_MathDouble.c,141 :: 		
L_end_RES032:
0x0180	0x0012      	RETURN      0
; end of _RES032
_NRM3232:
;__Lib_MathDouble.c,455 :: 		
;__Lib_MathDouble.c,463 :: 		
0x0182	0x6A0C      	CLRF        R12, 0
;__Lib_MathDouble.c,464 :: 		
0x0184	0x6A0E      	CLRF        R14, 0
;__Lib_MathDouble.c,465 :: 		
0x0186	0x5002      	MOVF        R2, 0, 0
;__Lib_MathDouble.c,466 :: 		
0x0188	0xA4D8      	BTFSS       STATUS, 2, 0
;__Lib_MathDouble.c,467 :: 		
0x018A	0xF000EFDA  	GOTO        NORM3232
;__Lib_MathDouble.c,468 :: 		
0x018E	0xF002C001  	MOVFF       R1, R2
;__Lib_MathDouble.c,469 :: 		
0x0192	0xF001C000  	MOVFF       R0, R1
;__Lib_MathDouble.c,470 :: 		
0x0196	0x6A00      	CLRF        R0, 0
;__Lib_MathDouble.c,471 :: 		
0x0198	0x860E      	BSF         R14, 3, 0
;__Lib_MathDouble.c,473 :: 		
0x019A	0x5002      	MOVF        R2, 0, 0
;__Lib_MathDouble.c,474 :: 		
0x019C	0xA4D8      	BTFSS       STATUS, 2, 0
;__Lib_MathDouble.c,475 :: 		
0x019E	0xF000EFDA  	GOTO        NORM3232
;__Lib_MathDouble.c,476 :: 		
0x01A2	0xF002C001  	MOVFF       R1, R2
;__Lib_MathDouble.c,477 :: 		
0x01A6	0x6A01      	CLRF        R1, 0
;__Lib_MathDouble.c,478 :: 		
0x01A8	0x960E      	BCF         R14, 3, 0
;__Lib_MathDouble.c,479 :: 		
0x01AA	0x880E      	BSF         R14, 4, 0
;__Lib_MathDouble.c,481 :: 		
0x01AC	0x5002      	MOVF        R2, 0, 0
;__Lib_MathDouble.c,482 :: 		
0x01AE	0xB4D8      	BTFSC       STATUS, 2, 0
;__Lib_MathDouble.c,483 :: 		
0x01B0	0xF000EFEC  	GOTO        JPNRES032
;__Lib_MathDouble.c,484 :: 		
NORM3232:
;__Lib_MathDouble.c,485 :: 		
0x01B4	0x500E      	MOVF        R14, 0, 0
;__Lib_MathDouble.c,486 :: 		
0x01B6	0x5E03      	SUBWF       R3, 1, 0
;__Lib_MathDouble.c,487 :: 		
0x01B8	0xA4D8      	BTFSS       STATUS, 2, 0
;__Lib_MathDouble.c,488 :: 		
0x01BA	0xA0D8      	BTFSS       STATUS, 0, 0
;__Lib_MathDouble.c,489 :: 		
0x01BC	0xF000EFF1  	GOTO        JPNSETFUN32
;__Lib_MathDouble.c,490 :: 		
0x01C0	0x90D8      	BCF         STATUS, 0, 0
;__Lib_MathDouble.c,491 :: 		
NORM3232A:
;__Lib_MathDouble.c,492 :: 		
0x01C2	0xBE02      	BTFSC       R2, 7, 0
;__Lib_MathDouble.c,493 :: 		
0x01C4	0xF000EFF6  	GOTO        JMPNFIXSIGN32
;__Lib_MathDouble.c,494 :: 		
0x01C8	0x3600      	RLCF        R0, 1, 0
;__Lib_MathDouble.c,495 :: 		
0x01CA	0x3601      	RLCF        R1, 1, 0
;__Lib_MathDouble.c,496 :: 		
0x01CC	0x3602      	RLCF        R2, 1, 0
;__Lib_MathDouble.c,497 :: 		
0x01CE	0x2E03      	DECFSZ      R3, 1, 0
;__Lib_MathDouble.c,498 :: 		
0x01D0	0xF000EFE1  	GOTO        NORM3232A
;__Lib_MathDouble.c,499 :: 		
0x01D4	0xF000EFF1  	GOTO        JPNSETFUN32
;__Lib_MathDouble.c,500 :: 		
JPNRES032:
;__Lib_MathDouble.c,501 :: 		
0x01D8	0x0E01      	MOVLW       1
;__Lib_MathDouble.c,502 :: 		
0x01DA	0x6E0C      	MOVWF       R12, 0
;__Lib_MathDouble.c,504 :: 		
0x01DC	0xDFCB      	RCALL       _RES032
;__Lib_MathDouble.c,506 :: 		
0x01DE	0xF000EFF9  	GOTO        NORM32EEE
;__Lib_MathDouble.c,507 :: 		
JPNSETFUN32:
;__Lib_MathDouble.c,508 :: 		
0x01E2	0x0E02      	MOVLW       2
;__Lib_MathDouble.c,509 :: 		
0x01E4	0x6E0C      	MOVWF       R12, 0
;__Lib_MathDouble.c,511 :: 		
0x01E6	0xDF76      	RCALL       _SETFUN32
;__Lib_MathDouble.c,513 :: 		
0x01E8	0xF000EFF9  	GOTO        NORM32EEE
;__Lib_MathDouble.c,514 :: 		
JMPNFIXSIGN32:
;__Lib_MathDouble.c,515 :: 		
0x01EC	0x0E04      	MOVLW       4
;__Lib_MathDouble.c,516 :: 		
0x01EE	0x6E0C      	MOVWF       R12, 0
;__Lib_MathDouble.c,518 :: 		
0x01F0	0xDF7E      	RCALL       _FIXSIGN32
;__Lib_MathDouble.c,520 :: 		
NORM32EEE:
;__Lib_MathDouble.c,527 :: 		
L_end_NRM3232:
0x01F2	0x0012      	RETURN      0
; end of _NRM3232
_Lcd_Chr_CP:
;__Lib_Lcd.c,50 :: 		
;__Lib_Lcd.c,52 :: 		
0x01F4	0x0100      	MOVLB       0
0x01F6	0x91BC      	BCF         __Lib_Lcd_cmd_status, BitPos(__Lib_Lcd_cmd_status+0), 1
;__Lib_Lcd.c,53 :: 		
0x01F8	0xF0DBC0DA  	MOVFF       FARG_Lcd_Chr_CP_out_char, FARG_Lcd_Cmd_out_char
0x01FC	0xDF7C      	RCALL       _Lcd_Cmd
;__Lib_Lcd.c,54 :: 		
0x01FE	0x81BC      	BSF         __Lib_Lcd_cmd_status, BitPos(__Lib_Lcd_cmd_status+0), 1
;__Lib_Lcd.c,55 :: 		
L_end_Lcd_Chr_CP:
0x0200	0x0012      	RETURN      0
; end of _Lcd_Chr_CP
_SETFOV32:
;__Lib_MathDouble.c,82 :: 		
;__Lib_MathDouble.c,90 :: 		
0x0202	0x820B      	BSF         R11, 1, 0
;__Lib_MathDouble.c,91 :: 		
0x0204	0xAE0B      	BTFSS       R11, 7, 0
;__Lib_MathDouble.c,92 :: 		
0x0206	0xF001EF0B  	GOTO        SETFOV32EEE
;__Lib_MathDouble.c,94 :: 		
0x020A	0x6803      	SETF        R3, 0
;__Lib_MathDouble.c,95 :: 		
0x020C	0x6802      	SETF        R2, 0
;__Lib_MathDouble.c,96 :: 		
0x020E	0x6801      	SETF        R1, 0
;__Lib_MathDouble.c,97 :: 		
0x0210	0x6800      	SETF        R0, 0
;__Lib_MathDouble.c,98 :: 		
0x0212	0x360A      	RLCF        R10, 1, 0
;__Lib_MathDouble.c,99 :: 		
0x0214	0x3202      	RRCF        R2, 1, 0
;__Lib_MathDouble.c,100 :: 		
SETFOV32EEE:
;__Lib_MathDouble.c,101 :: 		
0x0216	0x0EFF      	MOVLW       255
;__Lib_MathDouble.c,103 :: 		
L_end_SETFOV32:
0x0218	0x0012      	RETURN      0
; end of _SETFOV32
_SETFDZ32:
;__Lib_MathDouble.c,106 :: 		
;__Lib_MathDouble.c,110 :: 		
0x021A	0x6A0B      	CLRF        R11, 0
;__Lib_MathDouble.c,111 :: 		
0x021C	0x860B      	BSF         R11, 3, 0
;__Lib_MathDouble.c,112 :: 		
0x021E	0x0EFF      	MOVLW       255
;__Lib_MathDouble.c,114 :: 		
L_end_SETFDZ32:
0x0220	0x0012      	RETURN      0
; end of _SETFDZ32
_Div_16x16_S_L:
;__Lib_Math.c,139 :: 		
;__Lib_Math.c,146 :: 		
0x0222	0x3401      	RLCF        R1, 0, 0
;__Lib_Math.c,147 :: 		
0x0224	0x3608      	RLCF        R8, 1, 0
;__Lib_Math.c,148 :: 		
0x0226	0x3609      	RLCF        R9, 1, 0
;__Lib_Math.c,149 :: 		
0x0228	0x5004      	MOVF        R4, 0, 0
;__Lib_Math.c,150 :: 		
0x022A	0x5E08      	SUBWF       R8, 1, 0
;__Lib_Math.c,151 :: 		
0x022C	0x5005      	MOVF        R5, 0, 0
;__Lib_Math.c,152 :: 		
0x022E	0xA0D8      	BTFSS       STATUS, 0, 0
;__Lib_Math.c,153 :: 		
0x0230	0x3C05      	INCFSZ      R5, 0, 0
;__Lib_Math.c,154 :: 		
0x0232	0x5E09      	SUBWF       R9, 1, 0
;__Lib_Math.c,155 :: 		
0x0234	0x3600      	RLCF        R0, 1, 0
;__Lib_Math.c,156 :: 		
0x0236	0x3601      	RLCF        R1, 1, 0
;__Lib_Math.c,158 :: 		
0x0238	0x0E0F      	MOVLW       15
;__Lib_Math.c,159 :: 		
0x023A	0x6E0C      	MOVWF       R12, 0
;__Lib_Math.c,161 :: 		
0x023C	0x3401      	RLCF        R1, 0, 0
;__Lib_Math.c,162 :: 		
0x023E	0x3608      	RLCF        R8, 1, 0
;__Lib_Math.c,163 :: 		
0x0240	0x3609      	RLCF        R9, 1, 0
;__Lib_Math.c,164 :: 		
0x0242	0x5004      	MOVF        R4, 0, 0
;__Lib_Math.c,166 :: 		
0x0244	0xA000      	BTFSS       R0, 0, 0
;__Lib_Math.c,167 :: 		
0x0246	0xD006      	BRA         $+14
;__Lib_Math.c,168 :: 		
0x0248	0x5E08      	SUBWF       R8, 1, 0
;__Lib_Math.c,169 :: 		
0x024A	0x5005      	MOVF        R5, 0, 0
;__Lib_Math.c,170 :: 		
0x024C	0xA0D8      	BTFSS       STATUS, 0, 0
;__Lib_Math.c,171 :: 		
0x024E	0x3C05      	INCFSZ      R5, 0, 0
;__Lib_Math.c,172 :: 		
0x0250	0x5E09      	SUBWF       R9, 1, 0
;__Lib_Math.c,173 :: 		
0x0252	0xD005      	BRA         $+12
;__Lib_Math.c,175 :: 		
0x0254	0x2608      	ADDWF       R8, 1, 0
;__Lib_Math.c,176 :: 		
0x0256	0x5005      	MOVF        R5, 0, 0
;__Lib_Math.c,177 :: 		
0x0258	0xB0D8      	BTFSC       STATUS, 0, 0
;__Lib_Math.c,178 :: 		
0x025A	0x3C05      	INCFSZ      R5, 0, 0
;__Lib_Math.c,179 :: 		
0x025C	0x2609      	ADDWF       R9, 1, 0
;__Lib_Math.c,181 :: 		
0x025E	0x3600      	RLCF        R0, 1, 0
;__Lib_Math.c,182 :: 		
0x0260	0x3601      	RLCF        R1, 1, 0
;__Lib_Math.c,184 :: 		
0x0262	0x2E0C      	DECFSZ      R12, 1, 0
;__Lib_Math.c,185 :: 		
0x0264	0xD7EB      	BRA         $-40
;__Lib_Math.c,187 :: 		
0x0266	0xB000      	BTFSC       R0, 0, 0
;__Lib_Math.c,188 :: 		
0x0268	0xD006      	BRA         $+14
;__Lib_Math.c,189 :: 		
0x026A	0x5004      	MOVF        R4, 0, 0
;__Lib_Math.c,190 :: 		
0x026C	0x2608      	ADDWF       R8, 1, 0
;__Lib_Math.c,191 :: 		
0x026E	0x5005      	MOVF        R5, 0, 0
;__Lib_Math.c,192 :: 		
0x0270	0xB0D8      	BTFSC       STATUS, 0, 0
;__Lib_Math.c,193 :: 		
0x0272	0x3C05      	INCFSZ      R5, 0, 0
;__Lib_Math.c,194 :: 		
0x0274	0x2609      	ADDWF       R9, 1, 0
;__Lib_Math.c,195 :: 		
0x0276	0x0000      	NOP
;__Lib_Math.c,197 :: 		
L_end_Div_16x16_S_L:
0x0278	0x0012      	RETURN      0
; end of _Div_16x16_S_L
_Delay_22us:
;__Lib_Delays.c,15 :: 		void Delay_22us() {
;__Lib_Delays.c,16 :: 		Delay_us(22);
0x027A	0x0E24      	MOVLW       36
0x027C	0x6E0D      	MOVWF       R13, 0
L_Delay_22us1:
0x027E	0x2E0D      	DECFSZ      R13, 1, 0
0x0280	0xD7FE      	BRA         L_Delay_22us1
0x0282	0x0000      	NOP
;__Lib_Delays.c,17 :: 		}
L_end_Delay_22us:
0x0284	0x0012      	RETURN      0
; end of _Delay_22us
_Mul_16X16_U:
;__Lib_Math.c,440 :: 		
;__Lib_Math.c,447 :: 		
0x0286	0x6A0B      	CLRF        R11, 0
;__Lib_Math.c,448 :: 		
0x0288	0x6A0A      	CLRF        R10, 0
;__Lib_Math.c,449 :: 		
0x028A	0x6A09      	CLRF        R9, 0
;__Lib_Math.c,450 :: 		
0x028C	0x5000      	MOVF        R0, 0, 0
;__Lib_Math.c,451 :: 		
0x028E	0x0204      	MULWF       R4, 0
;__Lib_Math.c,453 :: 		
0x0290	0xF009CFF4  	MOVFF       PRODH, R9
;__Lib_Math.c,454 :: 		
0x0294	0xF008CFF3  	MOVFF       PRODL, R8
;__Lib_Math.c,455 :: 		
0x0298	0x5001      	MOVF        R1, 0, 0
;__Lib_Math.c,456 :: 		
0x029A	0x0205      	MULWF       R5, 0
;__Lib_Math.c,458 :: 		
0x029C	0xF00BCFF4  	MOVFF       PRODH, R11
;__Lib_Math.c,459 :: 		
0x02A0	0xF00ACFF3  	MOVFF       PRODL, R10
;__Lib_Math.c,460 :: 		
0x02A4	0x5000      	MOVF        R0, 0, 0
;__Lib_Math.c,461 :: 		
0x02A6	0x0205      	MULWF       R5, 0
;__Lib_Math.c,463 :: 		
0x02A8	0x50F3      	MOVF        PRODL, 0, 0
;__Lib_Math.c,464 :: 		
0x02AA	0x2609      	ADDWF       R9, 1, 0
;__Lib_Math.c,465 :: 		
0x02AC	0x50F4      	MOVF        PRODH, 0, 0
;__Lib_Math.c,466 :: 		
0x02AE	0x220A      	ADDWFC      R10, 1, 0
;__Lib_Math.c,467 :: 		
0x02B0	0x6AE8      	CLRF        WREG, 0
;__Lib_Math.c,468 :: 		
0x02B2	0x220B      	ADDWFC      R11, 1, 0
;__Lib_Math.c,469 :: 		
0x02B4	0x5001      	MOVF        R1, 0, 0
;__Lib_Math.c,470 :: 		
0x02B6	0x0204      	MULWF       R4, 0
;__Lib_Math.c,472 :: 		
0x02B8	0x50F3      	MOVF        PRODL, 0, 0
;__Lib_Math.c,473 :: 		
0x02BA	0x2609      	ADDWF       R9, 1, 0
;__Lib_Math.c,474 :: 		
0x02BC	0x50F4      	MOVF        PRODH, 0, 0
;__Lib_Math.c,475 :: 		
0x02BE	0x220A      	ADDWFC      R10, 1, 0
;__Lib_Math.c,476 :: 		
0x02C0	0x6AE8      	CLRF        WREG, 0
;__Lib_Math.c,477 :: 		
0x02C2	0x220B      	ADDWFC      R11, 1, 0
;__Lib_Math.c,479 :: 		
0x02C4	0xF000C008  	MOVFF       R8, R0
;__Lib_Math.c,480 :: 		
0x02C8	0xF001C009  	MOVFF       R9, R1
;__Lib_Math.c,481 :: 		
0x02CC	0xF002C00A  	MOVFF       R10, R2
;__Lib_Math.c,482 :: 		
0x02D0	0xF003C00B  	MOVFF       R11, R3
;__Lib_Math.c,485 :: 		
L_end_Mul_16X16_U:
0x02D4	0x0012      	RETURN      0
; end of _Mul_16X16_U
_int2double:
;__Lib_MathDouble.c,2285 :: 		
;__Lib_MathDouble.c,2294 :: 		
0x02D6	0xF008C000  	MOVFF       R0, R8
;__Lib_MathDouble.c,2295 :: 		
0x02DA	0x5001      	MOVF        R1, 0, 0
;__Lib_MathDouble.c,2296 :: 		
0x02DC	0x6E00      	MOVWF       R0, 0
;__Lib_MathDouble.c,2297 :: 		
0x02DE	0x6A01      	CLRF        R1, 0
;__Lib_MathDouble.c,2298 :: 		
0x02E0	0x6A02      	CLRF        R2, 0
;__Lib_MathDouble.c,2299 :: 		
0x02E2	0x6A03      	CLRF        R3, 0
;__Lib_MathDouble.c,2302 :: 		
0x02E4	0x6A0B      	CLRF        R11, 0
;__Lib_MathDouble.c,2303 :: 		
0x02E6	0x6A0C      	CLRF        R12, 0
;__Lib_MathDouble.c,2304 :: 		
0x02E8	0x6A01      	CLRF        R1, 0
;__Lib_MathDouble.c,2305 :: 		
0x02EA	0x6A02      	CLRF        R2, 0
;__Lib_MathDouble.c,2306 :: 		
0x02EC	0x6A03      	CLRF        R3, 0
;__Lib_MathDouble.c,2308 :: 		
0x02EE	0x0E96      	MOVLW       150
;__Lib_MathDouble.c,2309 :: 		
0x02F0	0x6E03      	MOVWF       R3, 0
;__Lib_MathDouble.c,2310 :: 		
0x02F2	0x6A0A      	CLRF        R10, 0
;__Lib_MathDouble.c,2311 :: 		
0x02F4	0xAE00      	BTFSS       R0, 7, 0
;__Lib_MathDouble.c,2312 :: 		
0x02F6	0xF001EF83  	GOTO        FLO1632EEE
;__Lib_MathDouble.c,2314 :: 		
0x02FA	0x1E08      	COMF        R8, 1, 0
;__Lib_MathDouble.c,2315 :: 		
0x02FC	0x1E00      	COMF        R0, 1, 0
;__Lib_MathDouble.c,2317 :: 		
0x02FE	0x2A08      	INCF        R8, 1, 0
;__Lib_MathDouble.c,2318 :: 		
0x0300	0xB4D8      	BTFSC       STATUS, 2, 0
;__Lib_MathDouble.c,2319 :: 		
0x0302	0x2A00      	INCF        R0, 1, 0
;__Lib_MathDouble.c,2321 :: 		
0x0304	0x8E0A      	BSF         R10, 7, 0
;__Lib_MathDouble.c,2322 :: 		
FLO1632EEE:
;__Lib_MathDouble.c,2323 :: 		
0x0306	0xF001C000  	MOVFF       R0, R1
;__Lib_MathDouble.c,2324 :: 		
0x030A	0xF000C008  	MOVFF       R8, R0
;__Lib_MathDouble.c,2325 :: 		
0x030E	0x6A08      	CLRF        R8, 0
;__Lib_MathDouble.c,2326 :: 		
0x0310	0x6A02      	CLRF        R2, 0
;__Lib_MathDouble.c,2328 :: 		
0x0312	0xDF37      	RCALL       _NRM3232
;__Lib_MathDouble.c,2329 :: 		
L_end_int2double:
0x0314	0x0012      	RETURN      0
; end of _int2double
_Mul_32x32_FP:
;__Lib_MathDouble.c,1130 :: 		
;__Lib_MathDouble.c,1148 :: 		
0x0316	0x6A08      	CLRF        R8, 0
;__Lib_MathDouble.c,1149 :: 		
0x0318	0x6A09      	CLRF        R9, 0
;__Lib_MathDouble.c,1151 :: 		
0x031A	0x0E00      	MOVLW       0
;__Lib_MathDouble.c,1152 :: 		
0x031C	0x6207      	CPFSEQ      R7, 0
;__Lib_MathDouble.c,1153 :: 		
0x031E	0x6403      	CPFSGT      R3, 0
;__Lib_MathDouble.c,1154 :: 		
0x0320	0xF002EF10  	GOTO        MULJPRES032
;__Lib_MathDouble.c,1157 :: 		
0x0324	0x5002      	MOVF        R2, 0, 0
;__Lib_MathDouble.c,1158 :: 		
0x0326	0x1806      	XORWF       R6, 0, 0
;__Lib_MathDouble.c,1159 :: 		
0x0328	0x6E0A      	MOVWF       R10, 0
;__Lib_MathDouble.c,1161 :: 		
0x032A	0x5007      	MOVF        R7, 0, 0
;__Lib_MathDouble.c,1162 :: 		
0x032C	0x2603      	ADDWF       R3, 1, 0
;__Lib_MathDouble.c,1163 :: 		
0x032E	0x0E7E      	MOVLW       126
;__Lib_MathDouble.c,1164 :: 		
0x0330	0xA0D8      	BTFSS       STATUS, 0, 0
;__Lib_MathDouble.c,1165 :: 		
0x0332	0xF001EFA1  	GOTO        MTUN32
;__Lib_MathDouble.c,1167 :: 		
0x0336	0x5E03      	SUBWF       R3, 1, 0
;__Lib_MathDouble.c,1168 :: 		
0x0338	0xB0D8      	BTFSC       STATUS, 0, 0
;__Lib_MathDouble.c,1169 :: 		
0x033A	0xF002EF14  	GOTO        MULJPSETFOV32
;__Lib_MathDouble.c,1170 :: 		
0x033E	0xF001EFA5  	GOTO        MOK32
;__Lib_MathDouble.c,1172 :: 		
MTUN32:
;__Lib_MathDouble.c,1173 :: 		
0x0342	0x5E03      	SUBWF       R3, 1, 0
;__Lib_MathDouble.c,1174 :: 		
0x0344	0xA0D8      	BTFSS       STATUS, 0, 0
;__Lib_MathDouble.c,1175 :: 		
0x0346	0xF002EF18  	GOTO        MULJPSETFUN32
;__Lib_MathDouble.c,1177 :: 		
MOK32:
;__Lib_MathDouble.c,1178 :: 		
0x034A	0x8E02      	BSF         R2, 7, 0
;__Lib_MathDouble.c,1179 :: 		
0x034C	0x8E06      	BSF         R6, 7, 0
;__Lib_MathDouble.c,1181 :: 		
0x034E	0xF00EC002  	MOVFF       R2, R14
;__Lib_MathDouble.c,1182 :: 		
0x0352	0xF00BC001  	MOVFF       R1, R11
;__Lib_MathDouble.c,1183 :: 		
0x0356	0xF00DC000  	MOVFF       R0, R13
;__Lib_MathDouble.c,1185 :: 		
0x035A	0x5000      	MOVF        R0, 0, 0
;__Lib_MathDouble.c,1186 :: 		
0x035C	0x0204      	MULWF       R4, 0
;__Lib_MathDouble.c,1187 :: 		
0x035E	0xF00CCFF4  	MOVFF       PRODH, R12
;__Lib_MathDouble.c,1189 :: 		
0x0362	0x5001      	MOVF        R1, 0, 0
;__Lib_MathDouble.c,1190 :: 		
0x0364	0x0205      	MULWF       R5, 0
;__Lib_MathDouble.c,1191 :: 		
0x0366	0xF000CFF4  	MOVFF       PRODH, R0
;__Lib_MathDouble.c,1192 :: 		
0x036A	0xF008CFF3  	MOVFF       PRODL, R8
;__Lib_MathDouble.c,1194 :: 		
0x036E	0x0204      	MULWF       R4, 0
;__Lib_MathDouble.c,1195 :: 		
0x0370	0x50F3      	MOVF        PRODL, 0, 0
;__Lib_MathDouble.c,1196 :: 		
0x0372	0x260C      	ADDWF       R12, 1, 0
;__Lib_MathDouble.c,1197 :: 		
0x0374	0x50F4      	MOVF        PRODH, 0, 0
;__Lib_MathDouble.c,1198 :: 		
0x0376	0x2208      	ADDWFC      R8, 1, 0
;__Lib_MathDouble.c,1199 :: 		
0x0378	0x0E00      	MOVLW       0
;__Lib_MathDouble.c,1200 :: 		
0x037A	0x2200      	ADDWFC      R0, 1, 0
;__Lib_MathDouble.c,1202 :: 		
0x037C	0x500D      	MOVF        R13, 0, 0
;__Lib_MathDouble.c,1203 :: 		
0x037E	0x0205      	MULWF       R5, 0
;__Lib_MathDouble.c,1204 :: 		
0x0380	0x50F3      	MOVF        PRODL, 0, 0
;__Lib_MathDouble.c,1205 :: 		
0x0382	0x260C      	ADDWF       R12, 1, 0
;__Lib_MathDouble.c,1206 :: 		
0x0384	0x50F4      	MOVF        PRODH, 0, 0
;__Lib_MathDouble.c,1207 :: 		
0x0386	0x2208      	ADDWFC      R8, 1, 0
;__Lib_MathDouble.c,1208 :: 		
0x0388	0x0E00      	MOVLW       0
;__Lib_MathDouble.c,1209 :: 		
0x038A	0x2200      	ADDWFC      R0, 1, 0
;__Lib_MathDouble.c,1211 :: 		
0x038C	0x5002      	MOVF        R2, 0, 0
;__Lib_MathDouble.c,1212 :: 		
0x038E	0x0204      	MULWF       R4, 0
;__Lib_MathDouble.c,1213 :: 		
0x0390	0x50F3      	MOVF        PRODL, 0, 0
;__Lib_MathDouble.c,1214 :: 		
0x0392	0x2608      	ADDWF       R8, 1, 0
;__Lib_MathDouble.c,1215 :: 		
0x0394	0x50F4      	MOVF        PRODH, 0, 0
;__Lib_MathDouble.c,1216 :: 		
0x0396	0x2200      	ADDWFC      R0, 1, 0
;__Lib_MathDouble.c,1217 :: 		
0x0398	0x5002      	MOVF        R2, 0, 0
;__Lib_MathDouble.c,1218 :: 		
0x039A	0x0205      	MULWF       R5, 0
;__Lib_MathDouble.c,1219 :: 		
0x039C	0x6A01      	CLRF        R1, 0
;__Lib_MathDouble.c,1220 :: 		
0x039E	0x0E00      	MOVLW       0
;__Lib_MathDouble.c,1221 :: 		
0x03A0	0x2201      	ADDWFC      R1, 1, 0
;__Lib_MathDouble.c,1222 :: 		
0x03A2	0x50F3      	MOVF        PRODL, 0, 0
;__Lib_MathDouble.c,1223 :: 		
0x03A4	0x2600      	ADDWF       R0, 1, 0
;__Lib_MathDouble.c,1224 :: 		
0x03A6	0x50F4      	MOVF        PRODH, 0, 0
;__Lib_MathDouble.c,1225 :: 		
0x03A8	0x2201      	ADDWFC      R1, 1, 0
;__Lib_MathDouble.c,1227 :: 		
0x03AA	0x500D      	MOVF        R13, 0, 0
;__Lib_MathDouble.c,1228 :: 		
0x03AC	0x0206      	MULWF       R6, 0
;__Lib_MathDouble.c,1229 :: 		
0x03AE	0x50F3      	MOVF        PRODL, 0, 0
;__Lib_MathDouble.c,1230 :: 		
0x03B0	0x2608      	ADDWF       R8, 1, 0
;__Lib_MathDouble.c,1231 :: 		
0x03B2	0x50F4      	MOVF        PRODH, 0, 0
;__Lib_MathDouble.c,1232 :: 		
0x03B4	0x2200      	ADDWFC      R0, 1, 0
;__Lib_MathDouble.c,1233 :: 		
0x03B6	0x6A02      	CLRF        R2, 0
;__Lib_MathDouble.c,1234 :: 		
0x03B8	0x0E00      	MOVLW       0
;__Lib_MathDouble.c,1235 :: 		
0x03BA	0x2201      	ADDWFC      R1, 1, 0
;__Lib_MathDouble.c,1236 :: 		
0x03BC	0x2202      	ADDWFC      R2, 1, 0
;__Lib_MathDouble.c,1238 :: 		
0x03BE	0x500B      	MOVF        R11, 0, 0
;__Lib_MathDouble.c,1239 :: 		
0x03C0	0x0206      	MULWF       R6, 0
;__Lib_MathDouble.c,1240 :: 		
0x03C2	0x50F3      	MOVF        PRODL, 0, 0
;__Lib_MathDouble.c,1241 :: 		
0x03C4	0x2600      	ADDWF       R0, 1, 0
;__Lib_MathDouble.c,1242 :: 		
0x03C6	0x50F4      	MOVF        PRODH, 0, 0
;__Lib_MathDouble.c,1243 :: 		
0x03C8	0x2201      	ADDWFC      R1, 1, 0
;__Lib_MathDouble.c,1244 :: 		
0x03CA	0x0E00      	MOVLW       0
;__Lib_MathDouble.c,1245 :: 		
0x03CC	0x2202      	ADDWFC      R2, 1, 0
;__Lib_MathDouble.c,1247 :: 		
0x03CE	0x500E      	MOVF        R14, 0, 0
;__Lib_MathDouble.c,1248 :: 		
0x03D0	0x0206      	MULWF       R6, 0
;__Lib_MathDouble.c,1249 :: 		
0x03D2	0x50F3      	MOVF        PRODL, 0, 0
;__Lib_MathDouble.c,1250 :: 		
0x03D4	0x2601      	ADDWF       R1, 1, 0
;__Lib_MathDouble.c,1251 :: 		
0x03D6	0x50F4      	MOVF        PRODH, 0, 0
;__Lib_MathDouble.c,1252 :: 		
0x03D8	0x2202      	ADDWFC      R2, 1, 0
;__Lib_MathDouble.c,1254 :: 		
0x03DA	0xBE02      	BTFSC       R2, 7, 0
;__Lib_MathDouble.c,1255 :: 		
0x03DC	0xF001EFF8  	GOTO        MROUND32
;__Lib_MathDouble.c,1256 :: 		
0x03E0	0x3608      	RLCF        R8, 1, 0
;__Lib_MathDouble.c,1257 :: 		
0x03E2	0x3600      	RLCF        R0, 1, 0
;__Lib_MathDouble.c,1258 :: 		
0x03E4	0x3601      	RLCF        R1, 1, 0
;__Lib_MathDouble.c,1259 :: 		
0x03E6	0x3602      	RLCF        R2, 1, 0
;__Lib_MathDouble.c,1260 :: 		
0x03E8	0x0603      	DECF        R3, 1, 0
;__Lib_MathDouble.c,1261 :: 		
0x03EA	0xB4D8      	BTFSC       STATUS, 2, 0
;__Lib_MathDouble.c,1262 :: 		
0x03EC	0xF002EF18  	GOTO        MULJPSETFUN32
;__Lib_MathDouble.c,1264 :: 		
MROUND32:
;__Lib_MathDouble.c,1267 :: 		
0x03F0	0xF002EF0B  	GOTO        MUL32OK
;__Lib_MathDouble.c,1268 :: 		
0x03F4	0x80D8      	BSF         STATUS, 0, 0
;__Lib_MathDouble.c,1269 :: 		
0x03F6	0x0E80      	MOVLW       128
;__Lib_MathDouble.c,1270 :: 		
0x03F8	0x6408      	CPFSGT      R8, 0
;__Lib_MathDouble.c,1271 :: 		
0x03FA	0x3000      	RRCF        R0, 0, 0
;__Lib_MathDouble.c,1272 :: 		
0x03FC	0x0E00      	MOVLW       0
;__Lib_MathDouble.c,1273 :: 		
0x03FE	0x2200      	ADDWFC      R0, 1, 0
;__Lib_MathDouble.c,1274 :: 		
0x0400	0x2201      	ADDWFC      R1, 1, 0
;__Lib_MathDouble.c,1275 :: 		
0x0402	0x2202      	ADDWFC      R2, 1, 0
;__Lib_MathDouble.c,1277 :: 		
0x0404	0xA0D8      	BTFSS       STATUS, 0, 0
;__Lib_MathDouble.c,1278 :: 		
0x0406	0xF002EF0B  	GOTO        MUL32OK
;__Lib_MathDouble.c,1279 :: 		
0x040A	0x3202      	RRCF        R2, 1, 0
;__Lib_MathDouble.c,1280 :: 		
0x040C	0x3201      	RRCF        R1, 1, 0
;__Lib_MathDouble.c,1281 :: 		
0x040E	0x3200      	RRCF        R0, 1, 0
;__Lib_MathDouble.c,1282 :: 		
0x0410	0x4A03      	INFSNZ      R3, 1, 0
;__Lib_MathDouble.c,1283 :: 		
0x0412	0xF002EF14  	GOTO        MULJPSETFOV32
;__Lib_MathDouble.c,1285 :: 		
MUL32OK:
;__Lib_MathDouble.c,1286 :: 		
0x0416	0xAE0A      	BTFSS       R10, 7, 0
;__Lib_MathDouble.c,1287 :: 		
0x0418	0x9E02      	BCF         R2, 7, 0
;__Lib_MathDouble.c,1289 :: 		
0x041A	0x0E00      	MOVLW       0
;__Lib_MathDouble.c,1290 :: 		
0x041C	0xF002EF1A  	GOTO        MULEEE
;__Lib_MathDouble.c,1291 :: 		
MULJPRES032:
;__Lib_MathDouble.c,1292 :: 		
0x0420	0x0E01      	MOVLW       1
;__Lib_MathDouble.c,1295 :: 		
0x0422	0xDEA8      	RCALL       _RES032
;__Lib_MathDouble.c,1297 :: 		
0x0424	0xF002EF1A  	GOTO        MULEEE
;__Lib_MathDouble.c,1298 :: 		
MULJPSETFOV32:
;__Lib_MathDouble.c,1299 :: 		
0x0428	0x0E02      	MOVLW       2
;__Lib_MathDouble.c,1302 :: 		
0x042A	0xDEEB      	RCALL       _SETFOV32
;__Lib_MathDouble.c,1304 :: 		
0x042C	0xF002EF1A  	GOTO        MULEEE
;__Lib_MathDouble.c,1305 :: 		
MULJPSETFUN32:
;__Lib_MathDouble.c,1306 :: 		
0x0430	0x0E04      	MOVLW       4
;__Lib_MathDouble.c,1309 :: 		
0x0432	0xDE50      	RCALL       _SETFUN32
;__Lib_MathDouble.c,1311 :: 		
MULEEE:
;__Lib_MathDouble.c,1318 :: 		
L_end_Mul_32x32_FP:
0x0434	0x0012      	RETURN      0
; end of _Mul_32x32_FP
_Div_16x16_S:
;__Lib_Math.c,200 :: 		
;__Lib_Math.c,208 :: 		
0x0436	0x5004      	MOVF        R4, 0 
0x0438	0x0A00      	XORLW       0
0x043A	0xE108      	BNZ         L_Div_16x16_S0
;__Lib_Math.c,209 :: 		
0x043C	0x5005      	MOVF        R5, 0 
0x043E	0x0A00      	XORLW       0
0x0440	0xE105      	BNZ         L_Div_16x16_S1
;__Lib_Math.c,210 :: 		
0x0442	0x0EFF      	MOVLW       255
0x0444	0x6E00      	MOVWF       R0 
;__Lib_Math.c,211 :: 		
0x0446	0x0E7F      	MOVLW       127
0x0448	0x6E01      	MOVWF       R1 
;__Lib_Math.c,212 :: 		
0x044A	0xD057      	BRA         L_end_Div_16x16_S
;__Lib_Math.c,213 :: 		
L_Div_16x16_S1:
L_Div_16x16_S0:
;__Lib_Math.c,216 :: 		
0x044C	0x6A0D      	CLRF        R13, 0
;__Lib_Math.c,217 :: 		
0x044E	0x6A09      	CLRF        R9, 0
;__Lib_Math.c,218 :: 		
0x0450	0x6A08      	CLRF        R8, 0
;__Lib_Math.c,219 :: 		
0x0452	0x5001      	MOVF        R1, 0, 0
;__Lib_Math.c,220 :: 		
0x0454	0x1000      	IORWF       R0, 0, 0
;__Lib_Math.c,221 :: 		
0x0456	0xB4D8      	BTFSC       STATUS, 2, 0
;__Lib_Math.c,222 :: 		
0x0458	0x0C00      	RETLW       0
;__Lib_Math.c,224 :: 		
0x045A	0x5001      	MOVF        R1, 0, 0
;__Lib_Math.c,225 :: 		
0x045C	0x1805      	XORWF       R5, 0, 0
;__Lib_Math.c,226 :: 		
0x045E	0x6E0A      	MOVWF       R10, 0
;__Lib_Math.c,227 :: 		
0x0460	0xBE0A      	BTFSC       R10, 7, 0
;__Lib_Math.c,228 :: 		
0x0462	0x1E0D      	COMF        R13, 1, 0
;__Lib_Math.c,230 :: 		
0x0464	0x6A0B      	CLRF        R11, 0
;__Lib_Math.c,232 :: 		
0x0466	0xAE05      	BTFSS       R5, 7, 0
;__Lib_Math.c,233 :: 		
0x0468	0xD005      	BRA         $+12
;__Lib_Math.c,235 :: 		
0x046A	0x1E04      	COMF        R4, 1, 0
;__Lib_Math.c,236 :: 		
0x046C	0x1E05      	COMF        R5, 1, 0
;__Lib_Math.c,237 :: 		
0x046E	0x2A04      	INCF        R4, 1, 0
;__Lib_Math.c,238 :: 		
0x0470	0xB4D8      	BTFSC       STATUS, 2, 0
;__Lib_Math.c,239 :: 		
0x0472	0x2A05      	INCF        R5, 1, 0
;__Lib_Math.c,241 :: 		
0x0474	0xAE01      	BTFSS       R1, 7, 0
;__Lib_Math.c,242 :: 		
0x0476	0xD005      	BRA         $+12
;__Lib_Math.c,244 :: 		
0x0478	0x1E00      	COMF        R0, 1, 0
;__Lib_Math.c,245 :: 		
0x047A	0x1E01      	COMF        R1, 1, 0
;__Lib_Math.c,246 :: 		
0x047C	0x2A00      	INCF        R0, 1, 0
;__Lib_Math.c,247 :: 		
0x047E	0xB4D8      	BTFSC       STATUS, 2, 0
;__Lib_Math.c,248 :: 		
0x0480	0x2A01      	INCF        R1, 1, 0
;__Lib_Math.c,250 :: 		
0x0482	0x5001      	MOVF        R1, 0, 0
;__Lib_Math.c,251 :: 		
0x0484	0x1005      	IORWF       R5, 0, 0
;__Lib_Math.c,252 :: 		
0x0486	0x6E0A      	MOVWF       R10, 0
;__Lib_Math.c,253 :: 		
0x0488	0xBE0A      	BTFSC       R10, 7, 0
;__Lib_Math.c,254 :: 		
0x048A	0xD010      	BRA         $+34
;__Lib_Math.c,256 :: 		
0x048C	0xDECA      	RCALL       _Div_16x16_S_L
;__Lib_Math.c,258 :: 		
0x048E	0xB00B      	BTFSC       R11, 0, 0
;__Lib_Math.c,259 :: 		
0x0490	0xD020      	BRA         $+66
;__Lib_Math.c,261 :: 		
0x0492	0xAE0D      	BTFSS       R13, 7, 0
;__Lib_Math.c,262 :: 		
0x0494	0x0C00      	RETLW       0
;__Lib_Math.c,264 :: 		
0x0496	0x1E00      	COMF        R0, 1, 0
;__Lib_Math.c,265 :: 		
0x0498	0x1E01      	COMF        R1, 1, 0
;__Lib_Math.c,266 :: 		
0x049A	0x2A00      	INCF        R0, 1, 0
;__Lib_Math.c,267 :: 		
0x049C	0xB4D8      	BTFSC       STATUS, 2, 0
;__Lib_Math.c,268 :: 		
0x049E	0x2A01      	INCF        R1, 1, 0
;__Lib_Math.c,270 :: 		
0x04A0	0x1E08      	COMF        R8, 1, 0
;__Lib_Math.c,271 :: 		
0x04A2	0x1E09      	COMF        R9, 1, 0
;__Lib_Math.c,272 :: 		
0x04A4	0x2A08      	INCF        R8, 1, 0
;__Lib_Math.c,273 :: 		
0x04A6	0xB4D8      	BTFSC       STATUS, 2, 0
;__Lib_Math.c,274 :: 		
0x04A8	0x2A09      	INCF        R9, 1, 0
;__Lib_Math.c,276 :: 		
0x04AA	0x0C00      	RETLW       0
;__Lib_Math.c,278 :: 		
0x04AC	0xAE05      	BTFSS       R5, 7, 0
;__Lib_Math.c,279 :: 		
0x04AE	0xD00D      	BRA         $+28
;__Lib_Math.c,280 :: 		
0x04B0	0xBE01      	BTFSC       R1, 7, 0
;__Lib_Math.c,281 :: 		
0x04B2	0xD007      	BRA         $+16
;__Lib_Math.c,282 :: 		
0x04B4	0x5001      	MOVF        R1, 0, 0
;__Lib_Math.c,283 :: 		
0x04B6	0x6E09      	MOVWF       R9, 0
;__Lib_Math.c,284 :: 		
0x04B8	0x5000      	MOVF        R0, 0, 0
;__Lib_Math.c,285 :: 		
0x04BA	0x6E08      	MOVWF       R8, 0
;__Lib_Math.c,286 :: 		
0x04BC	0x6A01      	CLRF        R1, 0
;__Lib_Math.c,287 :: 		
0x04BE	0x6A00      	CLRF        R0, 0
;__Lib_Math.c,288 :: 		
0x04C0	0xD7E8      	BRA         $-46
;__Lib_Math.c,289 :: 		
0x04C2	0x6A01      	CLRF        R1, 0
;__Lib_Math.c,290 :: 		
0x04C4	0x6A00      	CLRF        R0, 0
;__Lib_Math.c,291 :: 		
0x04C6	0x2A00      	INCF        R0, 1, 0
;__Lib_Math.c,292 :: 		
0x04C8	0x0C00      	RETLW       0
;__Lib_Math.c,294 :: 		
0x04CA	0x1E01      	COMF        R1, 1, 0
;__Lib_Math.c,295 :: 		
0x04CC	0x1E00      	COMF        R0, 1, 0
;__Lib_Math.c,296 :: 		
0x04CE	0x2A0B      	INCF        R11, 1, 0
;__Lib_Math.c,297 :: 		
0x04D0	0xD7DD      	BRA         $-68
;__Lib_Math.c,299 :: 		
0x04D2	0x2A08      	INCF        R8, 1, 0
;__Lib_Math.c,300 :: 		
0x04D4	0xB4D8      	BTFSC       STATUS, 2, 0
;__Lib_Math.c,301 :: 		
0x04D6	0x2A09      	INCF        R9, 1, 0
;__Lib_Math.c,302 :: 		
0x04D8	0x5004      	MOVF        R4, 0, 0
;__Lib_Math.c,303 :: 		
0x04DA	0x5C08      	SUBWF       R8, 0, 0
;__Lib_Math.c,304 :: 		
0x04DC	0xA4D8      	BTFSS       STATUS, 2, 0
;__Lib_Math.c,305 :: 		
0x04DE	0xD7D9      	BRA         $-76
;__Lib_Math.c,306 :: 		
0x04E0	0x5005      	MOVF        R5, 0, 0
;__Lib_Math.c,307 :: 		
0x04E2	0x5C09      	SUBWF       R9, 0, 0
;__Lib_Math.c,308 :: 		
0x04E4	0xA4D8      	BTFSS       STATUS, 2, 0
;__Lib_Math.c,309 :: 		
0x04E6	0xD7D5      	BRA         $-84
;__Lib_Math.c,310 :: 		
0x04E8	0x6A09      	CLRF        R9, 0
;__Lib_Math.c,311 :: 		
0x04EA	0x6A08      	CLRF        R8, 0
;__Lib_Math.c,312 :: 		
0x04EC	0x2A00      	INCF        R0, 1, 0
;__Lib_Math.c,313 :: 		
0x04EE	0xB4D8      	BTFSC       STATUS, 2, 0
;__Lib_Math.c,314 :: 		
0x04F0	0x2A01      	INCF        R1, 1, 0
;__Lib_Math.c,315 :: 		
0x04F2	0xAE01      	BTFSS       R1, 7, 0
;__Lib_Math.c,316 :: 		
0x04F4	0xD7CE      	BRA         $-98
;__Lib_Math.c,317 :: 		
0x04F6	0x0000      	NOP
;__Lib_Math.c,318 :: 		
0x04F8	0x0CFF      	RETLW       255
;__Lib_Math.c,320 :: 		
L_end_Div_16x16_S:
0x04FA	0x0012      	RETURN      0
; end of _Div_16x16_S
_Div_32x32_FP:
;__Lib_MathDouble.c,1325 :: 		
;__Lib_MathDouble.c,1339 :: 		
0x04FC	0x5004      	MOVF        R4, 0 
0x04FE	0x0A00      	XORLW       0
0x0500	0xE112      	BNZ         L_Div_32x32_FP11
;__Lib_MathDouble.c,1340 :: 		
0x0502	0x5005      	MOVF        R5, 0 
0x0504	0x0A00      	XORLW       0
0x0506	0xE10F      	BNZ         L_Div_32x32_FP12
;__Lib_MathDouble.c,1341 :: 		
0x0508	0x5006      	MOVF        R6, 0 
0x050A	0x0A00      	XORLW       0
0x050C	0xE10C      	BNZ         L_Div_32x32_FP13
;__Lib_MathDouble.c,1342 :: 		
0x050E	0x5007      	MOVF        R7, 0 
0x0510	0x0A00      	XORLW       0
0x0512	0xE109      	BNZ         L_Div_32x32_FP14
;__Lib_MathDouble.c,1343 :: 		
0x0514	0x0EFF      	MOVLW       255
0x0516	0x6E00      	MOVWF       R0 
;__Lib_MathDouble.c,1344 :: 		
0x0518	0x0EFF      	MOVLW       255
0x051A	0x6E01      	MOVWF       R1 
;__Lib_MathDouble.c,1345 :: 		
0x051C	0x0E7F      	MOVLW       127
0x051E	0x6E02      	MOVWF       R2 
;__Lib_MathDouble.c,1346 :: 		
0x0520	0x0EFF      	MOVLW       255
0x0522	0x6E03      	MOVWF       R3 
;__Lib_MathDouble.c,1347 :: 		
0x0524	0xD0A4      	BRA         L_end_Div_32x32_FP
;__Lib_MathDouble.c,1348 :: 		
L_Div_32x32_FP14:
L_Div_32x32_FP13:
L_Div_32x32_FP12:
L_Div_32x32_FP11:
;__Lib_MathDouble.c,1353 :: 		
0x0526	0x6A08      	CLRF        R8, 0
;__Lib_MathDouble.c,1354 :: 		
0x0528	0x6A09      	CLRF        R9, 0
;__Lib_MathDouble.c,1356 :: 		
0x052A	0x5007      	MOVF        R7, 0, 0
;__Lib_MathDouble.c,1357 :: 		
0x052C	0xB4D8      	BTFSC       STATUS, 2, 0
;__Lib_MathDouble.c,1358 :: 		
0x052E	0xF003EF29  	GOTO        JPDSETFDZ32
;__Lib_MathDouble.c,1360 :: 		
0x0532	0x5003      	MOVF        R3, 0, 0
;__Lib_MathDouble.c,1361 :: 		
0x0534	0xB4D8      	BTFSC       STATUS, 2, 0
;__Lib_MathDouble.c,1362 :: 		
0x0536	0xF003EF2D  	GOTO        JPDRES032
;__Lib_MathDouble.c,1364 :: 		
0x053A	0x5002      	MOVF        R2, 0, 0
;__Lib_MathDouble.c,1365 :: 		
0x053C	0x1806      	XORWF       R6, 0, 0
;__Lib_MathDouble.c,1366 :: 		
0x053E	0x6E0A      	MOVWF       R10, 0
;__Lib_MathDouble.c,1367 :: 		
0x0540	0x8E02      	BSF         R2, 7, 0
;__Lib_MathDouble.c,1368 :: 		
0x0542	0x8E06      	BSF         R6, 7, 0
;__Lib_MathDouble.c,1370 :: 		
0x0544	0x6A0E      	CLRF        R14, 0
;__Lib_MathDouble.c,1371 :: 		
0x0546	0xF008C002  	MOVFF       R2, R8
;__Lib_MathDouble.c,1372 :: 		
0x054A	0xF00CC001  	MOVFF       R1, R12
;__Lib_MathDouble.c,1373 :: 		
0x054E	0xF00DC000  	MOVFF       R0, R13
;__Lib_MathDouble.c,1375 :: 		
0x0552	0x5004      	MOVF        R4, 0, 0
;__Lib_MathDouble.c,1376 :: 		
0x0554	0x5E0D      	SUBWF       R13, 1, 0
;__Lib_MathDouble.c,1377 :: 		
0x0556	0x5005      	MOVF        R5, 0, 0
;__Lib_MathDouble.c,1378 :: 		
0x0558	0xA0D8      	BTFSS       STATUS, 0, 0
;__Lib_MathDouble.c,1379 :: 		
0x055A	0x3C05      	INCFSZ      R5, 0, 0
;__Lib_MathDouble.c,1381 :: 		
0x055C	0x5E0C      	SUBWF       R12, 1, 0
;__Lib_MathDouble.c,1382 :: 		
0x055E	0x5006      	MOVF        R6, 0, 0
;__Lib_MathDouble.c,1383 :: 		
0x0560	0xA0D8      	BTFSS       STATUS, 0, 0
;__Lib_MathDouble.c,1384 :: 		
0x0562	0x3C06      	INCFSZ      R6, 0, 0
;__Lib_MathDouble.c,1386 :: 		
0x0564	0x5E08      	SUBWF       R8, 1, 0
;__Lib_MathDouble.c,1387 :: 		
0x0566	0x6A08      	CLRF        R8, 0
;__Lib_MathDouble.c,1388 :: 		
0x0568	0x6A0C      	CLRF        R12, 0
;__Lib_MathDouble.c,1389 :: 		
0x056A	0x6A0D      	CLRF        R13, 0
;__Lib_MathDouble.c,1390 :: 		
0x056C	0xA0D8      	BTFSS       STATUS, 0, 0
;__Lib_MathDouble.c,1391 :: 		
0x056E	0xF002EFC0  	GOTO        DALIGN32OK
;__Lib_MathDouble.c,1393 :: 		
0x0572	0x90D8      	BCF         STATUS, 0, 0
;__Lib_MathDouble.c,1394 :: 		
0x0574	0x3202      	RRCF        R2, 1, 0
;__Lib_MathDouble.c,1395 :: 		
0x0576	0x3201      	RRCF        R1, 1, 0
;__Lib_MathDouble.c,1396 :: 		
0x0578	0x3200      	RRCF        R0, 1, 0
;__Lib_MathDouble.c,1397 :: 		
0x057A	0x3208      	RRCF        R8, 1, 0
;__Lib_MathDouble.c,1398 :: 		
0x057C	0x0E01      	MOVLW       1
;__Lib_MathDouble.c,1399 :: 		
0x057E	0x6E0E      	MOVWF       R14, 0
;__Lib_MathDouble.c,1400 :: 		
DALIGN32OK:
;__Lib_MathDouble.c,1401 :: 		
0x0580	0x5007      	MOVF        R7, 0, 0
;__Lib_MathDouble.c,1402 :: 		
0x0582	0x5E03      	SUBWF       R3, 1, 0
;__Lib_MathDouble.c,1403 :: 		
0x0584	0xA0D8      	BTFSS       STATUS, 0, 0
;__Lib_MathDouble.c,1404 :: 		
0x0586	0xF002EFCD  	GOTO        ALTB32
;__Lib_MathDouble.c,1406 :: 		
0x058A	0x0E7E      	MOVLW       126
;__Lib_MathDouble.c,1407 :: 		
0x058C	0x240E      	ADDWF       R14, 0, 0
;__Lib_MathDouble.c,1408 :: 		
0x058E	0x2603      	ADDWF       R3, 1, 0
;__Lib_MathDouble.c,1409 :: 		
0x0590	0xB0D8      	BTFSC       STATUS, 0, 0
;__Lib_MathDouble.c,1410 :: 		
0x0592	0xF003EF31  	GOTO        JPDSETFOV32
;__Lib_MathDouble.c,1411 :: 		
0x0596	0xF002EFD3  	GOTO        DARGOK32
;__Lib_MathDouble.c,1412 :: 		
ALTB32:
;__Lib_MathDouble.c,1413 :: 		
0x059A	0x0E7E      	MOVLW       126
;__Lib_MathDouble.c,1414 :: 		
0x059C	0x240E      	ADDWF       R14, 0, 0
;__Lib_MathDouble.c,1415 :: 		
0x059E	0x2603      	ADDWF       R3, 1, 0
;__Lib_MathDouble.c,1416 :: 		
0x05A0	0xA0D8      	BTFSS       STATUS, 0, 0
;__Lib_MathDouble.c,1417 :: 		
0x05A2	0xF003EF35  	GOTO        JPDSETFUN32
;__Lib_MathDouble.c,1418 :: 		
DARGOK32:
;__Lib_MathDouble.c,1419 :: 		
0x05A6	0x0E18      	MOVLW       24
;__Lib_MathDouble.c,1420 :: 		
0x05A8	0x6E0B      	MOVWF       R11, 0
;__Lib_MathDouble.c,1421 :: 		
DLOOP32:
;__Lib_MathDouble.c,1422 :: 		
0x05AA	0x360D      	RLCF        R13, 1, 0
;__Lib_MathDouble.c,1423 :: 		
0x05AC	0x360C      	RLCF        R12, 1, 0
;__Lib_MathDouble.c,1424 :: 		
0x05AE	0x3608      	RLCF        R8, 1, 0
;__Lib_MathDouble.c,1425 :: 		
0x05B0	0x3600      	RLCF        R0, 1, 0
;__Lib_MathDouble.c,1426 :: 		
0x05B2	0x3601      	RLCF        R1, 1, 0
;__Lib_MathDouble.c,1427 :: 		
0x05B4	0x3602      	RLCF        R2, 1, 0
;__Lib_MathDouble.c,1428 :: 		
0x05B6	0x360E      	RLCF        R14, 1, 0
;__Lib_MathDouble.c,1430 :: 		
0x05B8	0x5004      	MOVF        R4, 0, 0
;__Lib_MathDouble.c,1431 :: 		
0x05BA	0x5E00      	SUBWF       R0, 1, 0
;__Lib_MathDouble.c,1432 :: 		
0x05BC	0x5005      	MOVF        R5, 0, 0
;__Lib_MathDouble.c,1433 :: 		
0x05BE	0xA0D8      	BTFSS       STATUS, 0, 0
;__Lib_MathDouble.c,1434 :: 		
0x05C0	0x3C05      	INCFSZ      R5, 0, 0
;__Lib_MathDouble.c,1436 :: 		
0x05C2	0x5E01      	SUBWF       R1, 1, 0
;__Lib_MathDouble.c,1437 :: 		
0x05C4	0x5006      	MOVF        R6, 0, 0
;__Lib_MathDouble.c,1438 :: 		
0x05C6	0xA0D8      	BTFSS       STATUS, 0, 0
;__Lib_MathDouble.c,1439 :: 		
0x05C8	0x3C06      	INCFSZ      R6, 0, 0
;__Lib_MathDouble.c,1441 :: 		
0x05CA	0x5E02      	SUBWF       R2, 1, 0
;__Lib_MathDouble.c,1442 :: 		
0x05CC	0x3406      	RLCF        R6, 0, 0
;__Lib_MathDouble.c,1443 :: 		
0x05CE	0x120E      	IORWF       R14, 1, 0
;__Lib_MathDouble.c,1444 :: 		
0x05D0	0xA00E      	BTFSS       R14, 0, 0
;__Lib_MathDouble.c,1445 :: 		
0x05D2	0xF002EFEE  	GOTO        DREST32
;__Lib_MathDouble.c,1446 :: 		
0x05D6	0x800D      	BSF         R13, 0, 0
;__Lib_MathDouble.c,1447 :: 		
0x05D8	0xF002EFF9  	GOTO        DOK32
;__Lib_MathDouble.c,1448 :: 		
DREST32:
;__Lib_MathDouble.c,1449 :: 		
0x05DC	0x5004      	MOVF        R4, 0, 0
;__Lib_MathDouble.c,1450 :: 		
0x05DE	0x2600      	ADDWF       R0, 1, 0
;__Lib_MathDouble.c,1451 :: 		
0x05E0	0x5005      	MOVF        R5, 0, 0
;__Lib_MathDouble.c,1452 :: 		
0x05E2	0xB0D8      	BTFSC       STATUS, 0, 0
;__Lib_MathDouble.c,1453 :: 		
0x05E4	0x3C05      	INCFSZ      R5, 0, 0
;__Lib_MathDouble.c,1455 :: 		
0x05E6	0x2601      	ADDWF       R1, 1, 0
;__Lib_MathDouble.c,1456 :: 		
0x05E8	0x5006      	MOVF        R6, 0, 0
;__Lib_MathDouble.c,1457 :: 		
0x05EA	0xB0D8      	BTFSC       STATUS, 0, 0
;__Lib_MathDouble.c,1458 :: 		
0x05EC	0x2806      	INCF        R6, 0, 0
;__Lib_MathDouble.c,1459 :: 		
0x05EE	0x2602      	ADDWF       R2, 1, 0
;__Lib_MathDouble.c,1460 :: 		
0x05F0	0x900D      	BCF         R13, 0, 0
;__Lib_MathDouble.c,1461 :: 		
DOK32:
;__Lib_MathDouble.c,1462 :: 		
0x05F2	0x2E0B      	DECFSZ      R11, 1, 0
;__Lib_MathDouble.c,1463 :: 		
0x05F4	0xF002EFD5  	GOTO        DLOOP32
;__Lib_MathDouble.c,1467 :: 		
0x05F8	0xF003EF1F  	GOTO        DIV32OK
;__Lib_MathDouble.c,1468 :: 		
0x05FC	0x90D8      	BCF         STATUS, 0, 0
;__Lib_MathDouble.c,1469 :: 		
0x05FE	0x3600      	RLCF        R0, 1, 0
;__Lib_MathDouble.c,1470 :: 		
0x0600	0x3601      	RLCF        R1, 1, 0
;__Lib_MathDouble.c,1471 :: 		
0x0602	0x3602      	RLCF        R2, 1, 0
;__Lib_MathDouble.c,1472 :: 		
0x0604	0x360E      	RLCF        R14, 1, 0
;__Lib_MathDouble.c,1474 :: 		
0x0606	0x5004      	MOVF        R4, 0, 0
;__Lib_MathDouble.c,1475 :: 		
0x0608	0x5E00      	SUBWF       R0, 1, 0
;__Lib_MathDouble.c,1476 :: 		
0x060A	0x5005      	MOVF        R5, 0, 0
;__Lib_MathDouble.c,1477 :: 		
0x060C	0xA0D8      	BTFSS       STATUS, 0, 0
;__Lib_MathDouble.c,1478 :: 		
0x060E	0x3C05      	INCFSZ      R5, 0, 0
;__Lib_MathDouble.c,1479 :: 		
0x0610	0x5E01      	SUBWF       R1, 1, 0
;__Lib_MathDouble.c,1480 :: 		
0x0612	0x5006      	MOVF        R6, 0, 0
;__Lib_MathDouble.c,1481 :: 		
0x0614	0xA0D8      	BTFSS       STATUS, 0, 0
;__Lib_MathDouble.c,1482 :: 		
0x0616	0x3C06      	INCFSZ      R6, 0, 0
;__Lib_MathDouble.c,1483 :: 		
0x0618	0x5E02      	SUBWF       R2, 1, 0
;__Lib_MathDouble.c,1484 :: 		
0x061A	0x3406      	RLCF        R6, 0, 0
;__Lib_MathDouble.c,1485 :: 		
0x061C	0x100E      	IORWF       R14, 0, 0
;__Lib_MathDouble.c,1486 :: 		
0x061E	0x0B01      	ANDLW       1
;__Lib_MathDouble.c,1487 :: 		
0x0620	0x260D      	ADDWF       R13, 1, 0
;__Lib_MathDouble.c,1488 :: 		
0x0622	0xB0D8      	BTFSC       STATUS, 0, 0
;__Lib_MathDouble.c,1489 :: 		
0x0624	0x2A0C      	INCF        R12, 1, 0
;__Lib_MathDouble.c,1490 :: 		
0x0626	0xB4D8      	BTFSC       STATUS, 2, 0
;__Lib_MathDouble.c,1491 :: 		
0x0628	0x2A08      	INCF        R8, 1, 0
;__Lib_MathDouble.c,1492 :: 		
0x062A	0xA4D8      	BTFSS       STATUS, 2, 0
;__Lib_MathDouble.c,1493 :: 		
0x062C	0xF003EF1F  	GOTO        DIV32OK
;__Lib_MathDouble.c,1494 :: 		
0x0630	0x3208      	RRCF        R8, 1, 0
;__Lib_MathDouble.c,1495 :: 		
0x0632	0x320C      	RRCF        R12, 1, 0
;__Lib_MathDouble.c,1496 :: 		
0x0634	0x320D      	RRCF        R13, 1, 0
;__Lib_MathDouble.c,1497 :: 		
0x0636	0x2A03      	INCF        R3, 1, 0
;__Lib_MathDouble.c,1498 :: 		
0x0638	0xB4D8      	BTFSC       STATUS, 2, 0
;__Lib_MathDouble.c,1499 :: 		
0x063A	0xF003EF31  	GOTO        JPDSETFOV32
;__Lib_MathDouble.c,1500 :: 		
DIV32OK:
;__Lib_MathDouble.c,1501 :: 		
0x063E	0xAE0A      	BTFSS       R10, 7, 0
;__Lib_MathDouble.c,1502 :: 		
0x0640	0x9E08      	BCF         R8, 7, 0
;__Lib_MathDouble.c,1503 :: 		
0x0642	0x5008      	MOVF        R8, 0, 0
;__Lib_MathDouble.c,1504 :: 		
0x0644	0x6E02      	MOVWF       R2, 0
;__Lib_MathDouble.c,1505 :: 		
0x0646	0x500C      	MOVF        R12, 0, 0
;__Lib_MathDouble.c,1506 :: 		
0x0648	0x6E01      	MOVWF       R1, 0
;__Lib_MathDouble.c,1507 :: 		
0x064A	0x500D      	MOVF        R13, 0, 0
;__Lib_MathDouble.c,1508 :: 		
0x064C	0x6E00      	MOVWF       R0, 0
;__Lib_MathDouble.c,1511 :: 		
0x064E	0xF003EF37  	GOTO        DIV32EEE
;__Lib_MathDouble.c,1512 :: 		
JPDSETFDZ32:
;__Lib_MathDouble.c,1513 :: 		
0x0652	0x0E01      	MOVLW       1
;__Lib_MathDouble.c,1516 :: 		
0x0654	0xDDE2      	RCALL       _SETFDZ32
;__Lib_MathDouble.c,1518 :: 		
0x0656	0xF003EF37  	GOTO        DIV32EEE
;__Lib_MathDouble.c,1519 :: 		
JPDRES032:
;__Lib_MathDouble.c,1520 :: 		
0x065A	0x0E02      	MOVLW       2
;__Lib_MathDouble.c,1523 :: 		
0x065C	0xDD8B      	RCALL       _RES032
;__Lib_MathDouble.c,1525 :: 		
0x065E	0xF003EF37  	GOTO        DIV32EEE
;__Lib_MathDouble.c,1526 :: 		
JPDSETFOV32:
;__Lib_MathDouble.c,1527 :: 		
0x0662	0x0E04      	MOVLW       4
;__Lib_MathDouble.c,1530 :: 		
0x0664	0xDDCE      	RCALL       _SETFOV32
;__Lib_MathDouble.c,1532 :: 		
0x0666	0xF003EF37  	GOTO        DIV32EEE
;__Lib_MathDouble.c,1533 :: 		
JPDSETFUN32:
;__Lib_MathDouble.c,1534 :: 		
0x066A	0x0E08      	MOVLW       8
;__Lib_MathDouble.c,1537 :: 		
0x066C	0xDD33      	RCALL       _SETFUN32
;__Lib_MathDouble.c,1539 :: 		
DIV32EEE:
;__Lib_MathDouble.c,1547 :: 		
L_end_Div_32x32_FP:
0x066E	0x0012      	RETURN      0
; end of _Div_32x32_FP
_ADC_Init:
;__Lib_ADC_A_D.c,13 :: 		
;__Lib_ADC_A_D.c,14 :: 		
0x0670	0x0EFF      	MOVLW       _ADC_Get_Sample
0x0672	0x0100      	MOVLB       0
0x0674	0x6FBD      	MOVWF       _ADC_Get_Sample_Ptr, 1
0x0676	0x0EFF      	MOVLW       hi_addr(_ADC_Get_Sample)
0x0678	0x6FBE      	MOVWF       _ADC_Get_Sample_Ptr+1, 1
0x067A	0x0EFF      	MOVLW       FARG_ADC_Get_Sample_channel
0x067C	0x6FBF      	MOVWF       _ADC_Get_Sample_Ptr+2, 1
0x067E	0x0EFF      	MOVLW       hi_addr(FARG_ADC_Get_Sample_channel)
0x0680	0x6FC0      	MOVWF       _ADC_Get_Sample_Ptr+3, 1
;__Lib_ADC_A_D.c,16 :: 		
0x0682	0x6AC2      	CLRF        ADCON0 
;__Lib_ADC_A_D.c,17 :: 		
0x0684	0x1DB9      	COMF        _vref_mask, 0, 1
0x0686	0x6E00      	MOVWF       R0 
0x0688	0x5000      	MOVF        R0, 0 
0x068A	0x16C1      	ANDWF       ADCON1, 1 
;__Lib_ADC_A_D.c,18 :: 		
0x068C	0x0E07      	MOVLW       7
0x068E	0x12C0      	IORWF       ADCON2, 1 
;__Lib_ADC_A_D.c,19 :: 		
0x0690	0x8EC0      	BSF         ADCON2, 7 
;__Lib_ADC_A_D.c,20 :: 		
0x0692	0x80C2      	BSF         ADCON0, 0 
;__Lib_ADC_A_D.c,21 :: 		
L_end_ADC_Init:
0x0694	0x0012      	RETURN      0
; end of _ADC_Init
_Lcd_Init:
;__Lib_Lcd.c,84 :: 		
;__Lib_Lcd.c,86 :: 		
0x0696	0x9496      	BCF         LCD_EN_Direction, BitPos(LCD_EN_Direction+0) 
;__Lib_Lcd.c,87 :: 		
0x0698	0x9096      	BCF         LCD_RS_Direction, BitPos(LCD_RS_Direction+0) 
;__Lib_Lcd.c,88 :: 		
0x069A	0x9895      	BCF         LCD_D4_Direction, BitPos(LCD_D4_Direction+0) 
;__Lib_Lcd.c,89 :: 		
0x069C	0x9A95      	BCF         LCD_D5_Direction, BitPos(LCD_D5_Direction+0) 
;__Lib_Lcd.c,90 :: 		
0x069E	0x9C95      	BCF         LCD_D6_Direction, BitPos(LCD_D6_Direction+0) 
;__Lib_Lcd.c,91 :: 		
0x06A0	0x9E95      	BCF         LCD_D7_Direction, BitPos(LCD_D7_Direction+0) 
;__Lib_Lcd.c,93 :: 		
0x06A2	0x9484      	BCF         LCD_EN, BitPos(LCD_EN+0) 
;__Lib_Lcd.c,94 :: 		
0x06A4	0x9084      	BCF         LCD_RS, BitPos(LCD_RS+0) 
;__Lib_Lcd.c,95 :: 		
0x06A6	0x9E83      	BCF         LCD_D7, BitPos(LCD_D7+0) 
;__Lib_Lcd.c,96 :: 		
0x06A8	0x9C83      	BCF         LCD_D6, BitPos(LCD_D6+0) 
;__Lib_Lcd.c,97 :: 		
0x06AA	0x9A83      	BCF         LCD_D5, BitPos(LCD_D5+0) 
;__Lib_Lcd.c,98 :: 		
0x06AC	0x9883      	BCF         LCD_D4, BitPos(LCD_D4+0) 
;__Lib_Lcd.c,100 :: 		
0x06AE	0xDD02      	RCALL       _Delay_5500us
;__Lib_Lcd.c,101 :: 		
0x06B0	0xDD01      	RCALL       _Delay_5500us
;__Lib_Lcd.c,102 :: 		
0x06B2	0xDD00      	RCALL       _Delay_5500us
;__Lib_Lcd.c,105 :: 		
0x06B4	0x8A83      	BSF         LCD_D5, BitPos(LCD_D5+0) 
;__Lib_Lcd.c,106 :: 		
0x06B6	0x8883      	BSF         LCD_D4, BitPos(LCD_D4+0) 
;__Lib_Lcd.c,107 :: 		
0x06B8	0x8484      	BSF         LCD_EN, BitPos(LCD_EN+0) 
;__Lib_Lcd.c,108 :: 		
0x06BA	0xDCF6      	RCALL       _Delay_1us
;__Lib_Lcd.c,109 :: 		
0x06BC	0x9484      	BCF         LCD_EN, BitPos(LCD_EN+0) 
;__Lib_Lcd.c,110 :: 		
0x06BE	0xDCFA      	RCALL       _Delay_5500us
;__Lib_Lcd.c,112 :: 		
0x06C0	0x8484      	BSF         LCD_EN, BitPos(LCD_EN+0) 
;__Lib_Lcd.c,113 :: 		
0x06C2	0xDCF2      	RCALL       _Delay_1us
;__Lib_Lcd.c,114 :: 		
0x06C4	0x9484      	BCF         LCD_EN, BitPos(LCD_EN+0) 
;__Lib_Lcd.c,115 :: 		
0x06C6	0xDCF6      	RCALL       _Delay_5500us
;__Lib_Lcd.c,117 :: 		
0x06C8	0x8484      	BSF         LCD_EN, BitPos(LCD_EN+0) 
;__Lib_Lcd.c,118 :: 		
0x06CA	0xDCEE      	RCALL       _Delay_1us
;__Lib_Lcd.c,119 :: 		
0x06CC	0x9484      	BCF         LCD_EN, BitPos(LCD_EN+0) 
;__Lib_Lcd.c,120 :: 		
0x06CE	0xDCF2      	RCALL       _Delay_5500us
;__Lib_Lcd.c,123 :: 		
0x06D0	0x9883      	BCF         LCD_D4, BitPos(LCD_D4+0) 
;__Lib_Lcd.c,124 :: 		
0x06D2	0x8484      	BSF         LCD_EN, BitPos(LCD_EN+0) 
;__Lib_Lcd.c,125 :: 		
0x06D4	0xDCE9      	RCALL       _Delay_1us
;__Lib_Lcd.c,126 :: 		
0x06D6	0x9484      	BCF         LCD_EN, BitPos(LCD_EN+0) 
;__Lib_Lcd.c,127 :: 		
0x06D8	0xDCED      	RCALL       _Delay_5500us
;__Lib_Lcd.c,130 :: 		
0x06DA	0x8484      	BSF         LCD_EN, BitPos(LCD_EN+0) 
;__Lib_Lcd.c,131 :: 		
0x06DC	0xDCE5      	RCALL       _Delay_1us
;__Lib_Lcd.c,132 :: 		
0x06DE	0x9484      	BCF         LCD_EN, BitPos(LCD_EN+0) 
;__Lib_Lcd.c,134 :: 		
0x06E0	0x9A83      	BCF         LCD_D5, BitPos(LCD_D5+0) 
;__Lib_Lcd.c,135 :: 		
0x06E2	0x8E83      	BSF         LCD_D7, BitPos(LCD_D7+0) 
;__Lib_Lcd.c,136 :: 		
0x06E4	0x8484      	BSF         LCD_EN, BitPos(LCD_EN+0) 
;__Lib_Lcd.c,137 :: 		
0x06E6	0xDCE0      	RCALL       _Delay_1us
;__Lib_Lcd.c,138 :: 		
0x06E8	0x9484      	BCF         LCD_EN, BitPos(LCD_EN+0) 
;__Lib_Lcd.c,139 :: 		
0x06EA	0xDCE4      	RCALL       _Delay_5500us
;__Lib_Lcd.c,142 :: 		
0x06EC	0x9E83      	BCF         LCD_D7, BitPos(LCD_D7+0) 
;__Lib_Lcd.c,143 :: 		
0x06EE	0x8883      	BSF         LCD_D4, BitPos(LCD_D4+0) 
;__Lib_Lcd.c,144 :: 		
0x06F0	0x8484      	BSF         LCD_EN, BitPos(LCD_EN+0) 
;__Lib_Lcd.c,145 :: 		
0x06F2	0xDCDA      	RCALL       _Delay_1us
;__Lib_Lcd.c,146 :: 		
0x06F4	0x9484      	BCF         LCD_EN, BitPos(LCD_EN+0) 
;__Lib_Lcd.c,148 :: 		
0x06F6	0x9883      	BCF         LCD_D4, BitPos(LCD_D4+0) 
;__Lib_Lcd.c,149 :: 		
0x06F8	0x8484      	BSF         LCD_EN, BitPos(LCD_EN+0) 
;__Lib_Lcd.c,150 :: 		
0x06FA	0xDCD6      	RCALL       _Delay_1us
;__Lib_Lcd.c,151 :: 		
0x06FC	0x9484      	BCF         LCD_EN, BitPos(LCD_EN+0) 
;__Lib_Lcd.c,152 :: 		
0x06FE	0xDCDA      	RCALL       _Delay_5500us
;__Lib_Lcd.c,155 :: 		
0x0700	0x8484      	BSF         LCD_EN, BitPos(LCD_EN+0) 
;__Lib_Lcd.c,156 :: 		
0x0702	0xDCD2      	RCALL       _Delay_1us
;__Lib_Lcd.c,157 :: 		
0x0704	0x9484      	BCF         LCD_EN, BitPos(LCD_EN+0) 
;__Lib_Lcd.c,159 :: 		
0x0706	0x8883      	BSF         LCD_D4, BitPos(LCD_D4+0) 
;__Lib_Lcd.c,160 :: 		
0x0708	0x8484      	BSF         LCD_EN, BitPos(LCD_EN+0) 
;__Lib_Lcd.c,161 :: 		
0x070A	0xDCCE      	RCALL       _Delay_1us
;__Lib_Lcd.c,162 :: 		
0x070C	0x9484      	BCF         LCD_EN, BitPos(LCD_EN+0) 
;__Lib_Lcd.c,163 :: 		
0x070E	0xDCD2      	RCALL       _Delay_5500us
;__Lib_Lcd.c,166 :: 		
0x0710	0x9883      	BCF         LCD_D4, BitPos(LCD_D4+0) 
;__Lib_Lcd.c,167 :: 		
0x0712	0x8484      	BSF         LCD_EN, BitPos(LCD_EN+0) 
;__Lib_Lcd.c,168 :: 		
0x0714	0xDCC9      	RCALL       _Delay_1us
;__Lib_Lcd.c,169 :: 		
0x0716	0x9484      	BCF         LCD_EN, BitPos(LCD_EN+0) 
;__Lib_Lcd.c,171 :: 		
0x0718	0x8E83      	BSF         LCD_D7, BitPos(LCD_D7+0) 
;__Lib_Lcd.c,172 :: 		
0x071A	0x8C83      	BSF         LCD_D6, BitPos(LCD_D6+0) 
;__Lib_Lcd.c,173 :: 		
0x071C	0x8A83      	BSF         LCD_D5, BitPos(LCD_D5+0) 
;__Lib_Lcd.c,174 :: 		
0x071E	0x8883      	BSF         LCD_D4, BitPos(LCD_D4+0) 
;__Lib_Lcd.c,175 :: 		
0x0720	0x8484      	BSF         LCD_EN, BitPos(LCD_EN+0) 
;__Lib_Lcd.c,176 :: 		
0x0722	0xDCC2      	RCALL       _Delay_1us
;__Lib_Lcd.c,177 :: 		
0x0724	0x9484      	BCF         LCD_EN, BitPos(LCD_EN+0) 
;__Lib_Lcd.c,179 :: 		
0x0726	0xDCC6      	RCALL       _Delay_5500us
;__Lib_Lcd.c,181 :: 		
0x0728	0x0100      	MOVLB       0
0x072A	0x81BC      	BSF         __Lib_Lcd_cmd_status, BitPos(__Lib_Lcd_cmd_status+0), 1
;__Lib_Lcd.c,182 :: 		
L_end_Lcd_Init:
0x072C	0x0012      	RETURN      0
; end of _Lcd_Init
_SETIOV3224:
;__Lib_MathDouble.c,530 :: 		
;__Lib_MathDouble.c,537 :: 		
0x072E	0x800B      	BSF         R11, 0, 0
;__Lib_MathDouble.c,538 :: 		
0x0730	0xAE0B      	BTFSS       R11, 7, 0
;__Lib_MathDouble.c,539 :: 		
0x0732	0xF003EFA3  	GOTO        SETIOV3224EEE
;__Lib_MathDouble.c,541 :: 		
0x0736	0x6A02      	CLRF        R2, 0
;__Lib_MathDouble.c,542 :: 		
0x0738	0xAE0A      	BTFSS       R10, 7, 0
;__Lib_MathDouble.c,543 :: 		
0x073A	0x0EFF      	MOVLW       255
;__Lib_MathDouble.c,544 :: 		
0x073C	0x6E02      	MOVWF       R2, 0
;__Lib_MathDouble.c,545 :: 		
0x073E	0x6E01      	MOVWF       R1, 0
;__Lib_MathDouble.c,546 :: 		
0x0740	0x6E00      	MOVWF       R0, 0
;__Lib_MathDouble.c,547 :: 		
0x0742	0x360A      	RLCF        R10, 1, 0
;__Lib_MathDouble.c,548 :: 		
0x0744	0x3202      	RRCF        R2, 1, 0
;__Lib_MathDouble.c,549 :: 		
SETIOV3224EEE:
;__Lib_MathDouble.c,550 :: 		
0x0746	0x0EFF      	MOVLW       255
;__Lib_MathDouble.c,552 :: 		
L_end_SETIOV3224:
0x0748	0x0012      	RETURN      0
; end of _SETIOV3224
_Lcd_Out:
;__Lib_Lcd.c,184 :: 		
;__Lib_Lcd.c,187 :: 		
0x074A	0xD010      	BRA         L_Lcd_Out11
;__Lib_Lcd.c,188 :: 		
L_Lcd_Out13:
0x074C	0x0E80      	MOVLW       128
0x074E	0x0100      	MOVLB       0
0x0750	0x6FD5      	MOVWF       FARG_Lcd_Out_row, 1
0x0752	0xD01A      	BRA         L_Lcd_Out12
;__Lib_Lcd.c,189 :: 		
L_Lcd_Out14:
0x0754	0x0EC0      	MOVLW       192
0x0756	0x6FD5      	MOVWF       FARG_Lcd_Out_row, 1
0x0758	0xD017      	BRA         L_Lcd_Out12
;__Lib_Lcd.c,190 :: 		
L_Lcd_Out15:
0x075A	0x0E94      	MOVLW       148
0x075C	0x6FD5      	MOVWF       FARG_Lcd_Out_row, 1
0x075E	0xD014      	BRA         L_Lcd_Out12
;__Lib_Lcd.c,191 :: 		
L_Lcd_Out16:
0x0760	0x0ED4      	MOVLW       212
0x0762	0x6FD5      	MOVWF       FARG_Lcd_Out_row, 1
0x0764	0xD011      	BRA         L_Lcd_Out12
;__Lib_Lcd.c,192 :: 		
L_Lcd_Out17:
0x0766	0x0E80      	MOVLW       128
0x0768	0x6FD5      	MOVWF       FARG_Lcd_Out_row, 1
;__Lib_Lcd.c,193 :: 		
0x076A	0xD00E      	BRA         L_Lcd_Out12
L_Lcd_Out11:
0x076C	0x0100      	MOVLB       0
0x076E	0x51D5      	MOVF        FARG_Lcd_Out_row, 0, 1
0x0770	0x0A01      	XORLW       1
0x0772	0xE0EC      	BZ          L_Lcd_Out13
0x0774	0x51D5      	MOVF        FARG_Lcd_Out_row, 0, 1
0x0776	0x0A02      	XORLW       2
0x0778	0xE0ED      	BZ          L_Lcd_Out14
0x077A	0x51D5      	MOVF        FARG_Lcd_Out_row, 0, 1
0x077C	0x0A03      	XORLW       3
0x077E	0xE0ED      	BZ          L_Lcd_Out15
0x0780	0x51D5      	MOVF        FARG_Lcd_Out_row, 0, 1
0x0782	0x0A04      	XORLW       4
0x0784	0xE0ED      	BZ          L_Lcd_Out16
0x0786	0xD7EF      	BRA         L_Lcd_Out17
L_Lcd_Out12:
;__Lib_Lcd.c,194 :: 		
0x0788	0x05D6      	DECF        FARG_Lcd_Out_column, 0, 1
0x078A	0x6E00      	MOVWF       R0 
0x078C	0x51D5      	MOVF        FARG_Lcd_Out_row, 0, 1
0x078E	0x2600      	ADDWF       R0, 1 
0x0790	0xF0D5C000  	MOVFF       R0, FARG_Lcd_Out_row
;__Lib_Lcd.c,196 :: 		
0x0794	0xF0DBC000  	MOVFF       R0, FARG_Lcd_Cmd_out_char
0x0798	0xDCAE      	RCALL       _Lcd_Cmd
;__Lib_Lcd.c,197 :: 		
0x079A	0x91BC      	BCF         __Lib_Lcd_cmd_status, BitPos(__Lib_Lcd_cmd_status+0), 1
;__Lib_Lcd.c,198 :: 		
0x079C	0x6BD9      	CLRF        Lcd_Out_i_L0, 1
;__Lib_Lcd.c,199 :: 		
L_Lcd_Out18:
0x079E	0x51D9      	MOVF        Lcd_Out_i_L0, 0, 1
0x07A0	0x25D7      	ADDWF       FARG_Lcd_Out_text, 0, 1
0x07A2	0x6EE9      	MOVWF       FSR0L 
0x07A4	0x0E00      	MOVLW       0
0x07A6	0x21D8      	ADDWFC      FARG_Lcd_Out_text+1, 0, 1
0x07A8	0x6EEA      	MOVWF       FSR0L+1 
0x07AA	0x52EE      	MOVF        POSTINC0, 1 
0x07AC	0xE00B      	BZ          L_Lcd_Out19
;__Lib_Lcd.c,200 :: 		
0x07AE	0x51D9      	MOVF        Lcd_Out_i_L0, 0, 1
0x07B0	0x25D7      	ADDWF       FARG_Lcd_Out_text, 0, 1
0x07B2	0x6EE9      	MOVWF       FSR0L 
0x07B4	0x0E00      	MOVLW       0
0x07B6	0x21D8      	ADDWFC      FARG_Lcd_Out_text+1, 0, 1
0x07B8	0x6EEA      	MOVWF       FSR0L+1 
0x07BA	0xF0DACFEE  	MOVFF       POSTINC0, FARG_Lcd_Chr_CP_out_char
0x07BE	0xDD1A      	RCALL       _Lcd_Chr_CP
0x07C0	0x2BD9      	INCF        Lcd_Out_i_L0, 1, 1
0x07C2	0xD7ED      	BRA         L_Lcd_Out18
L_Lcd_Out19:
;__Lib_Lcd.c,201 :: 		
0x07C4	0x81BC      	BSF         __Lib_Lcd_cmd_status, BitPos(__Lib_Lcd_cmd_status+0), 1
;__Lib_Lcd.c,202 :: 		
L_end_Lcd_Out:
0x07C6	0x0012      	RETURN      0
; end of _Lcd_Out
_map:
;SenaiInterruptsProject.c,165 :: 		float map(int value){
;SenaiInterruptsProject.c,166 :: 		return (float)value /1023 * 500;
0x07C8	0xF000C0CB  	MOVFF       FARG_map_value, R0
0x07CC	0xF001C0CC  	MOVFF       FARG_map_value+1, R1
0x07D0	0xDD82      	RCALL       _int2double
0x07D2	0x0E00      	MOVLW       0
0x07D4	0x6E04      	MOVWF       R4 
0x07D6	0x0EC0      	MOVLW       192
0x07D8	0x6E05      	MOVWF       R5 
0x07DA	0x0E7F      	MOVLW       127
0x07DC	0x6E06      	MOVWF       R6 
0x07DE	0x0E88      	MOVLW       136
0x07E0	0x6E07      	MOVWF       R7 
0x07E2	0xDE8C      	RCALL       _Div_32x32_FP
0x07E4	0x0E00      	MOVLW       0
0x07E6	0x6E04      	MOVWF       R4 
0x07E8	0x0E00      	MOVLW       0
0x07EA	0x6E05      	MOVWF       R5 
0x07EC	0x0E7A      	MOVLW       122
0x07EE	0x6E06      	MOVWF       R6 
0x07F0	0x0E87      	MOVLW       135
0x07F2	0x6E07      	MOVWF       R7 
0x07F4	0xDD90      	RCALL       _Mul_32x32_FP
;SenaiInterruptsProject.c,167 :: 		}
L_end_map:
0x07F6	0x0012      	RETURN      0
; end of _map
___CC2DW:
;__Lib_System.c,21 :: 		
;__Lib_System.c,23 :: 		
_CC2DL_Loop1:
;__Lib_System.c,24 :: 		
0x07F8	0x0009      	TBLRD*+
;__Lib_System.c,25 :: 		
0x07FA	0xFFE6CFF5  	MOVFF       TABLAT, POSTINC1
;__Lib_System.c,26 :: 		
0x07FE	0x0600      	DECF        R0, 1, 0
;__Lib_System.c,27 :: 		
0x0800	0xE1FB      	BNZ         _CC2DL_Loop1
;__Lib_System.c,28 :: 		
0x0802	0x0601      	DECF        R1, 1, 0
;__Lib_System.c,29 :: 		
0x0804	0xE1F9      	BNZ         _CC2DL_Loop1
;__Lib_System.c,31 :: 		
L_end___CC2DW:
0x0806	0x0012      	RETURN      0
; end of ___CC2DW
_ADC_Read:
;__Lib_ADC_A_D.c,51 :: 		
;__Lib_ADC_A_D.c,54 :: 		
0x0808	0x6AC2      	CLRF        ADCON0 
;__Lib_ADC_A_D.c,55 :: 		
0x080A	0x0100      	MOVLB       0
0x080C	0x1DB9      	COMF        _vref_mask, 0, 1
0x080E	0x6E00      	MOVWF       R0 
0x0810	0x5000      	MOVF        R0, 0 
0x0812	0x16C1      	ANDWF       ADCON1, 1 
;__Lib_ADC_A_D.c,56 :: 		
0x0814	0x0E07      	MOVLW       7
0x0816	0x12C0      	IORWF       ADCON2, 1 
;__Lib_ADC_A_D.c,57 :: 		
0x0818	0x8EC0      	BSF         ADCON2, 7 
;__Lib_ADC_A_D.c,58 :: 		
0x081A	0xF000C0CB  	MOVFF       FARG_ADC_Read_channel, R0
0x081E	0x3600      	RLCF        R0, 1 
0x0820	0x9000      	BCF         R0, 0 
0x0822	0x3600      	RLCF        R0, 1 
0x0824	0x9000      	BCF         R0, 0 
0x0826	0x5000      	MOVF        R0, 0 
0x0828	0x12C2      	IORWF       ADCON0, 1 
;__Lib_ADC_A_D.c,59 :: 		
0x082A	0x80C2      	BSF         ADCON0, 0 
;__Lib_ADC_A_D.c,60 :: 		
0x082C	0xDD26      	RCALL       _Delay_22us
;__Lib_ADC_A_D.c,61 :: 		
0x082E	0x82C2      	BSF         ADCON0, 1 
;__Lib_ADC_A_D.c,62 :: 		
L_ADC_Read2:
0x0830	0xA2C2      	BTFSS       ADCON0, 1 
0x0832	0xD001      	BRA         L_ADC_Read3
;__Lib_ADC_A_D.c,63 :: 		
0x0834	0xD7FD      	BRA         L_ADC_Read2
L_ADC_Read3:
;__Lib_ADC_A_D.c,64 :: 		
0x0836	0xF001CFC4  	MOVFF       ADRESH, R1
0x083A	0x6A00      	CLRF        R0 
;__Lib_ADC_A_D.c,65 :: 		
0x083C	0x50C3      	MOVF        ADRESL, 0 
0x083E	0x1200      	IORWF       R0, 1 
0x0840	0x0E00      	MOVLW       0
0x0842	0x1201      	IORWF       R1, 1 
;__Lib_ADC_A_D.c,66 :: 		
0x0844	0x90C2      	BCF         ADCON0, 0 
;__Lib_ADC_A_D.c,68 :: 		
;__Lib_ADC_A_D.c,69 :: 		
L_end_ADC_Read:
0x0846	0x0012      	RETURN      0
; end of _ADC_Read
_convert_int_to_str:
;SenaiInterruptsProject.c,141 :: 		void convert_int_to_str(int fromInt, char *toStr){
;SenaiInterruptsProject.c,142 :: 		int index = 3;
0x0848	0x0E03      	MOVLW       3
0x084A	0x0100      	MOVLB       0
0x084C	0x6FD1      	MOVWF       convert_int_to_str_index_L0, 1
0x084E	0x0E00      	MOVLW       0
0x0850	0x6FD2      	MOVWF       convert_int_to_str_index_L0+1, 1
;SenaiInterruptsProject.c,143 :: 		int num   = fromInt;
0x0852	0xF0CFC0CB  	MOVFF       FARG_convert_int_to_str_fromInt, convert_int_to_str_num_L0
0x0856	0xF0D0C0CC  	MOVFF       FARG_convert_int_to_str_fromInt+1, convert_int_to_str_num_L0+1
;SenaiInterruptsProject.c,145 :: 		for(index  = 3; index >= 0; index--){
0x085A	0x0E03      	MOVLW       3
0x085C	0x6FD1      	MOVWF       convert_int_to_str_index_L0, 1
0x085E	0x0E00      	MOVLW       0
0x0860	0x6FD2      	MOVWF       convert_int_to_str_index_L0+1, 1
L_convert_int_to_str12:
0x0862	0x0E80      	MOVLW       128
0x0864	0x19D2      	XORWF       convert_int_to_str_index_L0+1, 0, 1
0x0866	0x6E00      	MOVWF       R0 
0x0868	0x0E80      	MOVLW       128
0x086A	0x5C00      	SUBWF       R0, 0 
0x086C	0xE102      	BNZ         L__convert_int_to_str24
0x086E	0x0E00      	MOVLW       0
0x0870	0x5DD1      	SUBWF       convert_int_to_str_index_L0, 0, 1
L__convert_int_to_str24:
0x0872	0xE32E      	BNC         L_convert_int_to_str13
;SenaiInterruptsProject.c,146 :: 		toStr[index] = (char)(num % 10 + '0');
0x0874	0x51D1      	MOVF        convert_int_to_str_index_L0, 0, 1
0x0876	0x25CD      	ADDWF       FARG_convert_int_to_str_toStr, 0, 1
0x0878	0x6FD3      	MOVWF       FLOC__convert_int_to_str, 1
0x087A	0x51D2      	MOVF        convert_int_to_str_index_L0+1, 0, 1
0x087C	0x21CE      	ADDWFC      FARG_convert_int_to_str_toStr+1, 0, 1
0x087E	0x6FD4      	MOVWF       FLOC__convert_int_to_str+1, 1
0x0880	0x0E0A      	MOVLW       10
0x0882	0x6E04      	MOVWF       R4 
0x0884	0x0E00      	MOVLW       0
0x0886	0x6E05      	MOVWF       R5 
0x0888	0xF000C0CF  	MOVFF       convert_int_to_str_num_L0, R0
0x088C	0xF001C0D0  	MOVFF       convert_int_to_str_num_L0+1, R1
0x0890	0xDDD2      	RCALL       _Div_16x16_S
0x0892	0xF000C008  	MOVFF       R8, R0
0x0896	0xF001C009  	MOVFF       R9, R1
0x089A	0x0E30      	MOVLW       48
0x089C	0x2600      	ADDWF       R0, 1 
0x089E	0xFFE1C0D3  	MOVFF       FLOC__convert_int_to_str, FSR1L
0x08A2	0xFFE2C0D4  	MOVFF       FLOC__convert_int_to_str+1, FSR1H
0x08A6	0xFFE6C000  	MOVFF       R0, POSTINC1
;SenaiInterruptsProject.c,147 :: 		num /= 10;
0x08AA	0x0E0A      	MOVLW       10
0x08AC	0x6E04      	MOVWF       R4 
0x08AE	0x0E00      	MOVLW       0
0x08B0	0x6E05      	MOVWF       R5 
0x08B2	0xF000C0CF  	MOVFF       convert_int_to_str_num_L0, R0
0x08B6	0xF001C0D0  	MOVFF       convert_int_to_str_num_L0+1, R1
0x08BA	0xDDBD      	RCALL       _Div_16x16_S
0x08BC	0xF0CFC000  	MOVFF       R0, convert_int_to_str_num_L0
0x08C0	0xF0D0C001  	MOVFF       R1, convert_int_to_str_num_L0+1
;SenaiInterruptsProject.c,145 :: 		for(index  = 3; index >= 0; index--){
0x08C4	0x0E01      	MOVLW       1
0x08C6	0x0100      	MOVLB       0
0x08C8	0x5FD1      	SUBWF       convert_int_to_str_index_L0, 1, 1
0x08CA	0x0E00      	MOVLW       0
0x08CC	0x5BD2      	SUBWFB      convert_int_to_str_index_L0+1, 1, 1
;SenaiInterruptsProject.c,148 :: 		}
0x08CE	0xD7C9      	BRA         L_convert_int_to_str12
L_convert_int_to_str13:
;SenaiInterruptsProject.c,151 :: 		}
L_end_convert_int_to_str:
0x08D0	0x0012      	RETURN      0
; end of _convert_int_to_str
_init_lcd:
;SenaiInterruptsProject.c,115 :: 		void init_lcd(){
;SenaiInterruptsProject.c,117 :: 		TRISE &= 0xFD;
0x08D2	0x0EFD      	MOVLW       253
0x08D4	0x1696      	ANDWF       TRISE, 1 
;SenaiInterruptsProject.c,118 :: 		LATE  &= 0xFD;
0x08D6	0x0EFD      	MOVLW       253
0x08D8	0x168D      	ANDWF       LATE, 1 
;SenaiInterruptsProject.c,120 :: 		lcd_init();
0x08DA	0xDEDD      	RCALL       _Lcd_Init
;SenaiInterruptsProject.c,121 :: 		delay_ms(10);
0x08DC	0x0E41      	MOVLW       65
0x08DE	0x6E0C      	MOVWF       R12, 0
0x08E0	0x0EEE      	MOVLW       238
0x08E2	0x6E0D      	MOVWF       R13, 0
L_init_lcd11:
0x08E4	0x2E0D      	DECFSZ      R13, 1, 0
0x08E6	0xD7FE      	BRA         L_init_lcd11
0x08E8	0x2E0C      	DECFSZ      R12, 1, 0
0x08EA	0xD7FC      	BRA         L_init_lcd11
0x08EC	0x0000      	NOP
;SenaiInterruptsProject.c,122 :: 		lcd_cmd(_LCD_TURN_ON);
0x08EE	0x0E0C      	MOVLW       12
0x08F0	0x6FDB      	MOVWF       FARG_Lcd_Cmd_out_char, 1
0x08F2	0xDC01      	RCALL       _Lcd_Cmd
;SenaiInterruptsProject.c,123 :: 		lcd_cmd(_LCD_CURSOR_OFF);
0x08F4	0x0E0C      	MOVLW       12
0x08F6	0x6FDB      	MOVWF       FARG_Lcd_Cmd_out_char, 1
0x08F8	0xF000EC7B  	CALL        _Lcd_Cmd, 0
;SenaiInterruptsProject.c,124 :: 		lcd_out(1,1,screens[0].message1);
0x08FC	0x0E01      	MOVLW       1
0x08FE	0x6FD5      	MOVWF       FARG_Lcd_Out_row, 1
0x0900	0x0E01      	MOVLW       1
0x0902	0x6FD6      	MOVWF       FARG_Lcd_Out_column, 1
0x0904	0x0E25      	MOVLW       _screens
0x0906	0x6FD7      	MOVWF       FARG_Lcd_Out_text, 1
0x0908	0x0E00      	MOVLW       hi_addr(_screens)
0x090A	0x6FD8      	MOVWF       FARG_Lcd_Out_text+1, 1
0x090C	0xDF1E      	RCALL       _Lcd_Out
;SenaiInterruptsProject.c,126 :: 		}
L_end_init_lcd:
0x090E	0x0012      	RETURN      0
; end of _init_lcd
_double2int:
;__Lib_MathDouble.c,1897 :: 		
;__Lib_MathDouble.c,1906 :: 		
0x0910	0x6A0B      	CLRF        R11, 0
;__Lib_MathDouble.c,1907 :: 		
0x0912	0x5003      	MOVF        R3, 0, 0
;__Lib_MathDouble.c,1908 :: 		
0x0914	0xB4D8      	BTFSC       STATUS, 2, 0
;__Lib_MathDouble.c,1909 :: 		
0x0916	0xF004EFCE  	GOTO        IRES016
;__Lib_MathDouble.c,1910 :: 		
0x091A	0x5002      	MOVF        R2, 0, 0
;__Lib_MathDouble.c,1911 :: 		
0x091C	0x6E0A      	MOVWF       R10, 0
;__Lib_MathDouble.c,1912 :: 		
0x091E	0x8E02      	BSF         R2, 7, 0
;__Lib_MathDouble.c,1914 :: 		
0x0920	0x0E8E      	MOVLW       142
;__Lib_MathDouble.c,1915 :: 		
0x0922	0x5E03      	SUBWF       R3, 1, 0
;__Lib_MathDouble.c,1916 :: 		
0x0924	0xAE03      	BTFSS       R3, 7, 0
;__Lib_MathDouble.c,1917 :: 		
0x0926	0xF004EFD2  	GOTO        SETIOV16
;__Lib_MathDouble.c,1918 :: 		
0x092A	0x6C03      	NEGF        R3, 0
;__Lib_MathDouble.c,1920 :: 		
0x092C	0x0E08      	MOVLW       8
;__Lib_MathDouble.c,1921 :: 		
0x092E	0x5C03      	SUBWF       R3, 0, 0
;__Lib_MathDouble.c,1922 :: 		
0x0930	0xA0D8      	BTFSS       STATUS, 0, 0
;__Lib_MathDouble.c,1923 :: 		
0x0932	0xF004EFAD  	GOTO        TSHIFT3216
;__Lib_MathDouble.c,1924 :: 		
0x0936	0x6E03      	MOVWF       R3, 0
;__Lib_MathDouble.c,1925 :: 		
0x0938	0x3601      	RLCF        R1, 1, 0
;__Lib_MathDouble.c,1926 :: 		
0x093A	0xF001C002  	MOVFF       R2, R1
;__Lib_MathDouble.c,1927 :: 		
0x093E	0x6A02      	CLRF        R2, 0
;__Lib_MathDouble.c,1929 :: 		
0x0940	0x0E08      	MOVLW       8
;__Lib_MathDouble.c,1930 :: 		
0x0942	0x5C03      	SUBWF       R3, 0, 0
;__Lib_MathDouble.c,1931 :: 		
0x0944	0xA0D8      	BTFSS       STATUS, 0, 0
;__Lib_MathDouble.c,1932 :: 		
0x0946	0xF004EFAD  	GOTO        TSHIFT3216
;__Lib_MathDouble.c,1933 :: 		
0x094A	0x6E03      	MOVWF       R3, 0
;__Lib_MathDouble.c,1934 :: 		
0x094C	0x3601      	RLCF        R1, 1, 0
;__Lib_MathDouble.c,1935 :: 		
0x094E	0x6A01      	CLRF        R1, 0
;__Lib_MathDouble.c,1937 :: 		
0x0950	0x5003      	MOVF        R3, 0, 0
;__Lib_MathDouble.c,1938 :: 		
0x0952	0xA4D8      	BTFSS       STATUS, 2, 0
;__Lib_MathDouble.c,1939 :: 		
0x0954	0x90D8      	BCF         STATUS, 0, 0
;__Lib_MathDouble.c,1940 :: 		
0x0956	0xF004EFB7  	GOTO        SHIFT3216OK
;__Lib_MathDouble.c,1941 :: 		
TSHIFT3216:
;__Lib_MathDouble.c,1942 :: 		
0x095A	0x5003      	MOVF        R3, 0, 0
;__Lib_MathDouble.c,1943 :: 		
0x095C	0xB4D8      	BTFSC       STATUS, 2, 0
;__Lib_MathDouble.c,1944 :: 		
0x095E	0xF004EFB7  	GOTO        SHIFT3216OK
;__Lib_MathDouble.c,1945 :: 		
SHIFT3216:
;__Lib_MathDouble.c,1946 :: 		
0x0962	0x90D8      	BCF         STATUS, 0, 0
;__Lib_MathDouble.c,1947 :: 		
0x0964	0x3202      	RRCF        R2, 1, 0
;__Lib_MathDouble.c,1948 :: 		
0x0966	0x3201      	RRCF        R1, 1, 0
;__Lib_MathDouble.c,1949 :: 		
0x0968	0x2E03      	DECFSZ      R3, 1, 0
;__Lib_MathDouble.c,1950 :: 		
0x096A	0xF004EFB1  	GOTO        SHIFT3216
;__Lib_MathDouble.c,1951 :: 		
SHIFT3216OK:
;__Lib_MathDouble.c,1952 :: 		
0x096E	0xBC0B      	BTFSC       R11, 6, 0
;__Lib_MathDouble.c,1953 :: 		
0x0970	0xA001      	BTFSS       R1, 0, 0
;__Lib_MathDouble.c,1954 :: 		
0x0972	0xF004EFC4  	GOTO        INT3216OK
;__Lib_MathDouble.c,1955 :: 		
0x0976	0xA0D8      	BTFSS       STATUS, 0, 0
;__Lib_MathDouble.c,1956 :: 		
0x0978	0xF004EFC4  	GOTO        INT3216OK
;__Lib_MathDouble.c,1957 :: 		
0x097C	0x2A01      	INCF        R1, 1, 0
;__Lib_MathDouble.c,1958 :: 		
0x097E	0xB4D8      	BTFSC       STATUS, 2, 0
;__Lib_MathDouble.c,1959 :: 		
0x0980	0x2A02      	INCF        R2, 1, 0
;__Lib_MathDouble.c,1960 :: 		
0x0982	0xBE02      	BTFSC       R2, 7, 0
;__Lib_MathDouble.c,1961 :: 		
0x0984	0xF004EFE1  	GOTO        JPJSETIOV3224
;__Lib_MathDouble.c,1962 :: 		
INT3216OK:
;__Lib_MathDouble.c,1963 :: 		
0x0988	0xAE0A      	BTFSS       R10, 7, 0
;__Lib_MathDouble.c,1964 :: 		
0x098A	0xF004EFE6  	GOTO        INT3216EOK
;__Lib_MathDouble.c,1966 :: 		
0x098E	0x1E02      	COMF        R2, 1, 0
;__Lib_MathDouble.c,1967 :: 		
0x0990	0x1E01      	COMF        R1, 1, 0
;__Lib_MathDouble.c,1968 :: 		
0x0992	0x2A01      	INCF        R1, 1, 0
;__Lib_MathDouble.c,1969 :: 		
0x0994	0xB4D8      	BTFSC       STATUS, 2, 0
;__Lib_MathDouble.c,1970 :: 		
0x0996	0x2A02      	INCF        R2, 1, 0
;__Lib_MathDouble.c,1971 :: 		
0x0998	0xF004EFE6  	GOTO        INT3216EOK
;__Lib_MathDouble.c,1973 :: 		
IRES016:
;__Lib_MathDouble.c,1974 :: 		
0x099C	0x6A02      	CLRF        R2, 0
;__Lib_MathDouble.c,1975 :: 		
0x099E	0x6A01      	CLRF        R1, 0
;__Lib_MathDouble.c,1976 :: 		
0x09A0	0xF004EFE6  	GOTO        INT3216EOK
;__Lib_MathDouble.c,1977 :: 		
SETIOV16:
;__Lib_MathDouble.c,1978 :: 		
0x09A4	0x800B      	BSF         R11, 0, 0
;__Lib_MathDouble.c,1979 :: 		
0x09A6	0xAE0B      	BTFSS       R11, 7, 0
;__Lib_MathDouble.c,1980 :: 		
0x09A8	0xF004EFEA  	GOTO        INT3216EER
;__Lib_MathDouble.c,1982 :: 		
0x09AC	0x6A02      	CLRF        R2, 0
;__Lib_MathDouble.c,1983 :: 		
0x09AE	0xAE0A      	BTFSS       R10, 7, 0
;__Lib_MathDouble.c,1984 :: 		
0x09B0	0xF004EFEA  	GOTO        INT3216EER
;__Lib_MathDouble.c,1985 :: 		
0x09B4	0x0EFF      	MOVLW       255
;__Lib_MathDouble.c,1986 :: 		
0x09B6	0x6E02      	MOVWF       R2, 0
;__Lib_MathDouble.c,1987 :: 		
0x09B8	0x6E01      	MOVWF       R1, 0
;__Lib_MathDouble.c,1988 :: 		
0x09BA	0x360A      	RLCF        R10, 1, 0
;__Lib_MathDouble.c,1989 :: 		
0x09BC	0x3202      	RRCF        R2, 1, 0
;__Lib_MathDouble.c,1990 :: 		
0x09BE	0xF004EFEA  	GOTO        INT3216EER
;__Lib_MathDouble.c,1992 :: 		
JPJSETIOV3224:
;__Lib_MathDouble.c,1993 :: 		
0x09C2	0x0E01      	MOVLW       1
;__Lib_MathDouble.c,1994 :: 		
0x09C4	0x6E0C      	MOVWF       R12, 0
;__Lib_MathDouble.c,1996 :: 		
0x09C6	0xDEB3      	RCALL       _SETIOV3224
;__Lib_MathDouble.c,1998 :: 		
0x09C8	0xF004EFEC  	GOTO        INT3216EEE
;__Lib_MathDouble.c,1999 :: 		
INT3216EOK:
;__Lib_MathDouble.c,2000 :: 		
0x09CC	0x0E00      	MOVLW       0
;__Lib_MathDouble.c,2001 :: 		
0x09CE	0x6E0C      	MOVWF       R12, 0
;__Lib_MathDouble.c,2002 :: 		
0x09D0	0xF004EFEC  	GOTO        INT3216EEE
;__Lib_MathDouble.c,2003 :: 		
INT3216EER:
;__Lib_MathDouble.c,2004 :: 		
0x09D4	0x0EFF      	MOVLW       255
;__Lib_MathDouble.c,2005 :: 		
0x09D6	0x6E0C      	MOVWF       R12, 0
;__Lib_MathDouble.c,2006 :: 		
INT3216EEE:
;__Lib_MathDouble.c,2007 :: 		
0x09D8	0x5001      	MOVF        R1, 0, 0
;__Lib_MathDouble.c,2008 :: 		
0x09DA	0x6E00      	MOVWF       R0, 0
;__Lib_MathDouble.c,2009 :: 		
0x09DC	0x5002      	MOVF        R2, 0, 0
;__Lib_MathDouble.c,2010 :: 		
0x09DE	0x6E01      	MOVWF       R1, 0
;__Lib_MathDouble.c,2015 :: 		
L_end_double2int:
0x09E0	0x0012      	RETURN      0
; end of _double2int
_init_interrupts:
;SenaiInterruptsProject.c,128 :: 		void init_interrupts(){
;SenaiInterruptsProject.c,129 :: 		INTCON.INT0IF    = 0; //clear INT0 flag
0x09E2	0x92F2      	BCF         INTCON, 1 
;SenaiInterruptsProject.c,130 :: 		INTCON.INT0IE    = 1; //INT0 interrupt enable
0x09E4	0x88F2      	BSF         INTCON, 4 
;SenaiInterruptsProject.c,131 :: 		INTCON2.INTEDG0  = 0; //INT0 on falling edge
0x09E6	0x9CF1      	BCF         INTCON2, 6 
;SenaiInterruptsProject.c,132 :: 		INTCON.GIE       = 1; //init global interrupts
0x09E8	0x8EF2      	BSF         INTCON, 7 
;SenaiInterruptsProject.c,134 :: 		}
L_end_init_interrupts:
0x09EA	0x0012      	RETURN      0
; end of _init_interrupts
_init_adc:
;SenaiInterruptsProject.c,136 :: 		void init_adc(){
;SenaiInterruptsProject.c,137 :: 		ADC_init();
0x09EC	0xDE41      	RCALL       _ADC_Init
;SenaiInterruptsProject.c,139 :: 		}
L_end_init_adc:
0x09EE	0x0012      	RETURN      0
; end of _init_adc
_update_screen:
;SenaiInterruptsProject.c,153 :: 		void update_screen(){
;SenaiInterruptsProject.c,154 :: 		lcd_cmd(_LCD_CLEAR);
0x09F0	0x0E01      	MOVLW       1
0x09F2	0x0100      	MOVLB       0
0x09F4	0x6FDB      	MOVWF       FARG_Lcd_Cmd_out_char, 1
0x09F6	0xF000EC7B  	CALL        _Lcd_Cmd, 0
;SenaiInterruptsProject.c,155 :: 		current_screen = next_screen;
0x09FA	0xF0B5C0B7  	MOVFF       _next_screen, _current_screen
0x09FE	0xF0B6C0B8  	MOVFF       _next_screen+1, _current_screen+1
;SenaiInterruptsProject.c,157 :: 		lcd_out(1,1,screens[current_screen].message1);
0x0A02	0x0E01      	MOVLW       1
0x0A04	0x6FD5      	MOVWF       FARG_Lcd_Out_row, 1
0x0A06	0x0E01      	MOVLW       1
0x0A08	0x6FD6      	MOVWF       FARG_Lcd_Out_column, 1
0x0A0A	0x0E24      	MOVLW       36
0x0A0C	0x6E00      	MOVWF       R0 
0x0A0E	0x0E00      	MOVLW       0
0x0A10	0x6E01      	MOVWF       R1 
0x0A12	0xF004C0B7  	MOVFF       _next_screen, R4
0x0A16	0xF005C0B8  	MOVFF       _next_screen+1, R5
0x0A1A	0xDC35      	RCALL       _Mul_16X16_U
0x0A1C	0x0E25      	MOVLW       _screens
0x0A1E	0x2400      	ADDWF       R0, 0 
0x0A20	0x6FD7      	MOVWF       FARG_Lcd_Out_text, 1
0x0A22	0x0E00      	MOVLW       hi_addr(_screens)
0x0A24	0x2001      	ADDWFC      R1, 0 
0x0A26	0x6FD8      	MOVWF       FARG_Lcd_Out_text+1, 1
0x0A28	0xDE90      	RCALL       _Lcd_Out
;SenaiInterruptsProject.c,158 :: 		lcd_out(2,1,screens[current_screen].message2);
0x0A2A	0x0E02      	MOVLW       2
0x0A2C	0x6FD5      	MOVWF       FARG_Lcd_Out_row, 1
0x0A2E	0x0E01      	MOVLW       1
0x0A30	0x6FD6      	MOVWF       FARG_Lcd_Out_column, 1
0x0A32	0x0E24      	MOVLW       36
0x0A34	0x6E00      	MOVWF       R0 
0x0A36	0x0E00      	MOVLW       0
0x0A38	0x6E01      	MOVWF       R1 
0x0A3A	0xF004C0B5  	MOVFF       _current_screen, R4
0x0A3E	0xF005C0B6  	MOVFF       _current_screen+1, R5
0x0A42	0xDC21      	RCALL       _Mul_16X16_U
0x0A44	0x0E25      	MOVLW       _screens
0x0A46	0x2400      	ADDWF       R0, 0 
0x0A48	0x6FD7      	MOVWF       FARG_Lcd_Out_text, 1
0x0A4A	0x0E00      	MOVLW       hi_addr(_screens)
0x0A4C	0x2001      	ADDWFC      R1, 0 
0x0A4E	0x6FD8      	MOVWF       FARG_Lcd_Out_text+1, 1
0x0A50	0x0E10      	MOVLW       16
0x0A52	0x27D7      	ADDWF       FARG_Lcd_Out_text, 1, 1
0x0A54	0x0E00      	MOVLW       0
0x0A56	0x23D8      	ADDWFC      FARG_Lcd_Out_text+1, 1, 1
0x0A58	0xDE78      	RCALL       _Lcd_Out
;SenaiInterruptsProject.c,159 :: 		LATA &= 0x01;
0x0A5A	0x0E01      	MOVLW       1
0x0A5C	0x1689      	ANDWF       LATA, 1 
;SenaiInterruptsProject.c,160 :: 		LATA |= screens[current_screen].led_color;
0x0A5E	0x0E24      	MOVLW       36
0x0A60	0x6E00      	MOVWF       R0 
0x0A62	0x0E00      	MOVLW       0
0x0A64	0x6E01      	MOVWF       R1 
0x0A66	0xF004C0B5  	MOVFF       _current_screen, R4
0x0A6A	0xF005C0B6  	MOVFF       _current_screen+1, R5
0x0A6E	0xDC0B      	RCALL       _Mul_16X16_U
0x0A70	0x0E25      	MOVLW       _screens
0x0A72	0x2600      	ADDWF       R0, 1 
0x0A74	0x0E00      	MOVLW       hi_addr(_screens)
0x0A76	0x2201      	ADDWFC      R1, 1 
0x0A78	0x0E20      	MOVLW       32
0x0A7A	0x2400      	ADDWF       R0, 0 
0x0A7C	0x6ED9      	MOVWF       FSR2L 
0x0A7E	0x0E00      	MOVLW       0
0x0A80	0x2001      	ADDWFC      R1, 0 
0x0A82	0x6EDA      	MOVWF       FSR2L+1 
0x0A84	0x50DE      	MOVF        POSTINC2, 0 
0x0A86	0x1289      	IORWF       LATA, 1 
;SenaiInterruptsProject.c,161 :: 		adc_enabled = screens[current_screen].ADC;
0x0A88	0x0E22      	MOVLW       34
0x0A8A	0x2400      	ADDWF       R0, 0 
0x0A8C	0x6EE9      	MOVWF       FSR0L 
0x0A8E	0x0E00      	MOVLW       0
0x0A90	0x2001      	ADDWFC      R1, 0 
0x0A92	0x6EEA      	MOVWF       FSR0L+1 
0x0A94	0xF021CFEE  	MOVFF       POSTINC0, _adc_enabled
0x0A98	0xF022CFEE  	MOVFF       POSTINC0, _adc_enabled+1
;SenaiInterruptsProject.c,163 :: 		}
L_end_update_screen:
0x0A9C	0x0012      	RETURN      0
; end of _update_screen
_main:
0x0A9E	0xF006EC08  	CALL        3088, 0
;SenaiInterruptsProject.c,76 :: 		void main() {
;SenaiInterruptsProject.c,77 :: 		ADCON1 |= 0x0E; //adicionar no somente no picsimlab
0x0AA2	0x0E0E      	MOVLW       14
0x0AA4	0x12C1      	IORWF       ADCON1, 1 
;SenaiInterruptsProject.c,78 :: 		TRISB  |= 0x01;
0x0AA6	0x8093      	BSF         TRISB, 0 
;SenaiInterruptsProject.c,79 :: 		TRISA  |= 0x01; //RA0 - AN0
0x0AA8	0x8092      	BSF         TRISA, 0 
;SenaiInterruptsProject.c,80 :: 		TRISA  &= 0xF1; //RGB led
0x0AAA	0x0EF1      	MOVLW       241
0x0AAC	0x1692      	ANDWF       TRISA, 1 
;SenaiInterruptsProject.c,81 :: 		LATA   &= 0xF8;
0x0AAE	0x0EF8      	MOVLW       248
0x0AB0	0x1689      	ANDWF       LATA, 1 
;SenaiInterruptsProject.c,82 :: 		init_lcd();
0x0AB2	0xDF0F      	RCALL       _init_lcd
;SenaiInterruptsProject.c,83 :: 		init_adc();
0x0AB4	0xDF9B      	RCALL       _init_adc
;SenaiInterruptsProject.c,84 :: 		init_interrupts();
0x0AB6	0xDF95      	RCALL       _init_interrupts
;SenaiInterruptsProject.c,85 :: 		delay_ms(10);
0x0AB8	0x0E41      	MOVLW       65
0x0ABA	0x6E0C      	MOVWF       R12, 0
0x0ABC	0x0EEE      	MOVLW       238
0x0ABE	0x6E0D      	MOVWF       R13, 0
L_main1:
0x0AC0	0x2E0D      	DECFSZ      R13, 1, 0
0x0AC2	0xD7FE      	BRA         L_main1
0x0AC4	0x2E0C      	DECFSZ      R12, 1, 0
0x0AC6	0xD7FC      	BRA         L_main1
0x0AC8	0x0000      	NOP
;SenaiInterruptsProject.c,87 :: 		for(;;){ //main loop
L_main2:
;SenaiInterruptsProject.c,88 :: 		if(!INTCON.INT0E){ //DEBOUNCE
0x0ACA	0xB8F2      	BTFSC       INTCON, 4 
0x0ACC	0xD012      	BRA         L_main5
;SenaiInterruptsProject.c,89 :: 		delay_ms(150);
0x0ACE	0x0E04      	MOVLW       4
0x0AD0	0x6E0B      	MOVWF       R11, 0
0x0AD2	0x0ECF      	MOVLW       207
0x0AD4	0x6E0C      	MOVWF       R12, 0
0x0AD6	0x0E01      	MOVLW       1
0x0AD8	0x6E0D      	MOVWF       R13, 0
L_main6:
0x0ADA	0x2E0D      	DECFSZ      R13, 1, 0
0x0ADC	0xD7FE      	BRA         L_main6
0x0ADE	0x2E0C      	DECFSZ      R12, 1, 0
0x0AE0	0xD7FC      	BRA         L_main6
0x0AE2	0x2E0B      	DECFSZ      R11, 1, 0
0x0AE4	0xD7FA      	BRA         L_main6
0x0AE6	0x0000      	NOP
0x0AE8	0x0000      	NOP
;SenaiInterruptsProject.c,90 :: 		if(!PORTB.RB0){
0x0AEA	0xB081      	BTFSC       PORTB, 0 
0x0AEC	0xD002      	BRA         L_main7
;SenaiInterruptsProject.c,91 :: 		INTCON.INT0F = 0;
0x0AEE	0x92F2      	BCF         INTCON, 1 
;SenaiInterruptsProject.c,92 :: 		INTCON.INT0E = 1;
0x0AF0	0x88F2      	BSF         INTCON, 4 
;SenaiInterruptsProject.c,93 :: 		}
L_main7:
;SenaiInterruptsProject.c,94 :: 		}
L_main5:
;SenaiInterruptsProject.c,96 :: 		if(current_screen != next_screen){
0x0AF2	0x51B6      	MOVF        _current_screen+1, 0, 1
0x0AF4	0x19B8      	XORWF       _next_screen+1, 0, 1
0x0AF6	0xE102      	BNZ         L__main19
0x0AF8	0x51B7      	MOVF        _next_screen, 0, 1
0x0AFA	0x19B5      	XORWF       _current_screen, 0, 1
L__main19:
0x0AFC	0xE001      	BZ          L_main8
;SenaiInterruptsProject.c,97 :: 		update_screen();
0x0AFE	0xDF78      	RCALL       _update_screen
;SenaiInterruptsProject.c,98 :: 		}
L_main8:
;SenaiInterruptsProject.c,100 :: 		if(adc_enabled){
0x0B00	0x5021      	MOVF        _adc_enabled, 0 
0x0B02	0x1022      	IORWF       _adc_enabled+1, 0 
0x0B04	0xE035      	BZ          L_main9
;SenaiInterruptsProject.c,101 :: 		adc_reading = ADC_read(ADC_CHANNEl);
0x0B06	0x6BCB      	CLRF        FARG_ADC_Read_channel, 1
0x0B08	0xDE7F      	RCALL       _ADC_Read
0x0B0A	0xF023C000  	MOVFF       R0, _adc_reading
0x0B0E	0xF024C001  	MOVFF       R1, _adc_reading+1
;SenaiInterruptsProject.c,102 :: 		adc_reading_mapped = map(adc_reading);
0x0B12	0xF0CBC000  	MOVFF       R0, FARG_map_value
0x0B16	0xF0CCC001  	MOVFF       R1, FARG_map_value+1
0x0B1A	0xDE56      	RCALL       _map
0x0B1C	0xDEF9      	RCALL       _double2int
0x0B1E	0xF0BAC000  	MOVFF       R0, _adc_reading_mapped
0x0B22	0xF0BBC001  	MOVFF       R1, _adc_reading_mapped+1
;SenaiInterruptsProject.c,103 :: 		adc_reading = adc_reading_mapped;
0x0B26	0xF023C000  	MOVFF       R0, _adc_reading
0x0B2A	0xF024C001  	MOVFF       R1, _adc_reading+1
;SenaiInterruptsProject.c,106 :: 		convert_int_to_str(adc_reading,adc_txt);
0x0B2E	0xF0CBC000  	MOVFF       R0, FARG_convert_int_to_str_fromInt
0x0B32	0xF0CCC001  	MOVFF       R1, FARG_convert_int_to_str_fromInt+1
0x0B36	0x0EC1      	MOVLW       _adc_txt
0x0B38	0x0100      	MOVLB       0
0x0B3A	0x6FCD      	MOVWF       FARG_convert_int_to_str_toStr, 1
0x0B3C	0x0E00      	MOVLW       hi_addr(_adc_txt)
0x0B3E	0x6FCE      	MOVWF       FARG_convert_int_to_str_toStr+1, 1
0x0B40	0xDE83      	RCALL       _convert_int_to_str
;SenaiInterruptsProject.c,107 :: 		lcd_out(2,10,adc_txt);
0x0B42	0x0E02      	MOVLW       2
0x0B44	0x6FD5      	MOVWF       FARG_Lcd_Out_row, 1
0x0B46	0x0E0A      	MOVLW       10
0x0B48	0x6FD6      	MOVWF       FARG_Lcd_Out_column, 1
0x0B4A	0x0EC1      	MOVLW       _adc_txt
0x0B4C	0x6FD7      	MOVWF       FARG_Lcd_Out_text, 1
0x0B4E	0x0E00      	MOVLW       hi_addr(_adc_txt)
0x0B50	0x6FD8      	MOVWF       FARG_Lcd_Out_text+1, 1
0x0B52	0xDDFB      	RCALL       _Lcd_Out
;SenaiInterruptsProject.c,108 :: 		delay_ms(200);
0x0B54	0x0E06      	MOVLW       6
0x0B56	0x6E0B      	MOVWF       R11, 0
0x0B58	0x0E13      	MOVLW       19
0x0B5A	0x6E0C      	MOVWF       R12, 0
0x0B5C	0x0EAD      	MOVLW       173
0x0B5E	0x6E0D      	MOVWF       R13, 0
L_main10:
0x0B60	0x2E0D      	DECFSZ      R13, 1, 0
0x0B62	0xD7FE      	BRA         L_main10
0x0B64	0x2E0C      	DECFSZ      R12, 1, 0
0x0B66	0xD7FC      	BRA         L_main10
0x0B68	0x2E0B      	DECFSZ      R11, 1, 0
0x0B6A	0xD7FA      	BRA         L_main10
0x0B6C	0x0000      	NOP
0x0B6E	0x0000      	NOP
;SenaiInterruptsProject.c,109 :: 		}
L_main9:
;SenaiInterruptsProject.c,111 :: 		}
0x0B70	0xD7AC      	BRA         L_main2
;SenaiInterruptsProject.c,113 :: 		}
L_end_main:
0x0B72	0xD7FF      	BRA         $+0
; end of _main
0x0C10	0xF021EE10  	LFSR        1, 33
0x0C14	0x0E9B      	MOVLW       155
0x0C16	0x6E00      	MOVWF       R0 
0x0C18	0x0E01      	MOVLW       1
0x0C1A	0x6E01      	MOVWF       R1 
0x0C1C	0x0E74      	MOVLW       116
0x0C1E	0x6EF6      	MOVWF       4086 
0x0C20	0x0E0B      	MOVLW       11
0x0C22	0x6EF7      	MOVWF       TBLPTRH 
0x0C24	0x0E00      	MOVLW       0
0x0C26	0x6EF8      	MOVWF       TBLPTRU 
0x0C28	0xF003ECFC  	CALL        2040, 0
0x0C2C	0x0012      	RETURN      0
;SenaiInterruptsProject.c,0 :: ?ICS_adc_enabled
0x0B74	0x0000 ;?ICS_adc_enabled+0
; end of ?ICS_adc_enabled
;SenaiInterruptsProject.c,0 :: ?ICS_adc_reading
0x0B76	0x0000 ;?ICS_adc_reading+0
; end of ?ICS_adc_reading
;SenaiInterruptsProject.c,0 :: ?ICS_screens
0x0B78	0x4554 ;?ICS_screens+0
0x0B7A	0x414C ;?ICS_screens+2
0x0B7C	0x3120 ;?ICS_screens+4
0x0B7E	0x0020 ;?ICS_screens+6
0x0B80	0x0000 ;?ICS_screens+8
0x0B82	0x0000 ;?ICS_screens+10
0x0B84	0x0000 ;?ICS_screens+12
0x0B86	0x0000 ;?ICS_screens+14
0x0B88	0x454C ;?ICS_screens+16
0x0B8A	0x2044 ;?ICS_screens+18
0x0B8C	0x4556 ;?ICS_screens+20
0x0B8E	0x4D52 ;?ICS_screens+22
0x0B90	0x4C45 ;?ICS_screens+24
0x0B92	0x4148 ;?ICS_screens+26
0x0B94	0x0000 ;?ICS_screens+28
0x0B96	0x0000 ;?ICS_screens+30
0x0B98	0x0002 ;?ICS_screens+32
0x0B9A	0x0000 ;?ICS_screens+34
0x0B9C	0x4554 ;?ICS_screens+36
0x0B9E	0x414C ;?ICS_screens+38
0x0BA0	0x3220 ;?ICS_screens+40
0x0BA2	0x0020 ;?ICS_screens+42
0x0BA4	0x0000 ;?ICS_screens+44
0x0BA6	0x0000 ;?ICS_screens+46
0x0BA8	0x0000 ;?ICS_screens+48
0x0BAA	0x0000 ;?ICS_screens+50
0x0BAC	0x454C ;?ICS_screens+52
0x0BAE	0x2044 ;?ICS_screens+54
0x0BB0	0x4556 ;?ICS_screens+56
0x0BB2	0x4452 ;?ICS_screens+58
0x0BB4	0x0045 ;?ICS_screens+60
0x0BB6	0x0000 ;?ICS_screens+62
0x0BB8	0x0000 ;?ICS_screens+64
0x0BBA	0x0000 ;?ICS_screens+66
0x0BBC	0x0004 ;?ICS_screens+68
0x0BBE	0x0000 ;?ICS_screens+70
0x0BC0	0x4554 ;?ICS_screens+72
0x0BC2	0x414C ;?ICS_screens+74
0x0BC4	0x3320 ;?ICS_screens+76
0x0BC6	0x0020 ;?ICS_screens+78
0x0BC8	0x0000 ;?ICS_screens+80
0x0BCA	0x0000 ;?ICS_screens+82
0x0BCC	0x0000 ;?ICS_screens+84
0x0BCE	0x0000 ;?ICS_screens+86
0x0BD0	0x454C ;?ICS_screens+88
0x0BD2	0x2044 ;?ICS_screens+90
0x0BD4	0x5A41 ;?ICS_screens+92
0x0BD6	0x4C55 ;?ICS_screens+94
0x0BD8	0x0000 ;?ICS_screens+96
0x0BDA	0x0000 ;?ICS_screens+98
0x0BDC	0x0000 ;?ICS_screens+100
0x0BDE	0x0000 ;?ICS_screens+102
0x0BE0	0x0008 ;?ICS_screens+104
0x0BE2	0x0000 ;?ICS_screens+106
0x0BE4	0x4554 ;?ICS_screens+108
0x0BE6	0x414C ;?ICS_screens+110
0x0BE8	0x3420 ;?ICS_screens+112
0x0BEA	0x2D20 ;?ICS_screens+114
0x0BEC	0x4120 ;?ICS_screens+116
0x0BEE	0x4344 ;?ICS_screens+118
0x0BF0	0x0020 ;?ICS_screens+120
0x0BF2	0x0000 ;?ICS_screens+122
0x0BF4	0x454C ;?ICS_screens+124
0x0BF6	0x5449 ;?ICS_screens+126
0x0BF8	0x5255 ;?ICS_screens+128
0x0BFA	0x3A41 ;?ICS_screens+130
0x0BFC	0x0020 ;?ICS_screens+132
0x0BFE	0x0000 ;?ICS_screens+134
0x0C00	0x0000 ;?ICS_screens+136
0x0C02	0x0000 ;?ICS_screens+138
0x0C04	0x000A ;?ICS_screens+140
0x0C06	0x0001 ;?ICS_screens+142
; end of ?ICS_screens
;SenaiInterruptsProject.c,0 :: ?ICS_current_screen
0x0C08	0xFFFF ;?ICS_current_screen+0
; end of ?ICS_current_screen
;SenaiInterruptsProject.c,0 :: ?ICS_next_screen
0x0C0A	0x0000 ;?ICS_next_screen+0
; end of ?ICS_next_screen
;__Lib_ADC_A_D.c,0 :: ?ICS_vref_mask
0x0C0C	0x30 ;?ICS_vref_mask+0
; end of ?ICS_vref_mask
;SenaiInterruptsProject.c,0 :: ?ICS_adc_reading_mapped
0x0C0D	0x0000 ;?ICS_adc_reading_mapped+0
; end of ?ICS_adc_reading_mapped
Symbol List:
//** Routines locations **
//ADDRESS    SIZE    PROCEDURE
//----------------------------------------------
0x0008     [160]    _interrupt
0x00A8      [12]    _Delay_1us
0x00B4      [22]    _Delay_5500us
0x00CA      [10]    _Delay_50us
0x00D4      [26]    _SETFUN32
0x00EE       [8]    _FIXSIGN32
0x00F6     [126]    _Lcd_Cmd
0x0174      [14]    _RES032
0x0182     [114]    _NRM3232
0x01F4      [14]    _Lcd_Chr_CP
0x0202      [24]    _SETFOV32
0x021A       [8]    _SETFDZ32
0x0222      [88]    _Div_16x16_S_L
0x027A      [12]    _Delay_22us
0x0286      [80]    _Mul_16X16_U
0x02D6      [64]    _int2double
0x0316     [288]    _Mul_32x32_FP
0x0436     [198]    _Div_16x16_S
0x04FC     [372]    _Div_32x32_FP
0x0670      [38]    _ADC_Init
0x0696     [152]    _Lcd_Init
0x072E      [28]    _SETIOV3224
0x074A     [126]    _Lcd_Out
0x07C8      [48]    _map
0x07F8      [16]    ___CC2DW
0x0808      [64]    _ADC_Read
0x0848     [138]    _convert_int_to_str
0x08D2      [62]    _init_lcd
0x0910     [210]    _double2int
0x09E2      [10]    _init_interrupts
0x09EC       [4]    _init_adc
0x09F0     [174]    _update_screen
0x0A9E     [214]    _main
//** Variables locations ** 
//ADDRESS    SIZE    VARIABLE
//----------------------------------------------
0x0000       [1]    R0
0x0001       [1]    R1
0x0002       [1]    R2
0x0003       [1]    R3
0x0004       [1]    R4
0x0005       [1]    R5
0x0006       [1]    R6
0x0007       [1]    R7
0x0008       [1]    R8
0x0009       [1]    R9
0x000A       [1]    R10
0x000B       [1]    R11
0x000C       [1]    R12
0x000D       [1]    R13
0x000E       [1]    R14
0x000F       [1]    R15
0x0010       [1]    R16
0x0011       [1]    R17
0x0012       [1]    R18
0x0013       [1]    R19
0x0014       [1]    R20
0x0021       [2]    _adc_enabled
0x0023       [2]    _adc_reading
0x0025     [144]    _screens
0x00B5       [2]    _current_screen
0x00B7       [2]    _next_screen
0x00B9       [1]    _vref_mask
0x00BA       [2]    _adc_reading_mapped
0x00BC       [0]    __Lib_Lcd_cmd_status
0x00BD       [4]    _ADC_Get_Sample_Ptr
0x00C1      [10]    _adc_txt
0x00CB       [2]    FARG_map_value
0x00CB       [1]    FARG_ADC_Read_channel
0x00CB       [2]    FARG_convert_int_to_str_fromInt
0x00CD       [2]    FARG_convert_int_to_str_toStr
0x00CF       [2]    convert_int_to_str_num_L0
0x00D1       [2]    convert_int_to_str_index_L0
0x00D3       [2]    FLOC__convert_int_to_str
0x00D5       [1]    FARG_Lcd_Out_row
0x00D6       [1]    FARG_Lcd_Out_column
0x00D7       [2]    FARG_Lcd_Out_text
0x00D9       [1]    Lcd_Out_i_L0
0x00DA       [1]    FARG_Lcd_Chr_CP_out_char
0x00DB       [1]    FARG_Lcd_Cmd_out_char
0x0F81       [1]    PORTB
0x0F83       [0]    RD5_bit
0x0F83       [0]    LCD_D7
0x0F83       [0]    RD6_bit
0x0F83       [0]    RD7_bit
0x0F83       [0]    RD4_bit
0x0F83       [0]    LCD_D6
0x0F83       [0]    LCD_D5
0x0F83       [0]    LCD_D4
0x0F84       [0]    LCD_EN
0x0F84       [0]    LCD_RS
0x0F84       [0]    RE2_bit
0x0F84       [0]    RE0_bit
0x0F89       [1]    LATA
0x0F8D       [1]    LATE
0x0F92       [1]    TRISA
0x0F93       [1]    TRISB
0x0F95       [0]    LCD_D5_Direction
0x0F95       [0]    LCD_D4_Direction
0x0F95       [0]    LCD_D7_Direction
0x0F95       [0]    LCD_D6_Direction
0x0F95       [0]    TRISD6_bit
0x0F95       [0]    TRISD4_bit
0x0F95       [0]    TRISD5_bit
0x0F95       [0]    TRISD7_bit
0x0F96       [1]    TRISE
0x0F96       [0]    TRISE0_bit
0x0F96       [0]    LCD_RS_Direction
0x0F96       [0]    LCD_EN_Direction
0x0F96       [0]    TRISE2_bit
0x0FC0       [1]    ADCON2
0x0FC1       [1]    ADCON1
0x0FC2       [1]    ADCON0
0x0FC3       [1]    ADRESL
0x0FC4       [1]    ADRESH
0x0FD8       [1]    STATUS
0x0FD9       [1]    FSR2L
0x0FDA       [1]    FSR2H
0x0FDE       [1]    POSTINC2
0x0FE0       [1]    BSR
0x0FE1       [1]    FSR1L
0x0FE2       [1]    FSR1H
0x0FE4       [1]    PREINC1
0x0FE6       [1]    POSTINC1
0x0FE7       [1]    INDF1
0x0FE8       [1]    WREG
0x0FE9       [1]    FSR0L
0x0FEA       [1]    FSR0H
0x0FEE       [1]    POSTINC0
0x0FF1       [1]    INTCON2
0x0FF2       [1]    INTCON
0x0FF3       [1]    PRODL
0x0FF4       [1]    PRODH
0x0FF5       [1]    TABLAT
0x0FF6       [1]    TBLPTRL
0x0FF7       [1]    TBLPTRH
0x0FF8       [1]    TBLPTRU
//** Constants locations ** 
//ADDRESS    SIZE    CONSTANT
//----------------------------------------------
0x0B74       [2]    ?ICS_adc_enabled
0x0B76       [2]    ?ICS_adc_reading
0x0B78     [144]    ?ICS_screens
0x0C08       [2]    ?ICS_current_screen
0x0C0A       [2]    ?ICS_next_screen
0x0C0C       [1]    ?ICS_vref_mask
0x0C0D       [2]    ?ICS_adc_reading_mapped
